<!DOCTYPE html>
<html>
  <head>
    <meta charset="utf-8"/>
    <title>Test Report</title>
    <link href="assets/style.css" rel="stylesheet" type="text/css"/></head>
  <body onLoad="init()">
    <script>/* This Source Code Form is subject to the terms of the Mozilla Public
 * License, v. 2.0. If a copy of the MPL was not distributed with this file,
 * You can obtain one at http://mozilla.org/MPL/2.0/. */


function toArray(iter) {
    if (iter === null) {
        return null;
    }
    return Array.prototype.slice.call(iter);
}

function find(selector, elem) {
    if (!elem) {
        elem = document;
    }
    return elem.querySelector(selector);
}

function find_all(selector, elem) {
    if (!elem) {
        elem = document;
    }
    return toArray(elem.querySelectorAll(selector));
}

function sort_column(elem) {
    toggle_sort_states(elem);
    var colIndex = toArray(elem.parentNode.childNodes).indexOf(elem);
    var key;
    if (elem.classList.contains('numeric')) {
        key = key_num;
    } else if (elem.classList.contains('result')) {
        key = key_result;
    } else {
        key = key_alpha;
    }
    sort_table(elem, key(colIndex));
}

function show_all_extras() {
    find_all('.col-result').forEach(show_extras);
}

function hide_all_extras() {
    find_all('.col-result').forEach(hide_extras);
}

function show_extras(colresult_elem) {
    var extras = colresult_elem.parentNode.nextElementSibling;
    var expandcollapse = colresult_elem.firstElementChild;
    extras.classList.remove("collapsed");
    expandcollapse.classList.remove("expander");
    expandcollapse.classList.add("collapser");
}

function hide_extras(colresult_elem) {
    var extras = colresult_elem.parentNode.nextElementSibling;
    var expandcollapse = colresult_elem.firstElementChild;
    extras.classList.add("collapsed");
    expandcollapse.classList.remove("collapser");
    expandcollapse.classList.add("expander");
}

function show_filters() {
    var filter_items = document.getElementsByClassName('filter');
    for (var i = 0; i < filter_items.length; i++)
        filter_items[i].hidden = false;
}

function add_collapse() {
    // Add links for show/hide all
    var resulttable = find('table#results-table');
    var showhideall = document.createElement("p");
    showhideall.innerHTML = '<a href="javascript:show_all_extras()">Show all details</a> / ' +
                            '<a href="javascript:hide_all_extras()">Hide all details</a>';
    resulttable.parentElement.insertBefore(showhideall, resulttable);

    // Add show/hide link to each result
    find_all('.col-result').forEach(function(elem) {
        var collapsed = get_query_parameter('collapsed') || 'Passed';
        var extras = elem.parentNode.nextElementSibling;
        var expandcollapse = document.createElement("span");
        if (collapsed.includes(elem.innerHTML)) {
            extras.classList.add("collapsed");
            expandcollapse.classList.add("expander");
        } else {
            expandcollapse.classList.add("collapser");
        }
        elem.appendChild(expandcollapse);

        elem.addEventListener("click", function(event) {
            if (event.currentTarget.parentNode.nextElementSibling.classList.contains("collapsed")) {
                show_extras(event.currentTarget);
            } else {
                hide_extras(event.currentTarget);
            }
        });
    })
}

function get_query_parameter(name) {
    var match = RegExp('[?&]' + name + '=([^&]*)').exec(window.location.search);
    return match && decodeURIComponent(match[1].replace(/\+/g, ' '));
}

function init () {
    reset_sort_headers();

    add_collapse();

    show_filters();

    toggle_sort_states(find('.initial-sort'));

    find_all('.sortable').forEach(function(elem) {
        elem.addEventListener("click",
                              function(event) {
                                  sort_column(elem);
                              }, false)
    });

};

function sort_table(clicked, key_func) {
    var rows = find_all('.results-table-row');
    var reversed = !clicked.classList.contains('asc');
    var sorted_rows = sort(rows, key_func, reversed);
    /* Whole table is removed here because browsers acts much slower
     * when appending existing elements.
     */
    var thead = document.getElementById("results-table-head");
    document.getElementById('results-table').remove();
    var parent = document.createElement("table");
    parent.id = "results-table";
    parent.appendChild(thead);
    sorted_rows.forEach(function(elem) {
        parent.appendChild(elem);
    });
    document.getElementsByTagName("BODY")[0].appendChild(parent);
}

function sort(items, key_func, reversed) {
    var sort_array = items.map(function(item, i) {
        return [key_func(item), i];
    });
    var multiplier = reversed ? -1 : 1;

    sort_array.sort(function(a, b) {
        var key_a = a[0];
        var key_b = b[0];
        return multiplier * (key_a >= key_b ? 1 : -1);
    });

    return sort_array.map(function(item) {
        var index = item[1];
        return items[index];
    });
}

function key_alpha(col_index) {
    return function(elem) {
        return elem.childNodes[1].childNodes[col_index].firstChild.data.toLowerCase();
    };
}

function key_num(col_index) {
    return function(elem) {
        return parseFloat(elem.childNodes[1].childNodes[col_index].firstChild.data);
    };
}

function key_result(col_index) {
    return function(elem) {
        var strings = ['Error', 'Failed', 'Rerun', 'XFailed', 'XPassed',
                       'Skipped', 'Passed'];
        return strings.indexOf(elem.childNodes[1].childNodes[col_index].firstChild.data);
    };
}

function reset_sort_headers() {
    find_all('.sort-icon').forEach(function(elem) {
        elem.parentNode.removeChild(elem);
    });
    find_all('.sortable').forEach(function(elem) {
        var icon = document.createElement("div");
        icon.className = "sort-icon";
        icon.textContent = "vvv";
        elem.insertBefore(icon, elem.firstChild);
        elem.classList.remove("desc", "active");
        elem.classList.add("asc", "inactive");
    });
}

function toggle_sort_states(elem) {
    //if active, toggle between asc and desc
    if (elem.classList.contains('active')) {
        elem.classList.toggle('asc');
        elem.classList.toggle('desc');
    }

    //if inactive, reset all other functions and add ascending active
    if (elem.classList.contains('inactive')) {
        reset_sort_headers();
        elem.classList.remove('inactive');
        elem.classList.add('active');
    }
}

function is_all_rows_hidden(value) {
  return value.hidden == false;
}

function filter_table(elem) {
    var outcome_att = "data-test-result";
    var outcome = elem.getAttribute(outcome_att);
    class_outcome = outcome + " results-table-row";
    var outcome_rows = document.getElementsByClassName(class_outcome);

    for(var i = 0; i < outcome_rows.length; i++){
        outcome_rows[i].hidden = !elem.checked;
    }

    var rows = find_all('.results-table-row').filter(is_all_rows_hidden);
    var all_rows_hidden = rows.length == 0 ? true : false;
    var not_found_message = document.getElementById("not-found-message");
    not_found_message.hidden = !all_rows_hidden;
}
</script>
    <h1>20181129_145319_report.html</h1>
    <p>Report generated on 29-Nov-2018 at 14:54:16 by<a href="https://pypi.python.org/pypi/pytest-html"> pytest-html</a> v1.19.0</p>
    <h2>Environment</h2>
    <table id="environment">
      <tr>
        <td>JAVA_HOME</td>
        <td>C:\Program Files (x86)\Java\jdk1.8.0_171</td></tr>
      <tr>
        <td>Packages</td>
        <td>{&apos;pytest&apos;: &apos;3.10.1&apos;, &apos;py&apos;: &apos;1.7.0&apos;, &apos;pluggy&apos;: &apos;0.8.0&apos;}</td></tr>
      <tr>
        <td>Platform</td>
        <td>Windows-10-10.0.17134-SP0</td></tr>
      <tr>
        <td>Plugins</td>
        <td>{&apos;rerunfailures&apos;: &apos;5.0&apos;, &apos;metadata&apos;: &apos;1.7.0&apos;, &apos;html&apos;: &apos;1.19.0&apos;}</td></tr>
      <tr>
        <td>Python</td>
        <td>3.6.1</td></tr></table>
    <h2>Summary</h2>
    <p>3 tests ran in 56.13 seconds. </p>
    <p class="filter" hidden="true">(Un)check the boxes to filter the results.</p><input checked="true" class="filter" data-test-result="passed" hidden="true" name="filter_checkbox" onChange="filter_table(this)" type="checkbox"/><span class="passed">2 passed</span>, <input checked="true" class="filter" data-test-result="skipped" disabled="true" hidden="true" name="filter_checkbox" onChange="filter_table(this)" type="checkbox"/><span class="skipped">0 skipped</span>, <input checked="true" class="filter" data-test-result="failed" hidden="true" name="filter_checkbox" onChange="filter_table(this)" type="checkbox"/><span class="failed">1 failed</span>, <input checked="true" class="filter" data-test-result="error" disabled="true" hidden="true" name="filter_checkbox" onChange="filter_table(this)" type="checkbox"/><span class="error">0 errors</span>, <input checked="true" class="filter" data-test-result="xfailed" disabled="true" hidden="true" name="filter_checkbox" onChange="filter_table(this)" type="checkbox"/><span class="xfailed">0 expected failures</span>, <input checked="true" class="filter" data-test-result="xpassed" disabled="true" hidden="true" name="filter_checkbox" onChange="filter_table(this)" type="checkbox"/><span class="xpassed">0 unexpected passes</span>, <input checked="true" class="filter" data-test-result="rerun" hidden="true" name="filter_checkbox" onChange="filter_table(this)" type="checkbox"/><span class="rerun">2 rerun</span>
    <h2>Results</h2>
    <table id="results-table">
      <thead id="results-table-head">
        <tr>
          <th class="sortable result initial-sort" col="result">Result</th>
          <th class="sortable" col="name">Test</th>
          <th class="sortable numeric" col="duration">Duration</th>
          <th>Links</th></tr>
        <tr hidden="true" id="not-found-message">
          <th colspan="4">No results found. Try to check the filters</th></tr></thead>
      <tbody class="failed results-table-row">
        <tr>
          <td class="col-result">Failed</td>
          <td class="col-name">TestCases/test_writeEmail.py::TestWriteEmail::()::test_send_text_Email_ok</td>
          <td class="col-duration">1.46</td>
          <td class="col-links"></td></tr>
        <tr>
          <td class="extra" colspan="4">
            <div class="log">self = &lt;TestCases.test_writeEmail.TestWriteEmail object at 0x000001739A644BE0&gt;<br/>init_writeEnv = &lt;selenium.webdriver.chrome.webdriver.WebDriver (session=&quot;1567ff84601504ed7bc4d5d91b5347d2&quot;)&gt;<br/><br/>    @pytest.mark.smoke<br/>    def test_send_text_Email_ok(self,init_writeEnv):<br/>        #步骤：发送邮件<br/>        WriteEmailPage(init_writeEnv).send_text_Email(send_textEmail_success[&#x27;receive&#x27;],send_textEmail_success[&#x27;subject&#x27;],send_textEmail_success[&#x27;Email_content&#x27;])<br/>        #断言：是否有发送成功的提示<br/>        try:<br/>&gt;           assert WriteEmailPage(init_writeEnv).get_sendSuccess_msg() == send_textEmail_success[&#x27;expected&#x27;]<br/><br/>TestCases\test_writeEmail.py:43: <br/>_ _ _ _ _ _ _ _ _ _ _ _ _ _ _ _ _ _ _ _ _ _ _ _ _ _ _ _ _ _ _ _ _ _ _ _ _ _ _ _<br/>PageObject\writeEmail_page.py:41: in get_sendSuccess_msg<br/>    return self.get_text(self.sendEmail_success_msg,model_name=name)<br/>Common\BasePage.py:119: in get_text<br/>    ele = self.find_ele(locator)<br/>Common\BasePage.py:27: in find_ele<br/>    return self.driver.find_element(*locator)<br/>D:\soft\Python3\lib\site-packages\selenium\webdriver\remote\webdriver.py:978: in find_element<br/>    &#x27;value&#x27;: value})[&#x27;value&#x27;]<br/>D:\soft\Python3\lib\site-packages\selenium\webdriver\remote\webdriver.py:321: in execute<br/>    self.error_handler.check_response(response)<br/>_ _ _ _ _ _ _ _ _ _ _ _ _ _ _ _ _ _ _ _ _ _ _ _ _ _ _ _ _ _ _ _ _ _ _ _ _ _ _ _<br/><br/>self = &lt;selenium.webdriver.remote.errorhandler.ErrorHandler object at 0x000001739A6442E8&gt;<br/>response = {&#x27;sessionId&#x27;: &#x27;1567ff84601504ed7bc4d5d91b5347d2&#x27;, &#x27;status&#x27;: 7, &#x27;value&#x27;: {&#x27;message&#x27;: &#x27;no such element: Unable to locate...ver info: chromedriver=2.43.600210 (68dcf5eebde37173d4027fa8635e332711d2874a),platform=Windows NT 10.0.17134 x86_64)&#x27;}}<br/><br/>    def check_response(self, response):<br/>        &quot;&quot;&quot;<br/>        Checks that a JSON response from the WebDriver does not have an error.<br/>    <br/>        :Args:<br/>         - response - The JSON response from the WebDriver server as a dictionary<br/>           object.<br/>    <br/>        :Raises: If the response contains an error message.<br/>        &quot;&quot;&quot;<br/>        status = response.get(&#x27;status&#x27;, None)<br/>        if status is None or status == ErrorCode.SUCCESS:<br/>            return<br/>        value = None<br/>        message = response.get(&quot;message&quot;, &quot;&quot;)<br/>        screen = response.get(&quot;screen&quot;, &quot;&quot;)<br/>        stacktrace = None<br/>        if isinstance(status, int):<br/>            value_json = response.get(&#x27;value&#x27;, None)<br/>            if value_json and isinstance(value_json, basestring):<br/>                import json<br/>                try:<br/>                    value = json.loads(value_json)<br/>                    if len(value.keys()) == 1:<br/>                        value = value[&#x27;value&#x27;]<br/>                    status = value.get(&#x27;error&#x27;, None)<br/>                    if status is None:<br/>                        status = value[&quot;status&quot;]<br/>                        message = value[&quot;value&quot;]<br/>                        if not isinstance(message, basestring):<br/>                            value = message<br/>                            message = message.get(&#x27;message&#x27;)<br/>                    else:<br/>                        message = value.get(&#x27;message&#x27;, None)<br/>                except ValueError:<br/>                    pass<br/>    <br/>        exception_class = ErrorInResponseException<br/>        if status in ErrorCode.NO_SUCH_ELEMENT:<br/>            exception_class = NoSuchElementException<br/>        elif status in ErrorCode.NO_SUCH_FRAME:<br/>            exception_class = NoSuchFrameException<br/>        elif status in ErrorCode.NO_SUCH_WINDOW:<br/>            exception_class = NoSuchWindowException<br/>        elif status in ErrorCode.STALE_ELEMENT_REFERENCE:<br/>            exception_class = StaleElementReferenceException<br/>        elif status in ErrorCode.ELEMENT_NOT_VISIBLE:<br/>            exception_class = ElementNotVisibleException<br/>        elif status in ErrorCode.INVALID_ELEMENT_STATE:<br/>            exception_class = InvalidElementStateException<br/>        elif status in ErrorCode.INVALID_SELECTOR \<br/>                or status in ErrorCode.INVALID_XPATH_SELECTOR \<br/>                or status in ErrorCode.INVALID_XPATH_SELECTOR_RETURN_TYPER:<br/>            exception_class = InvalidSelectorException<br/>        elif status in ErrorCode.ELEMENT_IS_NOT_SELECTABLE:<br/>            exception_class = ElementNotSelectableException<br/>        elif status in ErrorCode.ELEMENT_NOT_INTERACTABLE:<br/>            exception_class = ElementNotInteractableException<br/>        elif status in ErrorCode.INVALID_COOKIE_DOMAIN:<br/>            exception_class = InvalidCookieDomainException<br/>        elif status in ErrorCode.UNABLE_TO_SET_COOKIE:<br/>            exception_class = UnableToSetCookieException<br/>        elif status in ErrorCode.TIMEOUT:<br/>            exception_class = TimeoutException<br/>        elif status in ErrorCode.SCRIPT_TIMEOUT:<br/>            exception_class = TimeoutException<br/>        elif status in ErrorCode.UNKNOWN_ERROR:<br/>            exception_class = WebDriverException<br/>        elif status in ErrorCode.UNEXPECTED_ALERT_OPEN:<br/>            exception_class = UnexpectedAlertPresentException<br/>        elif status in ErrorCode.NO_ALERT_OPEN:<br/>            exception_class = NoAlertPresentException<br/>        elif status in ErrorCode.IME_NOT_AVAILABLE:<br/>            exception_class = ImeNotAvailableException<br/>        elif status in ErrorCode.IME_ENGINE_ACTIVATION_FAILED:<br/>            exception_class = ImeActivationFailedException<br/>        elif status in ErrorCode.MOVE_TARGET_OUT_OF_BOUNDS:<br/>            exception_class = MoveTargetOutOfBoundsException<br/>        elif status in ErrorCode.JAVASCRIPT_ERROR:<br/>            exception_class = JavascriptException<br/>        elif status in ErrorCode.SESSION_NOT_CREATED:<br/>            exception_class = SessionNotCreatedException<br/>        elif status in ErrorCode.INVALID_ARGUMENT:<br/>            exception_class = InvalidArgumentException<br/>        elif status in ErrorCode.NO_SUCH_COOKIE:<br/>            exception_class = NoSuchCookieException<br/>        elif status in ErrorCode.UNABLE_TO_CAPTURE_SCREEN:<br/>            exception_class = ScreenshotException<br/>        elif status in ErrorCode.ELEMENT_CLICK_INTERCEPTED:<br/>            exception_class = ElementClickInterceptedException<br/>        elif status in ErrorCode.INSECURE_CERTIFICATE:<br/>            exception_class = InsecureCertificateException<br/>        elif status in ErrorCode.INVALID_COORDINATES:<br/>            exception_class = InvalidCoordinatesException<br/>        elif status in ErrorCode.INVALID_SESSION_ID:<br/>            exception_class = InvalidSessionIdException<br/>        elif status in ErrorCode.UNKNOWN_METHOD:<br/>            exception_class = UnknownMethodException<br/>        else:<br/>            exception_class = WebDriverException<br/>        if value == &#x27;&#x27; or value is None:<br/>            value = response[&#x27;value&#x27;]<br/>        if isinstance(value, basestring):<br/>            if exception_class == ErrorInResponseException:<br/>                raise exception_class(response, value)<br/>            raise exception_class(value)<br/>        if message == &quot;&quot; and &#x27;message&#x27; in value:<br/>            message = value[&#x27;message&#x27;]<br/>    <br/>        screen = None<br/>        if &#x27;screen&#x27; in value:<br/>            screen = value[&#x27;screen&#x27;]<br/>    <br/>        stacktrace = None<br/>        if &#x27;stackTrace&#x27; in value and value[&#x27;stackTrace&#x27;]:<br/>            stacktrace = []<br/>            try:<br/>                for frame in value[&#x27;stackTrace&#x27;]:<br/>                    line = self._value_or_default(frame, &#x27;lineNumber&#x27;, &#x27;&#x27;)<br/>                    file = self._value_or_default(frame, &#x27;fileName&#x27;, &#x27;&lt;anonymous&gt;&#x27;)<br/>                    if line:<br/>                        file = &quot;%s:%s&quot; % (file, line)<br/>                    meth = self._value_or_default(frame, &#x27;methodName&#x27;, &#x27;&lt;anonymous&gt;&#x27;)<br/>                    if &#x27;className&#x27; in frame:<br/>                        meth = &quot;%s.%s&quot; % (frame[&#x27;className&#x27;], meth)<br/>                    msg = &quot;    at %s (%s)&quot;<br/>                    msg = msg % (meth, file)<br/>                    stacktrace.append(msg)<br/>            except TypeError:<br/>                pass<br/>        if exception_class == ErrorInResponseException:<br/>            raise exception_class(response, message)<br/>        elif exception_class == UnexpectedAlertPresentException:<br/>            alert_text = None<br/>            if &#x27;data&#x27; in value:<br/>                alert_text = value[&#x27;data&#x27;].get(&#x27;text&#x27;)<br/>            elif &#x27;alert&#x27; in value:<br/>                alert_text = value[&#x27;alert&#x27;].get(&#x27;text&#x27;)<br/>            raise exception_class(message, screen, stacktrace, alert_text)<br/>&gt;       raise exception_class(message, screen, stacktrace)<br/><span class="error">E       selenium.common.exceptions.NoSuchElementException: Message: no such element: Unable to locate element: {&quot;method&quot;:&quot;xpath&quot;,&quot;selector&quot;:&quot;//*[text()=&quot;发送成功&quot;]&quot;}</span><br/><span class="error">E         (Session info: headless chrome=70.0.3538.110)</span><br/><span class="error">E         (Driver info: chromedriver=2.43.600210 (68dcf5eebde37173d4027fa8635e332711d2874a),platform=Windows NT 10.0.17134 x86_64)</span><br/><br/>D:\soft\Python3\lib\site-packages\selenium\webdriver\remote\errorhandler.py:242: NoSuchElementException<br/>---------------------------- Captured stderr setup -----------------------------<br/> Thu, 29 Nov 2018 14:53:44  INFO BasePage.py find_ele [ line:26 ] 查找元素_
 Thu, 29 Nov 2018 14:53:45  INFO BasePage.py wait_iframe_and_switch_to_it [ line:91 ] 等待并且换到iframe-
 Thu, 29 Nov 2018 14:53:45  INFO BasePage.py wait_eleVisibility [ line:100 ] 等待登录页面-输入用户名密码中元素可见
 Thu, 29 Nov 2018 14:53:45  INFO BasePage.py find_ele [ line:26 ] 查找元素_
 Thu, 29 Nov 2018 14:53:45  INFO BasePage.py move_IntoView [ line:110 ] 将登录页面-输入用户名密码的元素移动到可见区域
 Thu, 29 Nov 2018 14:53:45  INFO BasePage.py find_ele [ line:26 ] 查找元素_登录页面-输入用户名密码
 Thu, 29 Nov 2018 14:53:45  INFO BasePage.py input_keys [ line:51 ] 登录页面-输入用户名密码-输入文本
 Thu, 29 Nov 2018 14:53:45  INFO BasePage.py find_ele [ line:26 ] 查找元素_登录页面-输入用户名密码
 Thu, 29 Nov 2018 14:53:45  INFO BasePage.py input_keys [ line:51 ] 登录页面-输入用户名密码-输入文本
 Thu, 29 Nov 2018 14:53:45  INFO BasePage.py find_ele [ line:26 ] 查找元素_
 Thu, 29 Nov 2018 14:53:45  INFO BasePage.py move_IntoView [ line:110 ] 将登录页面-点击登录button的元素移动到可见区域
 Thu, 29 Nov 2018 14:53:45  INFO BasePage.py find_ele [ line:26 ] 查找元素_
 Thu, 29 Nov 2018 14:53:45  INFO BasePage.py click_ele [ line:61 ] 登录页面-点击登录button-点击操作
 Thu, 29 Nov 2018 14:53:46  INFO BasePage.py wait_eleVisibility [ line:100 ] 等待进入写信页面中元素可见
 Thu, 29 Nov 2018 14:53:49  INFO BasePage.py find_ele [ line:26 ] 查找元素_
 Thu, 29 Nov 2018 14:53:49  INFO BasePage.py move_IntoView [ line:110 ] 将进入写信页面的元素移动到可见区域
 Thu, 29 Nov 2018 14:53:49  INFO BasePage.py find_ele [ line:26 ] 查找元素_
 Thu, 29 Nov 2018 14:53:49  INFO BasePage.py click_ele [ line:61 ] 进入写信页面-点击操作
------------------------------ Captured log setup ------------------------------<br/>BasePage.py                 26 INFO     查找元素_
BasePage.py                 91 INFO     等待并且换到iframe-
BasePage.py                100 INFO     等待登录页面-输入用户名密码中元素可见
BasePage.py                 26 INFO     查找元素_
BasePage.py                110 INFO     将登录页面-输入用户名密码的元素移动到可见区域
BasePage.py                 26 INFO     查找元素_登录页面-输入用户名密码
BasePage.py                 51 INFO     登录页面-输入用户名密码-输入文本
BasePage.py                 26 INFO     查找元素_登录页面-输入用户名密码
BasePage.py                 51 INFO     登录页面-输入用户名密码-输入文本
BasePage.py                 26 INFO     查找元素_
BasePage.py                110 INFO     将登录页面-点击登录button的元素移动到可见区域
BasePage.py                 26 INFO     查找元素_
BasePage.py                 61 INFO     登录页面-点击登录button-点击操作
BasePage.py                100 INFO     等待进入写信页面中元素可见
BasePage.py                 26 INFO     查找元素_
BasePage.py                110 INFO     将进入写信页面的元素移动到可见区域
BasePage.py                 26 INFO     查找元素_
BasePage.py                 61 INFO     进入写信页面-点击操作----------------------------- Captured stderr call -----------------------------<br/> Thu, 29 Nov 2018 14:53:49  INFO writeEmail_page.py send_text_Email [ line:23 ] 发送文本信息邮件
 Thu, 29 Nov 2018 14:53:49  INFO BasePage.py wait_eleVisibility [ line:100 ] 等待中元素可见
 Thu, 29 Nov 2018 14:53:49  INFO BasePage.py find_ele [ line:26 ] 查找元素_
 Thu, 29 Nov 2018 14:53:49  INFO BasePage.py input_keys [ line:51 ] -输入文本
 Thu, 29 Nov 2018 14:53:49  INFO BasePage.py find_ele [ line:26 ] 查找元素_
 Thu, 29 Nov 2018 14:53:49  INFO BasePage.py input_keys [ line:51 ] -输入文本
 Thu, 29 Nov 2018 14:53:50  INFO BasePage.py find_ele [ line:26 ] 查找元素_
 Thu, 29 Nov 2018 14:53:50  INFO BasePage.py wait_iframe_and_switch_to_it [ line:91 ] 等待并且换到iframe-发送文本信息邮件
 Thu, 29 Nov 2018 14:53:50  INFO BasePage.py find_ele [ line:26 ] 查找元素_
 Thu, 29 Nov 2018 14:53:50  INFO BasePage.py input_keys [ line:51 ] -输入文本
 Thu, 29 Nov 2018 14:53:50  INFO BasePage.py find_ele [ line:26 ] 查找元素_
 Thu, 29 Nov 2018 14:53:50  INFO BasePage.py click_ele [ line:61 ] 发送文本信息邮件-点击操作
 Thu, 29 Nov 2018 14:53:50  INFO writeEmail_page.py get_sendSuccess_msg [ line:40 ] 获取发送邮件成功的提示信息
 Thu, 29 Nov 2018 14:53:50  INFO BasePage.py find_ele [ line:26 ] 查找元素_
 Thu, 29 Nov 2018 14:53:50  ERROR BasePage.py find_ele [ line:29 ] 查找元素失败
Traceback (most recent call last):
  File &quot;D:\TestScript\web_163_mail\Common\BasePage.py&quot;, line 27, in find_ele
    return self.driver.find_element(*locator)
  File &quot;D:\soft\Python3\lib\site-packages\selenium\webdriver\remote\webdriver.py&quot;, line 978, in find_element
    &#x27;value&#x27;: value})[&#x27;value&#x27;]
  File &quot;D:\soft\Python3\lib\site-packages\selenium\webdriver\remote\webdriver.py&quot;, line 321, in execute
    self.error_handler.check_response(response)
  File &quot;D:\soft\Python3\lib\site-packages\selenium\webdriver\remote\errorhandler.py&quot;, line 242, in check_response
    raise exception_class(message, screen, stacktrace)
selenium.common.exceptions.NoSuchElementException: Message: no such element: Unable to locate element: {&quot;method&quot;:&quot;xpath&quot;,&quot;selector&quot;:&quot;//*[text()=&quot;发送成功&quot;]&quot;}
  (Session info: headless chrome=70.0.3538.110)
  (Driver info: chromedriver=2.43.600210 (68dcf5eebde37173d4027fa8635e332711d2874a),platform=Windows NT 10.0.17134 x86_64)

--- Logging error ---
Traceback (most recent call last):
  File &quot;D:\TestScript\web_163_mail\Common\BasePage.py&quot;, line 27, in find_ele
    return self.driver.find_element(*locator)
  File &quot;D:\soft\Python3\lib\site-packages\selenium\webdriver\remote\webdriver.py&quot;, line 978, in find_element
    &#x27;value&#x27;: value})[&#x27;value&#x27;]
  File &quot;D:\soft\Python3\lib\site-packages\selenium\webdriver\remote\webdriver.py&quot;, line 321, in execute
    self.error_handler.check_response(response)
  File &quot;D:\soft\Python3\lib\site-packages\selenium\webdriver\remote\errorhandler.py&quot;, line 242, in check_response
    raise exception_class(message, screen, stacktrace)
selenium.common.exceptions.NoSuchElementException: Message: no such element: Unable to locate element: {&quot;method&quot;:&quot;xpath&quot;,&quot;selector&quot;:&quot;//*[text()=&quot;发送成功&quot;]&quot;}
  (Session info: headless chrome=70.0.3538.110)
  (Driver info: chromedriver=2.43.600210 (68dcf5eebde37173d4027fa8635e332711d2874a),platform=Windows NT 10.0.17134 x86_64)


During handling of the above exception, another exception occurred:

Traceback (most recent call last):
  File &quot;D:\soft\Python3\lib\logging\__init__.py&quot;, line 992, in emit
    msg = self.format(record)
  File &quot;D:\soft\Python3\lib\logging\__init__.py&quot;, line 838, in format
    return fmt.format(record)
  File &quot;D:\soft\Python3\lib\logging\__init__.py&quot;, line 575, in format
    record.message = record.getMessage()
  File &quot;D:\soft\Python3\lib\logging\__init__.py&quot;, line 338, in getMessage
    msg = msg % self.args
TypeError: not all arguments converted during string formatting
Call stack:
  File &quot;D:/TestScript/web_163_mail/run.py&quot;, line 12, in &lt;module&gt;
    pytest.main([&quot;-m&quot;,&quot;smoke&quot;,&quot;--reruns&quot;,&quot;2&quot;,&quot;--html=Reports\\{0}_report.html&quot;.format(time.strftime(&quot;%Y%m%d_%H%M%S&quot;))])
  File &quot;D:\soft\Python3\lib\site-packages\_pytest\config\__init__.py&quot;, line 77, in main
    return config.hook.pytest_cmdline_main(config=config)
  File &quot;D:\soft\Python3\lib\site-packages\pluggy\hooks.py&quot;, line 284, in __call__
    return self._hookexec(self, self.get_hookimpls(), kwargs)
  File &quot;D:\soft\Python3\lib\site-packages\pluggy\manager.py&quot;, line 67, in _hookexec
    return self._inner_hookexec(hook, methods, kwargs)
  File &quot;D:\soft\Python3\lib\site-packages\pluggy\manager.py&quot;, line 61, in &lt;lambda&gt;
    firstresult=hook.spec.opts.get(&quot;firstresult&quot;) if hook.spec else False,
  File &quot;D:\soft\Python3\lib\site-packages\pluggy\callers.py&quot;, line 187, in _multicall
    res = hook_impl.function(*args)
  File &quot;D:\soft\Python3\lib\site-packages\_pytest\main.py&quot;, line 217, in pytest_cmdline_main
    return wrap_session(config, _main)
  File &quot;D:\soft\Python3\lib\site-packages\_pytest\main.py&quot;, line 184, in wrap_session
    session.exitstatus = doit(config, session) or 0
  File &quot;D:\soft\Python3\lib\site-packages\_pytest\main.py&quot;, line 224, in _main
    config.hook.pytest_runtestloop(session=session)
  File &quot;D:\soft\Python3\lib\site-packages\pluggy\hooks.py&quot;, line 284, in __call__
    return self._hookexec(self, self.get_hookimpls(), kwargs)
  File &quot;D:\soft\Python3\lib\site-packages\pluggy\manager.py&quot;, line 67, in _hookexec
    return self._inner_hookexec(hook, methods, kwargs)
  File &quot;D:\soft\Python3\lib\site-packages\pluggy\manager.py&quot;, line 61, in &lt;lambda&gt;
    firstresult=hook.spec.opts.get(&quot;firstresult&quot;) if hook.spec else False,
  File &quot;D:\soft\Python3\lib\site-packages\pluggy\callers.py&quot;, line 187, in _multicall
    res = hook_impl.function(*args)
  File &quot;D:\soft\Python3\lib\site-packages\_pytest\main.py&quot;, line 245, in pytest_runtestloop
    item.config.hook.pytest_runtest_protocol(item=item, nextitem=nextitem)
  File &quot;D:\soft\Python3\lib\site-packages\pluggy\hooks.py&quot;, line 284, in __call__
    return self._hookexec(self, self.get_hookimpls(), kwargs)
  File &quot;D:\soft\Python3\lib\site-packages\pluggy\manager.py&quot;, line 67, in _hookexec
    return self._inner_hookexec(hook, methods, kwargs)
  File &quot;D:\soft\Python3\lib\site-packages\pluggy\manager.py&quot;, line 61, in &lt;lambda&gt;
    firstresult=hook.spec.opts.get(&quot;firstresult&quot;) if hook.spec else False,
  File &quot;D:\soft\Python3\lib\site-packages\pluggy\callers.py&quot;, line 187, in _multicall
    res = hook_impl.function(*args)
  File &quot;D:\soft\Python3\lib\site-packages\pytest_rerunfailures.py&quot;, line 175, in pytest_runtest_protocol
    reports = runtestprotocol(item, nextitem=nextitem, log=False)
  File &quot;D:\soft\Python3\lib\site-packages\_pytest\runner.py&quot;, line 92, in runtestprotocol
    reports.append(call_and_report(item, &quot;call&quot;, log))
  File &quot;D:\soft\Python3\lib\site-packages\_pytest\runner.py&quot;, line 172, in call_and_report
    call = call_runtest_hook(item, when, **kwds)
  File &quot;D:\soft\Python3\lib\site-packages\_pytest\runner.py&quot;, line 196, in call_runtest_hook
    treat_keyboard_interrupt_as_exception=item.config.getvalue(&quot;usepdb&quot;),
  File &quot;D:\soft\Python3\lib\site-packages\_pytest\runner.py&quot;, line 212, in __init__
    self.result = func()
  File &quot;D:\soft\Python3\lib\site-packages\_pytest\runner.py&quot;, line 194, in &lt;lambda&gt;
    lambda: ihook(item=item, **kwds),
  File &quot;D:\soft\Python3\lib\site-packages\pluggy\hooks.py&quot;, line 284, in __call__
    return self._hookexec(self, self.get_hookimpls(), kwargs)
  File &quot;D:\soft\Python3\lib\site-packages\pluggy\manager.py&quot;, line 67, in _hookexec
    return self._inner_hookexec(hook, methods, kwargs)
  File &quot;D:\soft\Python3\lib\site-packages\pluggy\manager.py&quot;, line 61, in &lt;lambda&gt;
    firstresult=hook.spec.opts.get(&quot;firstresult&quot;) if hook.spec else False,
  File &quot;D:\soft\Python3\lib\site-packages\pluggy\callers.py&quot;, line 187, in _multicall
    res = hook_impl.function(*args)
  File &quot;D:\soft\Python3\lib\site-packages\_pytest\runner.py&quot;, line 122, in pytest_runtest_call
    item.runtest()
  File &quot;D:\soft\Python3\lib\site-packages\_pytest\python.py&quot;, line 1438, in runtest
    self.ihook.pytest_pyfunc_call(pyfuncitem=self)
  File &quot;D:\soft\Python3\lib\site-packages\pluggy\hooks.py&quot;, line 284, in __call__
    return self._hookexec(self, self.get_hookimpls(), kwargs)
  File &quot;D:\soft\Python3\lib\site-packages\pluggy\manager.py&quot;, line 67, in _hookexec
    return self._inner_hookexec(hook, methods, kwargs)
  File &quot;D:\soft\Python3\lib\site-packages\pluggy\manager.py&quot;, line 61, in &lt;lambda&gt;
    firstresult=hook.spec.opts.get(&quot;firstresult&quot;) if hook.spec else False,
  File &quot;D:\soft\Python3\lib\site-packages\pluggy\callers.py&quot;, line 187, in _multicall
    res = hook_impl.function(*args)
  File &quot;D:\soft\Python3\lib\site-packages\_pytest\python.py&quot;, line 166, in pytest_pyfunc_call
    testfunction(**testargs)
  File &quot;D:\TestScript\web_163_mail\TestCases\test_writeEmail.py&quot;, line 43, in test_send_text_Email_ok
    assert WriteEmailPage(init_writeEnv).get_sendSuccess_msg() == send_textEmail_success[&#x27;expected&#x27;]
  File &quot;D:\TestScript\web_163_mail\PageObject\writeEmail_page.py&quot;, line 41, in get_sendSuccess_msg
    return self.get_text(self.sendEmail_success_msg,model_name=name)
  File &quot;D:\TestScript\web_163_mail\Common\BasePage.py&quot;, line 119, in get_text
    ele = self.find_ele(locator)
  File &quot;D:\TestScript\web_163_mail\Common\BasePage.py&quot;, line 30, in find_ele
    self._get_screenShot(model_name)
  File &quot;D:\TestScript\web_163_mail\Common\BasePage.py&quot;, line 150, in _get_screenShot
    logger.info(&#x27;截图成功，截图为：&#x27;,screen_path)
Message: &#x27;截图成功，截图为：&#x27;
Arguments: (&#x27;D:\\TestScript\\web_163_mail\\ScreenShots\\_20181129_145350.png&#x27;,)
--- Logging error ---
Traceback (most recent call last):
  File &quot;D:\TestScript\web_163_mail\Common\BasePage.py&quot;, line 27, in find_ele
    return self.driver.find_element(*locator)
  File &quot;D:\soft\Python3\lib\site-packages\selenium\webdriver\remote\webdriver.py&quot;, line 978, in find_element
    &#x27;value&#x27;: value})[&#x27;value&#x27;]
  File &quot;D:\soft\Python3\lib\site-packages\selenium\webdriver\remote\webdriver.py&quot;, line 321, in execute
    self.error_handler.check_response(response)
  File &quot;D:\soft\Python3\lib\site-packages\selenium\webdriver\remote\errorhandler.py&quot;, line 242, in check_response
    raise exception_class(message, screen, stacktrace)
selenium.common.exceptions.NoSuchElementException: Message: no such element: Unable to locate element: {&quot;method&quot;:&quot;xpath&quot;,&quot;selector&quot;:&quot;//*[text()=&quot;发送成功&quot;]&quot;}
  (Session info: headless chrome=70.0.3538.110)
  (Driver info: chromedriver=2.43.600210 (68dcf5eebde37173d4027fa8635e332711d2874a),platform=Windows NT 10.0.17134 x86_64)


During handling of the above exception, another exception occurred:

Traceback (most recent call last):
  File &quot;D:\soft\Python3\lib\logging\__init__.py&quot;, line 992, in emit
    msg = self.format(record)
  File &quot;D:\soft\Python3\lib\logging\__init__.py&quot;, line 838, in format
    return fmt.format(record)
  File &quot;D:\soft\Python3\lib\logging\__init__.py&quot;, line 575, in format
    record.message = record.getMessage()
  File &quot;D:\soft\Python3\lib\logging\__init__.py&quot;, line 338, in getMessage
    msg = msg % self.args
TypeError: not all arguments converted during string formatting
Call stack:
  File &quot;D:/TestScript/web_163_mail/run.py&quot;, line 12, in &lt;module&gt;
    pytest.main([&quot;-m&quot;,&quot;smoke&quot;,&quot;--reruns&quot;,&quot;2&quot;,&quot;--html=Reports\\{0}_report.html&quot;.format(time.strftime(&quot;%Y%m%d_%H%M%S&quot;))])
  File &quot;D:\soft\Python3\lib\site-packages\_pytest\config\__init__.py&quot;, line 77, in main
    return config.hook.pytest_cmdline_main(config=config)
  File &quot;D:\soft\Python3\lib\site-packages\pluggy\hooks.py&quot;, line 284, in __call__
    return self._hookexec(self, self.get_hookimpls(), kwargs)
  File &quot;D:\soft\Python3\lib\site-packages\pluggy\manager.py&quot;, line 67, in _hookexec
    return self._inner_hookexec(hook, methods, kwargs)
  File &quot;D:\soft\Python3\lib\site-packages\pluggy\manager.py&quot;, line 61, in &lt;lambda&gt;
    firstresult=hook.spec.opts.get(&quot;firstresult&quot;) if hook.spec else False,
  File &quot;D:\soft\Python3\lib\site-packages\pluggy\callers.py&quot;, line 187, in _multicall
    res = hook_impl.function(*args)
  File &quot;D:\soft\Python3\lib\site-packages\_pytest\main.py&quot;, line 217, in pytest_cmdline_main
    return wrap_session(config, _main)
  File &quot;D:\soft\Python3\lib\site-packages\_pytest\main.py&quot;, line 184, in wrap_session
    session.exitstatus = doit(config, session) or 0
  File &quot;D:\soft\Python3\lib\site-packages\_pytest\main.py&quot;, line 224, in _main
    config.hook.pytest_runtestloop(session=session)
  File &quot;D:\soft\Python3\lib\site-packages\pluggy\hooks.py&quot;, line 284, in __call__
    return self._hookexec(self, self.get_hookimpls(), kwargs)
  File &quot;D:\soft\Python3\lib\site-packages\pluggy\manager.py&quot;, line 67, in _hookexec
    return self._inner_hookexec(hook, methods, kwargs)
  File &quot;D:\soft\Python3\lib\site-packages\pluggy\manager.py&quot;, line 61, in &lt;lambda&gt;
    firstresult=hook.spec.opts.get(&quot;firstresult&quot;) if hook.spec else False,
  File &quot;D:\soft\Python3\lib\site-packages\pluggy\callers.py&quot;, line 187, in _multicall
    res = hook_impl.function(*args)
  File &quot;D:\soft\Python3\lib\site-packages\_pytest\main.py&quot;, line 245, in pytest_runtestloop
    item.config.hook.pytest_runtest_protocol(item=item, nextitem=nextitem)
  File &quot;D:\soft\Python3\lib\site-packages\pluggy\hooks.py&quot;, line 284, in __call__
    return self._hookexec(self, self.get_hookimpls(), kwargs)
  File &quot;D:\soft\Python3\lib\site-packages\pluggy\manager.py&quot;, line 67, in _hookexec
    return self._inner_hookexec(hook, methods, kwargs)
  File &quot;D:\soft\Python3\lib\site-packages\pluggy\manager.py&quot;, line 61, in &lt;lambda&gt;
    firstresult=hook.spec.opts.get(&quot;firstresult&quot;) if hook.spec else False,
  File &quot;D:\soft\Python3\lib\site-packages\pluggy\callers.py&quot;, line 187, in _multicall
    res = hook_impl.function(*args)
  File &quot;D:\soft\Python3\lib\site-packages\pytest_rerunfailures.py&quot;, line 175, in pytest_runtest_protocol
    reports = runtestprotocol(item, nextitem=nextitem, log=False)
  File &quot;D:\soft\Python3\lib\site-packages\_pytest\runner.py&quot;, line 92, in runtestprotocol
    reports.append(call_and_report(item, &quot;call&quot;, log))
  File &quot;D:\soft\Python3\lib\site-packages\_pytest\runner.py&quot;, line 172, in call_and_report
    call = call_runtest_hook(item, when, **kwds)
  File &quot;D:\soft\Python3\lib\site-packages\_pytest\runner.py&quot;, line 196, in call_runtest_hook
    treat_keyboard_interrupt_as_exception=item.config.getvalue(&quot;usepdb&quot;),
  File &quot;D:\soft\Python3\lib\site-packages\_pytest\runner.py&quot;, line 212, in __init__
    self.result = func()
  File &quot;D:\soft\Python3\lib\site-packages\_pytest\runner.py&quot;, line 194, in &lt;lambda&gt;
    lambda: ihook(item=item, **kwds),
  File &quot;D:\soft\Python3\lib\site-packages\pluggy\hooks.py&quot;, line 284, in __call__
    return self._hookexec(self, self.get_hookimpls(), kwargs)
  File &quot;D:\soft\Python3\lib\site-packages\pluggy\manager.py&quot;, line 67, in _hookexec
    return self._inner_hookexec(hook, methods, kwargs)
  File &quot;D:\soft\Python3\lib\site-packages\pluggy\manager.py&quot;, line 61, in &lt;lambda&gt;
    firstresult=hook.spec.opts.get(&quot;firstresult&quot;) if hook.spec else False,
  File &quot;D:\soft\Python3\lib\site-packages\pluggy\callers.py&quot;, line 187, in _multicall
    res = hook_impl.function(*args)
  File &quot;D:\soft\Python3\lib\site-packages\_pytest\runner.py&quot;, line 122, in pytest_runtest_call
    item.runtest()
  File &quot;D:\soft\Python3\lib\site-packages\_pytest\python.py&quot;, line 1438, in runtest
    self.ihook.pytest_pyfunc_call(pyfuncitem=self)
  File &quot;D:\soft\Python3\lib\site-packages\pluggy\hooks.py&quot;, line 284, in __call__
    return self._hookexec(self, self.get_hookimpls(), kwargs)
  File &quot;D:\soft\Python3\lib\site-packages\pluggy\manager.py&quot;, line 67, in _hookexec
    return self._inner_hookexec(hook, methods, kwargs)
  File &quot;D:\soft\Python3\lib\site-packages\pluggy\manager.py&quot;, line 61, in &lt;lambda&gt;
    firstresult=hook.spec.opts.get(&quot;firstresult&quot;) if hook.spec else False,
  File &quot;D:\soft\Python3\lib\site-packages\pluggy\callers.py&quot;, line 187, in _multicall
    res = hook_impl.function(*args)
  File &quot;D:\soft\Python3\lib\site-packages\_pytest\python.py&quot;, line 166, in pytest_pyfunc_call
    testfunction(**testargs)
  File &quot;D:\TestScript\web_163_mail\TestCases\test_writeEmail.py&quot;, line 43, in test_send_text_Email_ok
    assert WriteEmailPage(init_writeEnv).get_sendSuccess_msg() == send_textEmail_success[&#x27;expected&#x27;]
  File &quot;D:\TestScript\web_163_mail\PageObject\writeEmail_page.py&quot;, line 41, in get_sendSuccess_msg
    return self.get_text(self.sendEmail_success_msg,model_name=name)
  File &quot;D:\TestScript\web_163_mail\Common\BasePage.py&quot;, line 119, in get_text
    ele = self.find_ele(locator)
  File &quot;D:\TestScript\web_163_mail\Common\BasePage.py&quot;, line 30, in find_ele
    self._get_screenShot(model_name)
  File &quot;D:\TestScript\web_163_mail\Common\BasePage.py&quot;, line 150, in _get_screenShot
    logger.info(&#x27;截图成功，截图为：&#x27;,screen_path)
Message: &#x27;截图成功，截图为：&#x27;
Arguments: (&#x27;D:\\TestScript\\web_163_mail\\ScreenShots\\_20181129_145350.png&#x27;,)
--- Logging error ---
Traceback (most recent call last):
  File &quot;D:\TestScript\web_163_mail\Common\BasePage.py&quot;, line 27, in find_ele
    return self.driver.find_element(*locator)
  File &quot;D:\soft\Python3\lib\site-packages\selenium\webdriver\remote\webdriver.py&quot;, line 978, in find_element
    &#x27;value&#x27;: value})[&#x27;value&#x27;]
  File &quot;D:\soft\Python3\lib\site-packages\selenium\webdriver\remote\webdriver.py&quot;, line 321, in execute
    self.error_handler.check_response(response)
  File &quot;D:\soft\Python3\lib\site-packages\selenium\webdriver\remote\errorhandler.py&quot;, line 242, in check_response
    raise exception_class(message, screen, stacktrace)
selenium.common.exceptions.NoSuchElementException: Message: no such element: Unable to locate element: {&quot;method&quot;:&quot;xpath&quot;,&quot;selector&quot;:&quot;//*[text()=&quot;发送成功&quot;]&quot;}
  (Session info: headless chrome=70.0.3538.110)
  (Driver info: chromedriver=2.43.600210 (68dcf5eebde37173d4027fa8635e332711d2874a),platform=Windows NT 10.0.17134 x86_64)


During handling of the above exception, another exception occurred:

Traceback (most recent call last):
  File &quot;D:\soft\Python3\lib\logging\__init__.py&quot;, line 992, in emit
    msg = self.format(record)
  File &quot;D:\soft\Python3\lib\logging\__init__.py&quot;, line 838, in format
    return fmt.format(record)
  File &quot;D:\soft\Python3\lib\logging\__init__.py&quot;, line 575, in format
    record.message = record.getMessage()
  File &quot;D:\soft\Python3\lib\logging\__init__.py&quot;, line 338, in getMessage
    msg = msg % self.args
TypeError: not all arguments converted during string formatting
Call stack:
  File &quot;D:/TestScript/web_163_mail/run.py&quot;, line 12, in &lt;module&gt;
    pytest.main([&quot;-m&quot;,&quot;smoke&quot;,&quot;--reruns&quot;,&quot;2&quot;,&quot;--html=Reports\\{0}_report.html&quot;.format(time.strftime(&quot;%Y%m%d_%H%M%S&quot;))])
  File &quot;D:\soft\Python3\lib\site-packages\_pytest\config\__init__.py&quot;, line 77, in main
    return config.hook.pytest_cmdline_main(config=config)
  File &quot;D:\soft\Python3\lib\site-packages\pluggy\hooks.py&quot;, line 284, in __call__
    return self._hookexec(self, self.get_hookimpls(), kwargs)
  File &quot;D:\soft\Python3\lib\site-packages\pluggy\manager.py&quot;, line 67, in _hookexec
    return self._inner_hookexec(hook, methods, kwargs)
  File &quot;D:\soft\Python3\lib\site-packages\pluggy\manager.py&quot;, line 61, in &lt;lambda&gt;
    firstresult=hook.spec.opts.get(&quot;firstresult&quot;) if hook.spec else False,
  File &quot;D:\soft\Python3\lib\site-packages\pluggy\callers.py&quot;, line 187, in _multicall
    res = hook_impl.function(*args)
  File &quot;D:\soft\Python3\lib\site-packages\_pytest\main.py&quot;, line 217, in pytest_cmdline_main
    return wrap_session(config, _main)
  File &quot;D:\soft\Python3\lib\site-packages\_pytest\main.py&quot;, line 184, in wrap_session
    session.exitstatus = doit(config, session) or 0
  File &quot;D:\soft\Python3\lib\site-packages\_pytest\main.py&quot;, line 224, in _main
    config.hook.pytest_runtestloop(session=session)
  File &quot;D:\soft\Python3\lib\site-packages\pluggy\hooks.py&quot;, line 284, in __call__
    return self._hookexec(self, self.get_hookimpls(), kwargs)
  File &quot;D:\soft\Python3\lib\site-packages\pluggy\manager.py&quot;, line 67, in _hookexec
    return self._inner_hookexec(hook, methods, kwargs)
  File &quot;D:\soft\Python3\lib\site-packages\pluggy\manager.py&quot;, line 61, in &lt;lambda&gt;
    firstresult=hook.spec.opts.get(&quot;firstresult&quot;) if hook.spec else False,
  File &quot;D:\soft\Python3\lib\site-packages\pluggy\callers.py&quot;, line 187, in _multicall
    res = hook_impl.function(*args)
  File &quot;D:\soft\Python3\lib\site-packages\_pytest\main.py&quot;, line 245, in pytest_runtestloop
    item.config.hook.pytest_runtest_protocol(item=item, nextitem=nextitem)
  File &quot;D:\soft\Python3\lib\site-packages\pluggy\hooks.py&quot;, line 284, in __call__
    return self._hookexec(self, self.get_hookimpls(), kwargs)
  File &quot;D:\soft\Python3\lib\site-packages\pluggy\manager.py&quot;, line 67, in _hookexec
    return self._inner_hookexec(hook, methods, kwargs)
  File &quot;D:\soft\Python3\lib\site-packages\pluggy\manager.py&quot;, line 61, in &lt;lambda&gt;
    firstresult=hook.spec.opts.get(&quot;firstresult&quot;) if hook.spec else False,
  File &quot;D:\soft\Python3\lib\site-packages\pluggy\callers.py&quot;, line 187, in _multicall
    res = hook_impl.function(*args)
  File &quot;D:\soft\Python3\lib\site-packages\pytest_rerunfailures.py&quot;, line 175, in pytest_runtest_protocol
    reports = runtestprotocol(item, nextitem=nextitem, log=False)
  File &quot;D:\soft\Python3\lib\site-packages\_pytest\runner.py&quot;, line 92, in runtestprotocol
    reports.append(call_and_report(item, &quot;call&quot;, log))
  File &quot;D:\soft\Python3\lib\site-packages\_pytest\runner.py&quot;, line 172, in call_and_report
    call = call_runtest_hook(item, when, **kwds)
  File &quot;D:\soft\Python3\lib\site-packages\_pytest\runner.py&quot;, line 196, in call_runtest_hook
    treat_keyboard_interrupt_as_exception=item.config.getvalue(&quot;usepdb&quot;),
  File &quot;D:\soft\Python3\lib\site-packages\_pytest\runner.py&quot;, line 212, in __init__
    self.result = func()
  File &quot;D:\soft\Python3\lib\site-packages\_pytest\runner.py&quot;, line 194, in &lt;lambda&gt;
    lambda: ihook(item=item, **kwds),
  File &quot;D:\soft\Python3\lib\site-packages\pluggy\hooks.py&quot;, line 284, in __call__
    return self._hookexec(self, self.get_hookimpls(), kwargs)
  File &quot;D:\soft\Python3\lib\site-packages\pluggy\manager.py&quot;, line 67, in _hookexec
    return self._inner_hookexec(hook, methods, kwargs)
  File &quot;D:\soft\Python3\lib\site-packages\pluggy\manager.py&quot;, line 61, in &lt;lambda&gt;
    firstresult=hook.spec.opts.get(&quot;firstresult&quot;) if hook.spec else False,
  File &quot;D:\soft\Python3\lib\site-packages\pluggy\callers.py&quot;, line 187, in _multicall
    res = hook_impl.function(*args)
  File &quot;D:\soft\Python3\lib\site-packages\_pytest\runner.py&quot;, line 122, in pytest_runtest_call
    item.runtest()
  File &quot;D:\soft\Python3\lib\site-packages\_pytest\python.py&quot;, line 1438, in runtest
    self.ihook.pytest_pyfunc_call(pyfuncitem=self)
  File &quot;D:\soft\Python3\lib\site-packages\pluggy\hooks.py&quot;, line 284, in __call__
    return self._hookexec(self, self.get_hookimpls(), kwargs)
  File &quot;D:\soft\Python3\lib\site-packages\pluggy\manager.py&quot;, line 67, in _hookexec
    return self._inner_hookexec(hook, methods, kwargs)
  File &quot;D:\soft\Python3\lib\site-packages\pluggy\manager.py&quot;, line 61, in &lt;lambda&gt;
    firstresult=hook.spec.opts.get(&quot;firstresult&quot;) if hook.spec else False,
  File &quot;D:\soft\Python3\lib\site-packages\pluggy\callers.py&quot;, line 187, in _multicall
    res = hook_impl.function(*args)
  File &quot;D:\soft\Python3\lib\site-packages\_pytest\python.py&quot;, line 166, in pytest_pyfunc_call
    testfunction(**testargs)
  File &quot;D:\TestScript\web_163_mail\TestCases\test_writeEmail.py&quot;, line 43, in test_send_text_Email_ok
    assert WriteEmailPage(init_writeEnv).get_sendSuccess_msg() == send_textEmail_success[&#x27;expected&#x27;]
  File &quot;D:\TestScript\web_163_mail\PageObject\writeEmail_page.py&quot;, line 41, in get_sendSuccess_msg
    return self.get_text(self.sendEmail_success_msg,model_name=name)
  File &quot;D:\TestScript\web_163_mail\Common\BasePage.py&quot;, line 119, in get_text
    ele = self.find_ele(locator)
  File &quot;D:\TestScript\web_163_mail\Common\BasePage.py&quot;, line 30, in find_ele
    self._get_screenShot(model_name)
  File &quot;D:\TestScript\web_163_mail\Common\BasePage.py&quot;, line 150, in _get_screenShot
    logger.info(&#x27;截图成功，截图为：&#x27;,screen_path)
  File &quot;D:\soft\Python3\lib\logging\__init__.py&quot;, line 1875, in info
    root.info(msg, *args, **kwargs)
  File &quot;D:\soft\Python3\lib\logging\__init__.py&quot;, line 1306, in info
    self._log(INFO, msg, args, **kwargs)
  File &quot;D:\soft\Python3\lib\logging\__init__.py&quot;, line 1442, in _log
    self.handle(record)
  File &quot;D:\soft\Python3\lib\logging\__init__.py&quot;, line 1452, in handle
    self.callHandlers(record)
  File &quot;D:\soft\Python3\lib\logging\__init__.py&quot;, line 1514, in callHandlers
    hdlr.handle(record)
  File &quot;D:\soft\Python3\lib\logging\__init__.py&quot;, line 863, in handle
    self.emit(record)
  File &quot;D:\soft\Python3\lib\site-packages\_pytest\logging.py&quot;, line 206, in emit
    logging.StreamHandler.emit(self, record)
Message: &#x27;截图成功，截图为：&#x27;
Arguments: (&#x27;D:\\TestScript\\web_163_mail\\ScreenShots\\_20181129_145350.png&#x27;,)
------------------------------ Captured log call -------------------------------<br/>writeEmail_page.py          23 INFO     发送文本信息邮件
BasePage.py                100 INFO     等待中元素可见
BasePage.py                 26 INFO     查找元素_
BasePage.py                 51 INFO     -输入文本
BasePage.py                 26 INFO     查找元素_
BasePage.py                 51 INFO     -输入文本
BasePage.py                 26 INFO     查找元素_
BasePage.py                 91 INFO     等待并且换到iframe-发送文本信息邮件
BasePage.py                 26 INFO     查找元素_
BasePage.py                 51 INFO     -输入文本
BasePage.py                 26 INFO     查找元素_
BasePage.py                 61 INFO     发送文本信息邮件-点击操作
writeEmail_page.py          40 INFO     获取发送邮件成功的提示信息
BasePage.py                 26 INFO     查找元素_
BasePage.py                 29 ERROR    查找元素失败
Traceback (most recent call last):
  File &quot;D:\TestScript\web_163_mail\Common\BasePage.py&quot;, line 27, in find_ele
    return self.driver.find_element(*locator)
  File &quot;D:\soft\Python3\lib\site-packages\selenium\webdriver\remote\webdriver.py&quot;, line 978, in find_element
    &#x27;value&#x27;: value})[&#x27;value&#x27;]
  File &quot;D:\soft\Python3\lib\site-packages\selenium\webdriver\remote\webdriver.py&quot;, line 321, in execute
    self.error_handler.check_response(response)
  File &quot;D:\soft\Python3\lib\site-packages\selenium\webdriver\remote\errorhandler.py&quot;, line 242, in check_response
    raise exception_class(message, screen, stacktrace)
selenium.common.exceptions.NoSuchElementException: Message: no such element: Unable to locate element: {&quot;method&quot;:&quot;xpath&quot;,&quot;selector&quot;:&quot;//*[text()=&quot;发送成功&quot;]&quot;}
  (Session info: headless chrome=70.0.3538.110)
  (Driver info: chromedriver=2.43.600210 (68dcf5eebde37173d4027fa8635e332711d2874a),platform=Windows NT 10.0.17134 x86_64)---------------------------- Captured stderr setup -----------------------------<br/> Thu, 29 Nov 2018 14:53:58  INFO BasePage.py find_ele [ line:26 ] 查找元素_
 Thu, 29 Nov 2018 14:53:58  INFO BasePage.py wait_iframe_and_switch_to_it [ line:91 ] 等待并且换到iframe-
 Thu, 29 Nov 2018 14:53:58  INFO BasePage.py wait_eleVisibility [ line:100 ] 等待登录页面-输入用户名密码中元素可见
 Thu, 29 Nov 2018 14:53:59  INFO BasePage.py find_ele [ line:26 ] 查找元素_
 Thu, 29 Nov 2018 14:53:59  INFO BasePage.py move_IntoView [ line:110 ] 将登录页面-输入用户名密码的元素移动到可见区域
 Thu, 29 Nov 2018 14:53:59  INFO BasePage.py find_ele [ line:26 ] 查找元素_登录页面-输入用户名密码
 Thu, 29 Nov 2018 14:53:59  INFO BasePage.py input_keys [ line:51 ] 登录页面-输入用户名密码-输入文本
 Thu, 29 Nov 2018 14:53:59  INFO BasePage.py find_ele [ line:26 ] 查找元素_登录页面-输入用户名密码
 Thu, 29 Nov 2018 14:53:59  INFO BasePage.py input_keys [ line:51 ] 登录页面-输入用户名密码-输入文本
 Thu, 29 Nov 2018 14:53:59  INFO BasePage.py find_ele [ line:26 ] 查找元素_
 Thu, 29 Nov 2018 14:53:59  INFO BasePage.py move_IntoView [ line:110 ] 将登录页面-点击登录button的元素移动到可见区域
 Thu, 29 Nov 2018 14:53:59  INFO BasePage.py find_ele [ line:26 ] 查找元素_
 Thu, 29 Nov 2018 14:53:59  INFO BasePage.py click_ele [ line:61 ] 登录页面-点击登录button-点击操作
 Thu, 29 Nov 2018 14:53:59  INFO BasePage.py wait_eleVisibility [ line:100 ] 等待进入写信页面中元素可见
 Thu, 29 Nov 2018 14:54:01  INFO BasePage.py find_ele [ line:26 ] 查找元素_
 Thu, 29 Nov 2018 14:54:01  INFO BasePage.py move_IntoView [ line:110 ] 将进入写信页面的元素移动到可见区域
 Thu, 29 Nov 2018 14:54:01  INFO BasePage.py find_ele [ line:26 ] 查找元素_
 Thu, 29 Nov 2018 14:54:01  INFO BasePage.py click_ele [ line:61 ] 进入写信页面-点击操作
------------------------------ Captured log setup ------------------------------<br/>BasePage.py                 26 INFO     查找元素_
BasePage.py                 91 INFO     等待并且换到iframe-
BasePage.py                100 INFO     等待登录页面-输入用户名密码中元素可见
BasePage.py                 26 INFO     查找元素_
BasePage.py                110 INFO     将登录页面-输入用户名密码的元素移动到可见区域
BasePage.py                 26 INFO     查找元素_登录页面-输入用户名密码
BasePage.py                 51 INFO     登录页面-输入用户名密码-输入文本
BasePage.py                 26 INFO     查找元素_登录页面-输入用户名密码
BasePage.py                 51 INFO     登录页面-输入用户名密码-输入文本
BasePage.py                 26 INFO     查找元素_
BasePage.py                110 INFO     将登录页面-点击登录button的元素移动到可见区域
BasePage.py                 26 INFO     查找元素_
BasePage.py                 61 INFO     登录页面-点击登录button-点击操作
BasePage.py                100 INFO     等待进入写信页面中元素可见
BasePage.py                 26 INFO     查找元素_
BasePage.py                110 INFO     将进入写信页面的元素移动到可见区域
BasePage.py                 26 INFO     查找元素_
BasePage.py                 61 INFO     进入写信页面-点击操作----------------------------- Captured stderr call -----------------------------<br/> Thu, 29 Nov 2018 14:54:01  INFO writeEmail_page.py send_text_Email [ line:23 ] 发送文本信息邮件
 Thu, 29 Nov 2018 14:54:01  INFO BasePage.py wait_eleVisibility [ line:100 ] 等待中元素可见
 Thu, 29 Nov 2018 14:54:01  INFO BasePage.py find_ele [ line:26 ] 查找元素_
 Thu, 29 Nov 2018 14:54:01  INFO BasePage.py input_keys [ line:51 ] -输入文本
 Thu, 29 Nov 2018 14:54:02  INFO BasePage.py find_ele [ line:26 ] 查找元素_
 Thu, 29 Nov 2018 14:54:02  INFO BasePage.py input_keys [ line:51 ] -输入文本
 Thu, 29 Nov 2018 14:54:02  INFO BasePage.py find_ele [ line:26 ] 查找元素_
 Thu, 29 Nov 2018 14:54:02  INFO BasePage.py wait_iframe_and_switch_to_it [ line:91 ] 等待并且换到iframe-发送文本信息邮件
 Thu, 29 Nov 2018 14:54:02  INFO BasePage.py find_ele [ line:26 ] 查找元素_
 Thu, 29 Nov 2018 14:54:02  INFO BasePage.py input_keys [ line:51 ] -输入文本
 Thu, 29 Nov 2018 14:54:02  INFO BasePage.py find_ele [ line:26 ] 查找元素_
 Thu, 29 Nov 2018 14:54:02  INFO BasePage.py click_ele [ line:61 ] 发送文本信息邮件-点击操作
 Thu, 29 Nov 2018 14:54:02  INFO writeEmail_page.py get_sendSuccess_msg [ line:40 ] 获取发送邮件成功的提示信息
 Thu, 29 Nov 2018 14:54:02  INFO BasePage.py find_ele [ line:26 ] 查找元素_
 Thu, 29 Nov 2018 14:54:02  ERROR BasePage.py find_ele [ line:29 ] 查找元素失败
Traceback (most recent call last):
  File &quot;D:\TestScript\web_163_mail\Common\BasePage.py&quot;, line 27, in find_ele
    return self.driver.find_element(*locator)
  File &quot;D:\soft\Python3\lib\site-packages\selenium\webdriver\remote\webdriver.py&quot;, line 978, in find_element
    &#x27;value&#x27;: value})[&#x27;value&#x27;]
  File &quot;D:\soft\Python3\lib\site-packages\selenium\webdriver\remote\webdriver.py&quot;, line 321, in execute
    self.error_handler.check_response(response)
  File &quot;D:\soft\Python3\lib\site-packages\selenium\webdriver\remote\errorhandler.py&quot;, line 242, in check_response
    raise exception_class(message, screen, stacktrace)
selenium.common.exceptions.NoSuchElementException: Message: no such element: Unable to locate element: {&quot;method&quot;:&quot;xpath&quot;,&quot;selector&quot;:&quot;//*[text()=&quot;发送成功&quot;]&quot;}
  (Session info: headless chrome=70.0.3538.110)
  (Driver info: chromedriver=2.43.600210 (68dcf5eebde37173d4027fa8635e332711d2874a),platform=Windows NT 10.0.17134 x86_64)

--- Logging error ---
Traceback (most recent call last):
  File &quot;D:\TestScript\web_163_mail\Common\BasePage.py&quot;, line 27, in find_ele
    return self.driver.find_element(*locator)
  File &quot;D:\soft\Python3\lib\site-packages\selenium\webdriver\remote\webdriver.py&quot;, line 978, in find_element
    &#x27;value&#x27;: value})[&#x27;value&#x27;]
  File &quot;D:\soft\Python3\lib\site-packages\selenium\webdriver\remote\webdriver.py&quot;, line 321, in execute
    self.error_handler.check_response(response)
  File &quot;D:\soft\Python3\lib\site-packages\selenium\webdriver\remote\errorhandler.py&quot;, line 242, in check_response
    raise exception_class(message, screen, stacktrace)
selenium.common.exceptions.NoSuchElementException: Message: no such element: Unable to locate element: {&quot;method&quot;:&quot;xpath&quot;,&quot;selector&quot;:&quot;//*[text()=&quot;发送成功&quot;]&quot;}
  (Session info: headless chrome=70.0.3538.110)
  (Driver info: chromedriver=2.43.600210 (68dcf5eebde37173d4027fa8635e332711d2874a),platform=Windows NT 10.0.17134 x86_64)


During handling of the above exception, another exception occurred:

Traceback (most recent call last):
  File &quot;D:\soft\Python3\lib\logging\__init__.py&quot;, line 992, in emit
    msg = self.format(record)
  File &quot;D:\soft\Python3\lib\logging\__init__.py&quot;, line 838, in format
    return fmt.format(record)
  File &quot;D:\soft\Python3\lib\logging\__init__.py&quot;, line 575, in format
    record.message = record.getMessage()
  File &quot;D:\soft\Python3\lib\logging\__init__.py&quot;, line 338, in getMessage
    msg = msg % self.args
TypeError: not all arguments converted during string formatting
Call stack:
  File &quot;D:/TestScript/web_163_mail/run.py&quot;, line 12, in &lt;module&gt;
    pytest.main([&quot;-m&quot;,&quot;smoke&quot;,&quot;--reruns&quot;,&quot;2&quot;,&quot;--html=Reports\\{0}_report.html&quot;.format(time.strftime(&quot;%Y%m%d_%H%M%S&quot;))])
  File &quot;D:\soft\Python3\lib\site-packages\_pytest\config\__init__.py&quot;, line 77, in main
    return config.hook.pytest_cmdline_main(config=config)
  File &quot;D:\soft\Python3\lib\site-packages\pluggy\hooks.py&quot;, line 284, in __call__
    return self._hookexec(self, self.get_hookimpls(), kwargs)
  File &quot;D:\soft\Python3\lib\site-packages\pluggy\manager.py&quot;, line 67, in _hookexec
    return self._inner_hookexec(hook, methods, kwargs)
  File &quot;D:\soft\Python3\lib\site-packages\pluggy\manager.py&quot;, line 61, in &lt;lambda&gt;
    firstresult=hook.spec.opts.get(&quot;firstresult&quot;) if hook.spec else False,
  File &quot;D:\soft\Python3\lib\site-packages\pluggy\callers.py&quot;, line 187, in _multicall
    res = hook_impl.function(*args)
  File &quot;D:\soft\Python3\lib\site-packages\_pytest\main.py&quot;, line 217, in pytest_cmdline_main
    return wrap_session(config, _main)
  File &quot;D:\soft\Python3\lib\site-packages\_pytest\main.py&quot;, line 184, in wrap_session
    session.exitstatus = doit(config, session) or 0
  File &quot;D:\soft\Python3\lib\site-packages\_pytest\main.py&quot;, line 224, in _main
    config.hook.pytest_runtestloop(session=session)
  File &quot;D:\soft\Python3\lib\site-packages\pluggy\hooks.py&quot;, line 284, in __call__
    return self._hookexec(self, self.get_hookimpls(), kwargs)
  File &quot;D:\soft\Python3\lib\site-packages\pluggy\manager.py&quot;, line 67, in _hookexec
    return self._inner_hookexec(hook, methods, kwargs)
  File &quot;D:\soft\Python3\lib\site-packages\pluggy\manager.py&quot;, line 61, in &lt;lambda&gt;
    firstresult=hook.spec.opts.get(&quot;firstresult&quot;) if hook.spec else False,
  File &quot;D:\soft\Python3\lib\site-packages\pluggy\callers.py&quot;, line 187, in _multicall
    res = hook_impl.function(*args)
  File &quot;D:\soft\Python3\lib\site-packages\_pytest\main.py&quot;, line 245, in pytest_runtestloop
    item.config.hook.pytest_runtest_protocol(item=item, nextitem=nextitem)
  File &quot;D:\soft\Python3\lib\site-packages\pluggy\hooks.py&quot;, line 284, in __call__
    return self._hookexec(self, self.get_hookimpls(), kwargs)
  File &quot;D:\soft\Python3\lib\site-packages\pluggy\manager.py&quot;, line 67, in _hookexec
    return self._inner_hookexec(hook, methods, kwargs)
  File &quot;D:\soft\Python3\lib\site-packages\pluggy\manager.py&quot;, line 61, in &lt;lambda&gt;
    firstresult=hook.spec.opts.get(&quot;firstresult&quot;) if hook.spec else False,
  File &quot;D:\soft\Python3\lib\site-packages\pluggy\callers.py&quot;, line 187, in _multicall
    res = hook_impl.function(*args)
  File &quot;D:\soft\Python3\lib\site-packages\pytest_rerunfailures.py&quot;, line 175, in pytest_runtest_protocol
    reports = runtestprotocol(item, nextitem=nextitem, log=False)
  File &quot;D:\soft\Python3\lib\site-packages\_pytest\runner.py&quot;, line 92, in runtestprotocol
    reports.append(call_and_report(item, &quot;call&quot;, log))
  File &quot;D:\soft\Python3\lib\site-packages\_pytest\runner.py&quot;, line 172, in call_and_report
    call = call_runtest_hook(item, when, **kwds)
  File &quot;D:\soft\Python3\lib\site-packages\_pytest\runner.py&quot;, line 196, in call_runtest_hook
    treat_keyboard_interrupt_as_exception=item.config.getvalue(&quot;usepdb&quot;),
  File &quot;D:\soft\Python3\lib\site-packages\_pytest\runner.py&quot;, line 212, in __init__
    self.result = func()
  File &quot;D:\soft\Python3\lib\site-packages\_pytest\runner.py&quot;, line 194, in &lt;lambda&gt;
    lambda: ihook(item=item, **kwds),
  File &quot;D:\soft\Python3\lib\site-packages\pluggy\hooks.py&quot;, line 284, in __call__
    return self._hookexec(self, self.get_hookimpls(), kwargs)
  File &quot;D:\soft\Python3\lib\site-packages\pluggy\manager.py&quot;, line 67, in _hookexec
    return self._inner_hookexec(hook, methods, kwargs)
  File &quot;D:\soft\Python3\lib\site-packages\pluggy\manager.py&quot;, line 61, in &lt;lambda&gt;
    firstresult=hook.spec.opts.get(&quot;firstresult&quot;) if hook.spec else False,
  File &quot;D:\soft\Python3\lib\site-packages\pluggy\callers.py&quot;, line 187, in _multicall
    res = hook_impl.function(*args)
  File &quot;D:\soft\Python3\lib\site-packages\_pytest\runner.py&quot;, line 122, in pytest_runtest_call
    item.runtest()
  File &quot;D:\soft\Python3\lib\site-packages\_pytest\python.py&quot;, line 1438, in runtest
    self.ihook.pytest_pyfunc_call(pyfuncitem=self)
  File &quot;D:\soft\Python3\lib\site-packages\pluggy\hooks.py&quot;, line 284, in __call__
    return self._hookexec(self, self.get_hookimpls(), kwargs)
  File &quot;D:\soft\Python3\lib\site-packages\pluggy\manager.py&quot;, line 67, in _hookexec
    return self._inner_hookexec(hook, methods, kwargs)
  File &quot;D:\soft\Python3\lib\site-packages\pluggy\manager.py&quot;, line 61, in &lt;lambda&gt;
    firstresult=hook.spec.opts.get(&quot;firstresult&quot;) if hook.spec else False,
  File &quot;D:\soft\Python3\lib\site-packages\pluggy\callers.py&quot;, line 187, in _multicall
    res = hook_impl.function(*args)
  File &quot;D:\soft\Python3\lib\site-packages\_pytest\python.py&quot;, line 166, in pytest_pyfunc_call
    testfunction(**testargs)
  File &quot;D:\TestScript\web_163_mail\TestCases\test_writeEmail.py&quot;, line 43, in test_send_text_Email_ok
    assert WriteEmailPage(init_writeEnv).get_sendSuccess_msg() == send_textEmail_success[&#x27;expected&#x27;]
  File &quot;D:\TestScript\web_163_mail\PageObject\writeEmail_page.py&quot;, line 41, in get_sendSuccess_msg
    return self.get_text(self.sendEmail_success_msg,model_name=name)
  File &quot;D:\TestScript\web_163_mail\Common\BasePage.py&quot;, line 119, in get_text
    ele = self.find_ele(locator)
  File &quot;D:\TestScript\web_163_mail\Common\BasePage.py&quot;, line 30, in find_ele
    self._get_screenShot(model_name)
  File &quot;D:\TestScript\web_163_mail\Common\BasePage.py&quot;, line 150, in _get_screenShot
    logger.info(&#x27;截图成功，截图为：&#x27;,screen_path)
Message: &#x27;截图成功，截图为：&#x27;
Arguments: (&#x27;D:\\TestScript\\web_163_mail\\ScreenShots\\_20181129_145402.png&#x27;,)
--- Logging error ---
Traceback (most recent call last):
  File &quot;D:\TestScript\web_163_mail\Common\BasePage.py&quot;, line 27, in find_ele
    return self.driver.find_element(*locator)
  File &quot;D:\soft\Python3\lib\site-packages\selenium\webdriver\remote\webdriver.py&quot;, line 978, in find_element
    &#x27;value&#x27;: value})[&#x27;value&#x27;]
  File &quot;D:\soft\Python3\lib\site-packages\selenium\webdriver\remote\webdriver.py&quot;, line 321, in execute
    self.error_handler.check_response(response)
  File &quot;D:\soft\Python3\lib\site-packages\selenium\webdriver\remote\errorhandler.py&quot;, line 242, in check_response
    raise exception_class(message, screen, stacktrace)
selenium.common.exceptions.NoSuchElementException: Message: no such element: Unable to locate element: {&quot;method&quot;:&quot;xpath&quot;,&quot;selector&quot;:&quot;//*[text()=&quot;发送成功&quot;]&quot;}
  (Session info: headless chrome=70.0.3538.110)
  (Driver info: chromedriver=2.43.600210 (68dcf5eebde37173d4027fa8635e332711d2874a),platform=Windows NT 10.0.17134 x86_64)


During handling of the above exception, another exception occurred:

Traceback (most recent call last):
  File &quot;D:\soft\Python3\lib\logging\__init__.py&quot;, line 992, in emit
    msg = self.format(record)
  File &quot;D:\soft\Python3\lib\logging\__init__.py&quot;, line 838, in format
    return fmt.format(record)
  File &quot;D:\soft\Python3\lib\logging\__init__.py&quot;, line 575, in format
    record.message = record.getMessage()
  File &quot;D:\soft\Python3\lib\logging\__init__.py&quot;, line 338, in getMessage
    msg = msg % self.args
TypeError: not all arguments converted during string formatting
Call stack:
  File &quot;D:/TestScript/web_163_mail/run.py&quot;, line 12, in &lt;module&gt;
    pytest.main([&quot;-m&quot;,&quot;smoke&quot;,&quot;--reruns&quot;,&quot;2&quot;,&quot;--html=Reports\\{0}_report.html&quot;.format(time.strftime(&quot;%Y%m%d_%H%M%S&quot;))])
  File &quot;D:\soft\Python3\lib\site-packages\_pytest\config\__init__.py&quot;, line 77, in main
    return config.hook.pytest_cmdline_main(config=config)
  File &quot;D:\soft\Python3\lib\site-packages\pluggy\hooks.py&quot;, line 284, in __call__
    return self._hookexec(self, self.get_hookimpls(), kwargs)
  File &quot;D:\soft\Python3\lib\site-packages\pluggy\manager.py&quot;, line 67, in _hookexec
    return self._inner_hookexec(hook, methods, kwargs)
  File &quot;D:\soft\Python3\lib\site-packages\pluggy\manager.py&quot;, line 61, in &lt;lambda&gt;
    firstresult=hook.spec.opts.get(&quot;firstresult&quot;) if hook.spec else False,
  File &quot;D:\soft\Python3\lib\site-packages\pluggy\callers.py&quot;, line 187, in _multicall
    res = hook_impl.function(*args)
  File &quot;D:\soft\Python3\lib\site-packages\_pytest\main.py&quot;, line 217, in pytest_cmdline_main
    return wrap_session(config, _main)
  File &quot;D:\soft\Python3\lib\site-packages\_pytest\main.py&quot;, line 184, in wrap_session
    session.exitstatus = doit(config, session) or 0
  File &quot;D:\soft\Python3\lib\site-packages\_pytest\main.py&quot;, line 224, in _main
    config.hook.pytest_runtestloop(session=session)
  File &quot;D:\soft\Python3\lib\site-packages\pluggy\hooks.py&quot;, line 284, in __call__
    return self._hookexec(self, self.get_hookimpls(), kwargs)
  File &quot;D:\soft\Python3\lib\site-packages\pluggy\manager.py&quot;, line 67, in _hookexec
    return self._inner_hookexec(hook, methods, kwargs)
  File &quot;D:\soft\Python3\lib\site-packages\pluggy\manager.py&quot;, line 61, in &lt;lambda&gt;
    firstresult=hook.spec.opts.get(&quot;firstresult&quot;) if hook.spec else False,
  File &quot;D:\soft\Python3\lib\site-packages\pluggy\callers.py&quot;, line 187, in _multicall
    res = hook_impl.function(*args)
  File &quot;D:\soft\Python3\lib\site-packages\_pytest\main.py&quot;, line 245, in pytest_runtestloop
    item.config.hook.pytest_runtest_protocol(item=item, nextitem=nextitem)
  File &quot;D:\soft\Python3\lib\site-packages\pluggy\hooks.py&quot;, line 284, in __call__
    return self._hookexec(self, self.get_hookimpls(), kwargs)
  File &quot;D:\soft\Python3\lib\site-packages\pluggy\manager.py&quot;, line 67, in _hookexec
    return self._inner_hookexec(hook, methods, kwargs)
  File &quot;D:\soft\Python3\lib\site-packages\pluggy\manager.py&quot;, line 61, in &lt;lambda&gt;
    firstresult=hook.spec.opts.get(&quot;firstresult&quot;) if hook.spec else False,
  File &quot;D:\soft\Python3\lib\site-packages\pluggy\callers.py&quot;, line 187, in _multicall
    res = hook_impl.function(*args)
  File &quot;D:\soft\Python3\lib\site-packages\pytest_rerunfailures.py&quot;, line 175, in pytest_runtest_protocol
    reports = runtestprotocol(item, nextitem=nextitem, log=False)
  File &quot;D:\soft\Python3\lib\site-packages\_pytest\runner.py&quot;, line 92, in runtestprotocol
    reports.append(call_and_report(item, &quot;call&quot;, log))
  File &quot;D:\soft\Python3\lib\site-packages\_pytest\runner.py&quot;, line 172, in call_and_report
    call = call_runtest_hook(item, when, **kwds)
  File &quot;D:\soft\Python3\lib\site-packages\_pytest\runner.py&quot;, line 196, in call_runtest_hook
    treat_keyboard_interrupt_as_exception=item.config.getvalue(&quot;usepdb&quot;),
  File &quot;D:\soft\Python3\lib\site-packages\_pytest\runner.py&quot;, line 212, in __init__
    self.result = func()
  File &quot;D:\soft\Python3\lib\site-packages\_pytest\runner.py&quot;, line 194, in &lt;lambda&gt;
    lambda: ihook(item=item, **kwds),
  File &quot;D:\soft\Python3\lib\site-packages\pluggy\hooks.py&quot;, line 284, in __call__
    return self._hookexec(self, self.get_hookimpls(), kwargs)
  File &quot;D:\soft\Python3\lib\site-packages\pluggy\manager.py&quot;, line 67, in _hookexec
    return self._inner_hookexec(hook, methods, kwargs)
  File &quot;D:\soft\Python3\lib\site-packages\pluggy\manager.py&quot;, line 61, in &lt;lambda&gt;
    firstresult=hook.spec.opts.get(&quot;firstresult&quot;) if hook.spec else False,
  File &quot;D:\soft\Python3\lib\site-packages\pluggy\callers.py&quot;, line 187, in _multicall
    res = hook_impl.function(*args)
  File &quot;D:\soft\Python3\lib\site-packages\_pytest\runner.py&quot;, line 122, in pytest_runtest_call
    item.runtest()
  File &quot;D:\soft\Python3\lib\site-packages\_pytest\python.py&quot;, line 1438, in runtest
    self.ihook.pytest_pyfunc_call(pyfuncitem=self)
  File &quot;D:\soft\Python3\lib\site-packages\pluggy\hooks.py&quot;, line 284, in __call__
    return self._hookexec(self, self.get_hookimpls(), kwargs)
  File &quot;D:\soft\Python3\lib\site-packages\pluggy\manager.py&quot;, line 67, in _hookexec
    return self._inner_hookexec(hook, methods, kwargs)
  File &quot;D:\soft\Python3\lib\site-packages\pluggy\manager.py&quot;, line 61, in &lt;lambda&gt;
    firstresult=hook.spec.opts.get(&quot;firstresult&quot;) if hook.spec else False,
  File &quot;D:\soft\Python3\lib\site-packages\pluggy\callers.py&quot;, line 187, in _multicall
    res = hook_impl.function(*args)
  File &quot;D:\soft\Python3\lib\site-packages\_pytest\python.py&quot;, line 166, in pytest_pyfunc_call
    testfunction(**testargs)
  File &quot;D:\TestScript\web_163_mail\TestCases\test_writeEmail.py&quot;, line 43, in test_send_text_Email_ok
    assert WriteEmailPage(init_writeEnv).get_sendSuccess_msg() == send_textEmail_success[&#x27;expected&#x27;]
  File &quot;D:\TestScript\web_163_mail\PageObject\writeEmail_page.py&quot;, line 41, in get_sendSuccess_msg
    return self.get_text(self.sendEmail_success_msg,model_name=name)
  File &quot;D:\TestScript\web_163_mail\Common\BasePage.py&quot;, line 119, in get_text
    ele = self.find_ele(locator)
  File &quot;D:\TestScript\web_163_mail\Common\BasePage.py&quot;, line 30, in find_ele
    self._get_screenShot(model_name)
  File &quot;D:\TestScript\web_163_mail\Common\BasePage.py&quot;, line 150, in _get_screenShot
    logger.info(&#x27;截图成功，截图为：&#x27;,screen_path)
Message: &#x27;截图成功，截图为：&#x27;
Arguments: (&#x27;D:\\TestScript\\web_163_mail\\ScreenShots\\_20181129_145402.png&#x27;,)
--- Logging error ---
Traceback (most recent call last):
  File &quot;D:\TestScript\web_163_mail\Common\BasePage.py&quot;, line 27, in find_ele
    return self.driver.find_element(*locator)
  File &quot;D:\soft\Python3\lib\site-packages\selenium\webdriver\remote\webdriver.py&quot;, line 978, in find_element
    &#x27;value&#x27;: value})[&#x27;value&#x27;]
  File &quot;D:\soft\Python3\lib\site-packages\selenium\webdriver\remote\webdriver.py&quot;, line 321, in execute
    self.error_handler.check_response(response)
  File &quot;D:\soft\Python3\lib\site-packages\selenium\webdriver\remote\errorhandler.py&quot;, line 242, in check_response
    raise exception_class(message, screen, stacktrace)
selenium.common.exceptions.NoSuchElementException: Message: no such element: Unable to locate element: {&quot;method&quot;:&quot;xpath&quot;,&quot;selector&quot;:&quot;//*[text()=&quot;发送成功&quot;]&quot;}
  (Session info: headless chrome=70.0.3538.110)
  (Driver info: chromedriver=2.43.600210 (68dcf5eebde37173d4027fa8635e332711d2874a),platform=Windows NT 10.0.17134 x86_64)


During handling of the above exception, another exception occurred:

Traceback (most recent call last):
  File &quot;D:\soft\Python3\lib\logging\__init__.py&quot;, line 992, in emit
    msg = self.format(record)
  File &quot;D:\soft\Python3\lib\logging\__init__.py&quot;, line 838, in format
    return fmt.format(record)
  File &quot;D:\soft\Python3\lib\logging\__init__.py&quot;, line 575, in format
    record.message = record.getMessage()
  File &quot;D:\soft\Python3\lib\logging\__init__.py&quot;, line 338, in getMessage
    msg = msg % self.args
TypeError: not all arguments converted during string formatting
Call stack:
  File &quot;D:/TestScript/web_163_mail/run.py&quot;, line 12, in &lt;module&gt;
    pytest.main([&quot;-m&quot;,&quot;smoke&quot;,&quot;--reruns&quot;,&quot;2&quot;,&quot;--html=Reports\\{0}_report.html&quot;.format(time.strftime(&quot;%Y%m%d_%H%M%S&quot;))])
  File &quot;D:\soft\Python3\lib\site-packages\_pytest\config\__init__.py&quot;, line 77, in main
    return config.hook.pytest_cmdline_main(config=config)
  File &quot;D:\soft\Python3\lib\site-packages\pluggy\hooks.py&quot;, line 284, in __call__
    return self._hookexec(self, self.get_hookimpls(), kwargs)
  File &quot;D:\soft\Python3\lib\site-packages\pluggy\manager.py&quot;, line 67, in _hookexec
    return self._inner_hookexec(hook, methods, kwargs)
  File &quot;D:\soft\Python3\lib\site-packages\pluggy\manager.py&quot;, line 61, in &lt;lambda&gt;
    firstresult=hook.spec.opts.get(&quot;firstresult&quot;) if hook.spec else False,
  File &quot;D:\soft\Python3\lib\site-packages\pluggy\callers.py&quot;, line 187, in _multicall
    res = hook_impl.function(*args)
  File &quot;D:\soft\Python3\lib\site-packages\_pytest\main.py&quot;, line 217, in pytest_cmdline_main
    return wrap_session(config, _main)
  File &quot;D:\soft\Python3\lib\site-packages\_pytest\main.py&quot;, line 184, in wrap_session
    session.exitstatus = doit(config, session) or 0
  File &quot;D:\soft\Python3\lib\site-packages\_pytest\main.py&quot;, line 224, in _main
    config.hook.pytest_runtestloop(session=session)
  File &quot;D:\soft\Python3\lib\site-packages\pluggy\hooks.py&quot;, line 284, in __call__
    return self._hookexec(self, self.get_hookimpls(), kwargs)
  File &quot;D:\soft\Python3\lib\site-packages\pluggy\manager.py&quot;, line 67, in _hookexec
    return self._inner_hookexec(hook, methods, kwargs)
  File &quot;D:\soft\Python3\lib\site-packages\pluggy\manager.py&quot;, line 61, in &lt;lambda&gt;
    firstresult=hook.spec.opts.get(&quot;firstresult&quot;) if hook.spec else False,
  File &quot;D:\soft\Python3\lib\site-packages\pluggy\callers.py&quot;, line 187, in _multicall
    res = hook_impl.function(*args)
  File &quot;D:\soft\Python3\lib\site-packages\_pytest\main.py&quot;, line 245, in pytest_runtestloop
    item.config.hook.pytest_runtest_protocol(item=item, nextitem=nextitem)
  File &quot;D:\soft\Python3\lib\site-packages\pluggy\hooks.py&quot;, line 284, in __call__
    return self._hookexec(self, self.get_hookimpls(), kwargs)
  File &quot;D:\soft\Python3\lib\site-packages\pluggy\manager.py&quot;, line 67, in _hookexec
    return self._inner_hookexec(hook, methods, kwargs)
  File &quot;D:\soft\Python3\lib\site-packages\pluggy\manager.py&quot;, line 61, in &lt;lambda&gt;
    firstresult=hook.spec.opts.get(&quot;firstresult&quot;) if hook.spec else False,
  File &quot;D:\soft\Python3\lib\site-packages\pluggy\callers.py&quot;, line 187, in _multicall
    res = hook_impl.function(*args)
  File &quot;D:\soft\Python3\lib\site-packages\pytest_rerunfailures.py&quot;, line 175, in pytest_runtest_protocol
    reports = runtestprotocol(item, nextitem=nextitem, log=False)
  File &quot;D:\soft\Python3\lib\site-packages\_pytest\runner.py&quot;, line 92, in runtestprotocol
    reports.append(call_and_report(item, &quot;call&quot;, log))
  File &quot;D:\soft\Python3\lib\site-packages\_pytest\runner.py&quot;, line 172, in call_and_report
    call = call_runtest_hook(item, when, **kwds)
  File &quot;D:\soft\Python3\lib\site-packages\_pytest\runner.py&quot;, line 196, in call_runtest_hook
    treat_keyboard_interrupt_as_exception=item.config.getvalue(&quot;usepdb&quot;),
  File &quot;D:\soft\Python3\lib\site-packages\_pytest\runner.py&quot;, line 212, in __init__
    self.result = func()
  File &quot;D:\soft\Python3\lib\site-packages\_pytest\runner.py&quot;, line 194, in &lt;lambda&gt;
    lambda: ihook(item=item, **kwds),
  File &quot;D:\soft\Python3\lib\site-packages\pluggy\hooks.py&quot;, line 284, in __call__
    return self._hookexec(self, self.get_hookimpls(), kwargs)
  File &quot;D:\soft\Python3\lib\site-packages\pluggy\manager.py&quot;, line 67, in _hookexec
    return self._inner_hookexec(hook, methods, kwargs)
  File &quot;D:\soft\Python3\lib\site-packages\pluggy\manager.py&quot;, line 61, in &lt;lambda&gt;
    firstresult=hook.spec.opts.get(&quot;firstresult&quot;) if hook.spec else False,
  File &quot;D:\soft\Python3\lib\site-packages\pluggy\callers.py&quot;, line 187, in _multicall
    res = hook_impl.function(*args)
  File &quot;D:\soft\Python3\lib\site-packages\_pytest\runner.py&quot;, line 122, in pytest_runtest_call
    item.runtest()
  File &quot;D:\soft\Python3\lib\site-packages\_pytest\python.py&quot;, line 1438, in runtest
    self.ihook.pytest_pyfunc_call(pyfuncitem=self)
  File &quot;D:\soft\Python3\lib\site-packages\pluggy\hooks.py&quot;, line 284, in __call__
    return self._hookexec(self, self.get_hookimpls(), kwargs)
  File &quot;D:\soft\Python3\lib\site-packages\pluggy\manager.py&quot;, line 67, in _hookexec
    return self._inner_hookexec(hook, methods, kwargs)
  File &quot;D:\soft\Python3\lib\site-packages\pluggy\manager.py&quot;, line 61, in &lt;lambda&gt;
    firstresult=hook.spec.opts.get(&quot;firstresult&quot;) if hook.spec else False,
  File &quot;D:\soft\Python3\lib\site-packages\pluggy\callers.py&quot;, line 187, in _multicall
    res = hook_impl.function(*args)
  File &quot;D:\soft\Python3\lib\site-packages\_pytest\python.py&quot;, line 166, in pytest_pyfunc_call
    testfunction(**testargs)
  File &quot;D:\TestScript\web_163_mail\TestCases\test_writeEmail.py&quot;, line 43, in test_send_text_Email_ok
    assert WriteEmailPage(init_writeEnv).get_sendSuccess_msg() == send_textEmail_success[&#x27;expected&#x27;]
  File &quot;D:\TestScript\web_163_mail\PageObject\writeEmail_page.py&quot;, line 41, in get_sendSuccess_msg
    return self.get_text(self.sendEmail_success_msg,model_name=name)
  File &quot;D:\TestScript\web_163_mail\Common\BasePage.py&quot;, line 119, in get_text
    ele = self.find_ele(locator)
  File &quot;D:\TestScript\web_163_mail\Common\BasePage.py&quot;, line 30, in find_ele
    self._get_screenShot(model_name)
  File &quot;D:\TestScript\web_163_mail\Common\BasePage.py&quot;, line 150, in _get_screenShot
    logger.info(&#x27;截图成功，截图为：&#x27;,screen_path)
  File &quot;D:\soft\Python3\lib\logging\__init__.py&quot;, line 1875, in info
    root.info(msg, *args, **kwargs)
  File &quot;D:\soft\Python3\lib\logging\__init__.py&quot;, line 1306, in info
    self._log(INFO, msg, args, **kwargs)
  File &quot;D:\soft\Python3\lib\logging\__init__.py&quot;, line 1442, in _log
    self.handle(record)
  File &quot;D:\soft\Python3\lib\logging\__init__.py&quot;, line 1452, in handle
    self.callHandlers(record)
  File &quot;D:\soft\Python3\lib\logging\__init__.py&quot;, line 1514, in callHandlers
    hdlr.handle(record)
  File &quot;D:\soft\Python3\lib\logging\__init__.py&quot;, line 863, in handle
    self.emit(record)
  File &quot;D:\soft\Python3\lib\site-packages\_pytest\logging.py&quot;, line 206, in emit
    logging.StreamHandler.emit(self, record)
Message: &#x27;截图成功，截图为：&#x27;
Arguments: (&#x27;D:\\TestScript\\web_163_mail\\ScreenShots\\_20181129_145402.png&#x27;,)
------------------------------ Captured log call -------------------------------<br/>writeEmail_page.py          23 INFO     发送文本信息邮件
BasePage.py                100 INFO     等待中元素可见
BasePage.py                 26 INFO     查找元素_
BasePage.py                 51 INFO     -输入文本
BasePage.py                 26 INFO     查找元素_
BasePage.py                 51 INFO     -输入文本
BasePage.py                 26 INFO     查找元素_
BasePage.py                 91 INFO     等待并且换到iframe-发送文本信息邮件
BasePage.py                 26 INFO     查找元素_
BasePage.py                 51 INFO     -输入文本
BasePage.py                 26 INFO     查找元素_
BasePage.py                 61 INFO     发送文本信息邮件-点击操作
writeEmail_page.py          40 INFO     获取发送邮件成功的提示信息
BasePage.py                 26 INFO     查找元素_
BasePage.py                 29 ERROR    查找元素失败
Traceback (most recent call last):
  File &quot;D:\TestScript\web_163_mail\Common\BasePage.py&quot;, line 27, in find_ele
    return self.driver.find_element(*locator)
  File &quot;D:\soft\Python3\lib\site-packages\selenium\webdriver\remote\webdriver.py&quot;, line 978, in find_element
    &#x27;value&#x27;: value})[&#x27;value&#x27;]
  File &quot;D:\soft\Python3\lib\site-packages\selenium\webdriver\remote\webdriver.py&quot;, line 321, in execute
    self.error_handler.check_response(response)
  File &quot;D:\soft\Python3\lib\site-packages\selenium\webdriver\remote\errorhandler.py&quot;, line 242, in check_response
    raise exception_class(message, screen, stacktrace)
selenium.common.exceptions.NoSuchElementException: Message: no such element: Unable to locate element: {&quot;method&quot;:&quot;xpath&quot;,&quot;selector&quot;:&quot;//*[text()=&quot;发送成功&quot;]&quot;}
  (Session info: headless chrome=70.0.3538.110)
  (Driver info: chromedriver=2.43.600210 (68dcf5eebde37173d4027fa8635e332711d2874a),platform=Windows NT 10.0.17134 x86_64)---------------------------- Captured stderr setup -----------------------------<br/> Thu, 29 Nov 2018 14:54:09  INFO BasePage.py find_ele [ line:26 ] 查找元素_
 Thu, 29 Nov 2018 14:54:09  INFO BasePage.py wait_iframe_and_switch_to_it [ line:91 ] 等待并且换到iframe-
 Thu, 29 Nov 2018 14:54:09  INFO BasePage.py wait_eleVisibility [ line:100 ] 等待登录页面-输入用户名密码中元素可见
 Thu, 29 Nov 2018 14:54:09  INFO BasePage.py find_ele [ line:26 ] 查找元素_
 Thu, 29 Nov 2018 14:54:09  INFO BasePage.py move_IntoView [ line:110 ] 将登录页面-输入用户名密码的元素移动到可见区域
 Thu, 29 Nov 2018 14:54:09  INFO BasePage.py find_ele [ line:26 ] 查找元素_登录页面-输入用户名密码
 Thu, 29 Nov 2018 14:54:09  INFO BasePage.py input_keys [ line:51 ] 登录页面-输入用户名密码-输入文本
 Thu, 29 Nov 2018 14:54:10  INFO BasePage.py find_ele [ line:26 ] 查找元素_登录页面-输入用户名密码
 Thu, 29 Nov 2018 14:54:10  INFO BasePage.py input_keys [ line:51 ] 登录页面-输入用户名密码-输入文本
 Thu, 29 Nov 2018 14:54:10  INFO BasePage.py find_ele [ line:26 ] 查找元素_
 Thu, 29 Nov 2018 14:54:10  INFO BasePage.py move_IntoView [ line:110 ] 将登录页面-点击登录button的元素移动到可见区域
 Thu, 29 Nov 2018 14:54:10  INFO BasePage.py find_ele [ line:26 ] 查找元素_
 Thu, 29 Nov 2018 14:54:10  INFO BasePage.py click_ele [ line:61 ] 登录页面-点击登录button-点击操作
 Thu, 29 Nov 2018 14:54:10  INFO BasePage.py wait_eleVisibility [ line:100 ] 等待进入写信页面中元素可见
 Thu, 29 Nov 2018 14:54:12  INFO BasePage.py find_ele [ line:26 ] 查找元素_
 Thu, 29 Nov 2018 14:54:12  INFO BasePage.py move_IntoView [ line:110 ] 将进入写信页面的元素移动到可见区域
 Thu, 29 Nov 2018 14:54:12  INFO BasePage.py find_ele [ line:26 ] 查找元素_
 Thu, 29 Nov 2018 14:54:12  INFO BasePage.py click_ele [ line:61 ] 进入写信页面-点击操作
------------------------------ Captured log setup ------------------------------<br/>BasePage.py                 26 INFO     查找元素_
BasePage.py                 91 INFO     等待并且换到iframe-
BasePage.py                100 INFO     等待登录页面-输入用户名密码中元素可见
BasePage.py                 26 INFO     查找元素_
BasePage.py                110 INFO     将登录页面-输入用户名密码的元素移动到可见区域
BasePage.py                 26 INFO     查找元素_登录页面-输入用户名密码
BasePage.py                 51 INFO     登录页面-输入用户名密码-输入文本
BasePage.py                 26 INFO     查找元素_登录页面-输入用户名密码
BasePage.py                 51 INFO     登录页面-输入用户名密码-输入文本
BasePage.py                 26 INFO     查找元素_
BasePage.py                110 INFO     将登录页面-点击登录button的元素移动到可见区域
BasePage.py                 26 INFO     查找元素_
BasePage.py                 61 INFO     登录页面-点击登录button-点击操作
BasePage.py                100 INFO     等待进入写信页面中元素可见
BasePage.py                 26 INFO     查找元素_
BasePage.py                110 INFO     将进入写信页面的元素移动到可见区域
BasePage.py                 26 INFO     查找元素_
BasePage.py                 61 INFO     进入写信页面-点击操作----------------------------- Captured stderr call -----------------------------<br/> Thu, 29 Nov 2018 14:54:12  INFO writeEmail_page.py send_text_Email [ line:23 ] 发送文本信息邮件
 Thu, 29 Nov 2018 14:54:12  INFO BasePage.py wait_eleVisibility [ line:100 ] 等待中元素可见
 Thu, 29 Nov 2018 14:54:12  INFO BasePage.py find_ele [ line:26 ] 查找元素_
 Thu, 29 Nov 2018 14:54:12  INFO BasePage.py input_keys [ line:51 ] -输入文本
 Thu, 29 Nov 2018 14:54:13  INFO BasePage.py find_ele [ line:26 ] 查找元素_
 Thu, 29 Nov 2018 14:54:13  INFO BasePage.py input_keys [ line:51 ] -输入文本
 Thu, 29 Nov 2018 14:54:13  INFO BasePage.py find_ele [ line:26 ] 查找元素_
 Thu, 29 Nov 2018 14:54:13  INFO BasePage.py wait_iframe_and_switch_to_it [ line:91 ] 等待并且换到iframe-发送文本信息邮件
 Thu, 29 Nov 2018 14:54:13  INFO BasePage.py find_ele [ line:26 ] 查找元素_
 Thu, 29 Nov 2018 14:54:13  INFO BasePage.py input_keys [ line:51 ] -输入文本
 Thu, 29 Nov 2018 14:54:13  INFO BasePage.py find_ele [ line:26 ] 查找元素_
 Thu, 29 Nov 2018 14:54:13  INFO BasePage.py click_ele [ line:61 ] 发送文本信息邮件-点击操作
 Thu, 29 Nov 2018 14:54:13  INFO writeEmail_page.py get_sendSuccess_msg [ line:40 ] 获取发送邮件成功的提示信息
 Thu, 29 Nov 2018 14:54:13  INFO BasePage.py find_ele [ line:26 ] 查找元素_
 Thu, 29 Nov 2018 14:54:13  ERROR BasePage.py find_ele [ line:29 ] 查找元素失败
Traceback (most recent call last):
  File &quot;D:\TestScript\web_163_mail\Common\BasePage.py&quot;, line 27, in find_ele
    return self.driver.find_element(*locator)
  File &quot;D:\soft\Python3\lib\site-packages\selenium\webdriver\remote\webdriver.py&quot;, line 978, in find_element
    &#x27;value&#x27;: value})[&#x27;value&#x27;]
  File &quot;D:\soft\Python3\lib\site-packages\selenium\webdriver\remote\webdriver.py&quot;, line 321, in execute
    self.error_handler.check_response(response)
  File &quot;D:\soft\Python3\lib\site-packages\selenium\webdriver\remote\errorhandler.py&quot;, line 242, in check_response
    raise exception_class(message, screen, stacktrace)
selenium.common.exceptions.NoSuchElementException: Message: no such element: Unable to locate element: {&quot;method&quot;:&quot;xpath&quot;,&quot;selector&quot;:&quot;//*[text()=&quot;发送成功&quot;]&quot;}
  (Session info: headless chrome=70.0.3538.110)
  (Driver info: chromedriver=2.43.600210 (68dcf5eebde37173d4027fa8635e332711d2874a),platform=Windows NT 10.0.17134 x86_64)

--- Logging error ---
Traceback (most recent call last):
  File &quot;D:\TestScript\web_163_mail\Common\BasePage.py&quot;, line 27, in find_ele
    return self.driver.find_element(*locator)
  File &quot;D:\soft\Python3\lib\site-packages\selenium\webdriver\remote\webdriver.py&quot;, line 978, in find_element
    &#x27;value&#x27;: value})[&#x27;value&#x27;]
  File &quot;D:\soft\Python3\lib\site-packages\selenium\webdriver\remote\webdriver.py&quot;, line 321, in execute
    self.error_handler.check_response(response)
  File &quot;D:\soft\Python3\lib\site-packages\selenium\webdriver\remote\errorhandler.py&quot;, line 242, in check_response
    raise exception_class(message, screen, stacktrace)
selenium.common.exceptions.NoSuchElementException: Message: no such element: Unable to locate element: {&quot;method&quot;:&quot;xpath&quot;,&quot;selector&quot;:&quot;//*[text()=&quot;发送成功&quot;]&quot;}
  (Session info: headless chrome=70.0.3538.110)
  (Driver info: chromedriver=2.43.600210 (68dcf5eebde37173d4027fa8635e332711d2874a),platform=Windows NT 10.0.17134 x86_64)


During handling of the above exception, another exception occurred:

Traceback (most recent call last):
  File &quot;D:\soft\Python3\lib\logging\__init__.py&quot;, line 992, in emit
    msg = self.format(record)
  File &quot;D:\soft\Python3\lib\logging\__init__.py&quot;, line 838, in format
    return fmt.format(record)
  File &quot;D:\soft\Python3\lib\logging\__init__.py&quot;, line 575, in format
    record.message = record.getMessage()
  File &quot;D:\soft\Python3\lib\logging\__init__.py&quot;, line 338, in getMessage
    msg = msg % self.args
TypeError: not all arguments converted during string formatting
Call stack:
  File &quot;D:/TestScript/web_163_mail/run.py&quot;, line 12, in &lt;module&gt;
    pytest.main([&quot;-m&quot;,&quot;smoke&quot;,&quot;--reruns&quot;,&quot;2&quot;,&quot;--html=Reports\\{0}_report.html&quot;.format(time.strftime(&quot;%Y%m%d_%H%M%S&quot;))])
  File &quot;D:\soft\Python3\lib\site-packages\_pytest\config\__init__.py&quot;, line 77, in main
    return config.hook.pytest_cmdline_main(config=config)
  File &quot;D:\soft\Python3\lib\site-packages\pluggy\hooks.py&quot;, line 284, in __call__
    return self._hookexec(self, self.get_hookimpls(), kwargs)
  File &quot;D:\soft\Python3\lib\site-packages\pluggy\manager.py&quot;, line 67, in _hookexec
    return self._inner_hookexec(hook, methods, kwargs)
  File &quot;D:\soft\Python3\lib\site-packages\pluggy\manager.py&quot;, line 61, in &lt;lambda&gt;
    firstresult=hook.spec.opts.get(&quot;firstresult&quot;) if hook.spec else False,
  File &quot;D:\soft\Python3\lib\site-packages\pluggy\callers.py&quot;, line 187, in _multicall
    res = hook_impl.function(*args)
  File &quot;D:\soft\Python3\lib\site-packages\_pytest\main.py&quot;, line 217, in pytest_cmdline_main
    return wrap_session(config, _main)
  File &quot;D:\soft\Python3\lib\site-packages\_pytest\main.py&quot;, line 184, in wrap_session
    session.exitstatus = doit(config, session) or 0
  File &quot;D:\soft\Python3\lib\site-packages\_pytest\main.py&quot;, line 224, in _main
    config.hook.pytest_runtestloop(session=session)
  File &quot;D:\soft\Python3\lib\site-packages\pluggy\hooks.py&quot;, line 284, in __call__
    return self._hookexec(self, self.get_hookimpls(), kwargs)
  File &quot;D:\soft\Python3\lib\site-packages\pluggy\manager.py&quot;, line 67, in _hookexec
    return self._inner_hookexec(hook, methods, kwargs)
  File &quot;D:\soft\Python3\lib\site-packages\pluggy\manager.py&quot;, line 61, in &lt;lambda&gt;
    firstresult=hook.spec.opts.get(&quot;firstresult&quot;) if hook.spec else False,
  File &quot;D:\soft\Python3\lib\site-packages\pluggy\callers.py&quot;, line 187, in _multicall
    res = hook_impl.function(*args)
  File &quot;D:\soft\Python3\lib\site-packages\_pytest\main.py&quot;, line 245, in pytest_runtestloop
    item.config.hook.pytest_runtest_protocol(item=item, nextitem=nextitem)
  File &quot;D:\soft\Python3\lib\site-packages\pluggy\hooks.py&quot;, line 284, in __call__
    return self._hookexec(self, self.get_hookimpls(), kwargs)
  File &quot;D:\soft\Python3\lib\site-packages\pluggy\manager.py&quot;, line 67, in _hookexec
    return self._inner_hookexec(hook, methods, kwargs)
  File &quot;D:\soft\Python3\lib\site-packages\pluggy\manager.py&quot;, line 61, in &lt;lambda&gt;
    firstresult=hook.spec.opts.get(&quot;firstresult&quot;) if hook.spec else False,
  File &quot;D:\soft\Python3\lib\site-packages\pluggy\callers.py&quot;, line 187, in _multicall
    res = hook_impl.function(*args)
  File &quot;D:\soft\Python3\lib\site-packages\pytest_rerunfailures.py&quot;, line 175, in pytest_runtest_protocol
    reports = runtestprotocol(item, nextitem=nextitem, log=False)
  File &quot;D:\soft\Python3\lib\site-packages\_pytest\runner.py&quot;, line 92, in runtestprotocol
    reports.append(call_and_report(item, &quot;call&quot;, log))
  File &quot;D:\soft\Python3\lib\site-packages\_pytest\runner.py&quot;, line 172, in call_and_report
    call = call_runtest_hook(item, when, **kwds)
  File &quot;D:\soft\Python3\lib\site-packages\_pytest\runner.py&quot;, line 196, in call_runtest_hook
    treat_keyboard_interrupt_as_exception=item.config.getvalue(&quot;usepdb&quot;),
  File &quot;D:\soft\Python3\lib\site-packages\_pytest\runner.py&quot;, line 212, in __init__
    self.result = func()
  File &quot;D:\soft\Python3\lib\site-packages\_pytest\runner.py&quot;, line 194, in &lt;lambda&gt;
    lambda: ihook(item=item, **kwds),
  File &quot;D:\soft\Python3\lib\site-packages\pluggy\hooks.py&quot;, line 284, in __call__
    return self._hookexec(self, self.get_hookimpls(), kwargs)
  File &quot;D:\soft\Python3\lib\site-packages\pluggy\manager.py&quot;, line 67, in _hookexec
    return self._inner_hookexec(hook, methods, kwargs)
  File &quot;D:\soft\Python3\lib\site-packages\pluggy\manager.py&quot;, line 61, in &lt;lambda&gt;
    firstresult=hook.spec.opts.get(&quot;firstresult&quot;) if hook.spec else False,
  File &quot;D:\soft\Python3\lib\site-packages\pluggy\callers.py&quot;, line 187, in _multicall
    res = hook_impl.function(*args)
  File &quot;D:\soft\Python3\lib\site-packages\_pytest\runner.py&quot;, line 122, in pytest_runtest_call
    item.runtest()
  File &quot;D:\soft\Python3\lib\site-packages\_pytest\python.py&quot;, line 1438, in runtest
    self.ihook.pytest_pyfunc_call(pyfuncitem=self)
  File &quot;D:\soft\Python3\lib\site-packages\pluggy\hooks.py&quot;, line 284, in __call__
    return self._hookexec(self, self.get_hookimpls(), kwargs)
  File &quot;D:\soft\Python3\lib\site-packages\pluggy\manager.py&quot;, line 67, in _hookexec
    return self._inner_hookexec(hook, methods, kwargs)
  File &quot;D:\soft\Python3\lib\site-packages\pluggy\manager.py&quot;, line 61, in &lt;lambda&gt;
    firstresult=hook.spec.opts.get(&quot;firstresult&quot;) if hook.spec else False,
  File &quot;D:\soft\Python3\lib\site-packages\pluggy\callers.py&quot;, line 187, in _multicall
    res = hook_impl.function(*args)
  File &quot;D:\soft\Python3\lib\site-packages\_pytest\python.py&quot;, line 166, in pytest_pyfunc_call
    testfunction(**testargs)
  File &quot;D:\TestScript\web_163_mail\TestCases\test_writeEmail.py&quot;, line 43, in test_send_text_Email_ok
    assert WriteEmailPage(init_writeEnv).get_sendSuccess_msg() == send_textEmail_success[&#x27;expected&#x27;]
  File &quot;D:\TestScript\web_163_mail\PageObject\writeEmail_page.py&quot;, line 41, in get_sendSuccess_msg
    return self.get_text(self.sendEmail_success_msg,model_name=name)
  File &quot;D:\TestScript\web_163_mail\Common\BasePage.py&quot;, line 119, in get_text
    ele = self.find_ele(locator)
  File &quot;D:\TestScript\web_163_mail\Common\BasePage.py&quot;, line 30, in find_ele
    self._get_screenShot(model_name)
  File &quot;D:\TestScript\web_163_mail\Common\BasePage.py&quot;, line 150, in _get_screenShot
    logger.info(&#x27;截图成功，截图为：&#x27;,screen_path)
Message: &#x27;截图成功，截图为：&#x27;
Arguments: (&#x27;D:\\TestScript\\web_163_mail\\ScreenShots\\_20181129_145413.png&#x27;,)
--- Logging error ---
Traceback (most recent call last):
  File &quot;D:\TestScript\web_163_mail\Common\BasePage.py&quot;, line 27, in find_ele
    return self.driver.find_element(*locator)
  File &quot;D:\soft\Python3\lib\site-packages\selenium\webdriver\remote\webdriver.py&quot;, line 978, in find_element
    &#x27;value&#x27;: value})[&#x27;value&#x27;]
  File &quot;D:\soft\Python3\lib\site-packages\selenium\webdriver\remote\webdriver.py&quot;, line 321, in execute
    self.error_handler.check_response(response)
  File &quot;D:\soft\Python3\lib\site-packages\selenium\webdriver\remote\errorhandler.py&quot;, line 242, in check_response
    raise exception_class(message, screen, stacktrace)
selenium.common.exceptions.NoSuchElementException: Message: no such element: Unable to locate element: {&quot;method&quot;:&quot;xpath&quot;,&quot;selector&quot;:&quot;//*[text()=&quot;发送成功&quot;]&quot;}
  (Session info: headless chrome=70.0.3538.110)
  (Driver info: chromedriver=2.43.600210 (68dcf5eebde37173d4027fa8635e332711d2874a),platform=Windows NT 10.0.17134 x86_64)


During handling of the above exception, another exception occurred:

Traceback (most recent call last):
  File &quot;D:\soft\Python3\lib\logging\__init__.py&quot;, line 992, in emit
    msg = self.format(record)
  File &quot;D:\soft\Python3\lib\logging\__init__.py&quot;, line 838, in format
    return fmt.format(record)
  File &quot;D:\soft\Python3\lib\logging\__init__.py&quot;, line 575, in format
    record.message = record.getMessage()
  File &quot;D:\soft\Python3\lib\logging\__init__.py&quot;, line 338, in getMessage
    msg = msg % self.args
TypeError: not all arguments converted during string formatting
Call stack:
  File &quot;D:/TestScript/web_163_mail/run.py&quot;, line 12, in &lt;module&gt;
    pytest.main([&quot;-m&quot;,&quot;smoke&quot;,&quot;--reruns&quot;,&quot;2&quot;,&quot;--html=Reports\\{0}_report.html&quot;.format(time.strftime(&quot;%Y%m%d_%H%M%S&quot;))])
  File &quot;D:\soft\Python3\lib\site-packages\_pytest\config\__init__.py&quot;, line 77, in main
    return config.hook.pytest_cmdline_main(config=config)
  File &quot;D:\soft\Python3\lib\site-packages\pluggy\hooks.py&quot;, line 284, in __call__
    return self._hookexec(self, self.get_hookimpls(), kwargs)
  File &quot;D:\soft\Python3\lib\site-packages\pluggy\manager.py&quot;, line 67, in _hookexec
    return self._inner_hookexec(hook, methods, kwargs)
  File &quot;D:\soft\Python3\lib\site-packages\pluggy\manager.py&quot;, line 61, in &lt;lambda&gt;
    firstresult=hook.spec.opts.get(&quot;firstresult&quot;) if hook.spec else False,
  File &quot;D:\soft\Python3\lib\site-packages\pluggy\callers.py&quot;, line 187, in _multicall
    res = hook_impl.function(*args)
  File &quot;D:\soft\Python3\lib\site-packages\_pytest\main.py&quot;, line 217, in pytest_cmdline_main
    return wrap_session(config, _main)
  File &quot;D:\soft\Python3\lib\site-packages\_pytest\main.py&quot;, line 184, in wrap_session
    session.exitstatus = doit(config, session) or 0
  File &quot;D:\soft\Python3\lib\site-packages\_pytest\main.py&quot;, line 224, in _main
    config.hook.pytest_runtestloop(session=session)
  File &quot;D:\soft\Python3\lib\site-packages\pluggy\hooks.py&quot;, line 284, in __call__
    return self._hookexec(self, self.get_hookimpls(), kwargs)
  File &quot;D:\soft\Python3\lib\site-packages\pluggy\manager.py&quot;, line 67, in _hookexec
    return self._inner_hookexec(hook, methods, kwargs)
  File &quot;D:\soft\Python3\lib\site-packages\pluggy\manager.py&quot;, line 61, in &lt;lambda&gt;
    firstresult=hook.spec.opts.get(&quot;firstresult&quot;) if hook.spec else False,
  File &quot;D:\soft\Python3\lib\site-packages\pluggy\callers.py&quot;, line 187, in _multicall
    res = hook_impl.function(*args)
  File &quot;D:\soft\Python3\lib\site-packages\_pytest\main.py&quot;, line 245, in pytest_runtestloop
    item.config.hook.pytest_runtest_protocol(item=item, nextitem=nextitem)
  File &quot;D:\soft\Python3\lib\site-packages\pluggy\hooks.py&quot;, line 284, in __call__
    return self._hookexec(self, self.get_hookimpls(), kwargs)
  File &quot;D:\soft\Python3\lib\site-packages\pluggy\manager.py&quot;, line 67, in _hookexec
    return self._inner_hookexec(hook, methods, kwargs)
  File &quot;D:\soft\Python3\lib\site-packages\pluggy\manager.py&quot;, line 61, in &lt;lambda&gt;
    firstresult=hook.spec.opts.get(&quot;firstresult&quot;) if hook.spec else False,
  File &quot;D:\soft\Python3\lib\site-packages\pluggy\callers.py&quot;, line 187, in _multicall
    res = hook_impl.function(*args)
  File &quot;D:\soft\Python3\lib\site-packages\pytest_rerunfailures.py&quot;, line 175, in pytest_runtest_protocol
    reports = runtestprotocol(item, nextitem=nextitem, log=False)
  File &quot;D:\soft\Python3\lib\site-packages\_pytest\runner.py&quot;, line 92, in runtestprotocol
    reports.append(call_and_report(item, &quot;call&quot;, log))
  File &quot;D:\soft\Python3\lib\site-packages\_pytest\runner.py&quot;, line 172, in call_and_report
    call = call_runtest_hook(item, when, **kwds)
  File &quot;D:\soft\Python3\lib\site-packages\_pytest\runner.py&quot;, line 196, in call_runtest_hook
    treat_keyboard_interrupt_as_exception=item.config.getvalue(&quot;usepdb&quot;),
  File &quot;D:\soft\Python3\lib\site-packages\_pytest\runner.py&quot;, line 212, in __init__
    self.result = func()
  File &quot;D:\soft\Python3\lib\site-packages\_pytest\runner.py&quot;, line 194, in &lt;lambda&gt;
    lambda: ihook(item=item, **kwds),
  File &quot;D:\soft\Python3\lib\site-packages\pluggy\hooks.py&quot;, line 284, in __call__
    return self._hookexec(self, self.get_hookimpls(), kwargs)
  File &quot;D:\soft\Python3\lib\site-packages\pluggy\manager.py&quot;, line 67, in _hookexec
    return self._inner_hookexec(hook, methods, kwargs)
  File &quot;D:\soft\Python3\lib\site-packages\pluggy\manager.py&quot;, line 61, in &lt;lambda&gt;
    firstresult=hook.spec.opts.get(&quot;firstresult&quot;) if hook.spec else False,
  File &quot;D:\soft\Python3\lib\site-packages\pluggy\callers.py&quot;, line 187, in _multicall
    res = hook_impl.function(*args)
  File &quot;D:\soft\Python3\lib\site-packages\_pytest\runner.py&quot;, line 122, in pytest_runtest_call
    item.runtest()
  File &quot;D:\soft\Python3\lib\site-packages\_pytest\python.py&quot;, line 1438, in runtest
    self.ihook.pytest_pyfunc_call(pyfuncitem=self)
  File &quot;D:\soft\Python3\lib\site-packages\pluggy\hooks.py&quot;, line 284, in __call__
    return self._hookexec(self, self.get_hookimpls(), kwargs)
  File &quot;D:\soft\Python3\lib\site-packages\pluggy\manager.py&quot;, line 67, in _hookexec
    return self._inner_hookexec(hook, methods, kwargs)
  File &quot;D:\soft\Python3\lib\site-packages\pluggy\manager.py&quot;, line 61, in &lt;lambda&gt;
    firstresult=hook.spec.opts.get(&quot;firstresult&quot;) if hook.spec else False,
  File &quot;D:\soft\Python3\lib\site-packages\pluggy\callers.py&quot;, line 187, in _multicall
    res = hook_impl.function(*args)
  File &quot;D:\soft\Python3\lib\site-packages\_pytest\python.py&quot;, line 166, in pytest_pyfunc_call
    testfunction(**testargs)
  File &quot;D:\TestScript\web_163_mail\TestCases\test_writeEmail.py&quot;, line 43, in test_send_text_Email_ok
    assert WriteEmailPage(init_writeEnv).get_sendSuccess_msg() == send_textEmail_success[&#x27;expected&#x27;]
  File &quot;D:\TestScript\web_163_mail\PageObject\writeEmail_page.py&quot;, line 41, in get_sendSuccess_msg
    return self.get_text(self.sendEmail_success_msg,model_name=name)
  File &quot;D:\TestScript\web_163_mail\Common\BasePage.py&quot;, line 119, in get_text
    ele = self.find_ele(locator)
  File &quot;D:\TestScript\web_163_mail\Common\BasePage.py&quot;, line 30, in find_ele
    self._get_screenShot(model_name)
  File &quot;D:\TestScript\web_163_mail\Common\BasePage.py&quot;, line 150, in _get_screenShot
    logger.info(&#x27;截图成功，截图为：&#x27;,screen_path)
Message: &#x27;截图成功，截图为：&#x27;
Arguments: (&#x27;D:\\TestScript\\web_163_mail\\ScreenShots\\_20181129_145413.png&#x27;,)
--- Logging error ---
Traceback (most recent call last):
  File &quot;D:\TestScript\web_163_mail\Common\BasePage.py&quot;, line 27, in find_ele
    return self.driver.find_element(*locator)
  File &quot;D:\soft\Python3\lib\site-packages\selenium\webdriver\remote\webdriver.py&quot;, line 978, in find_element
    &#x27;value&#x27;: value})[&#x27;value&#x27;]
  File &quot;D:\soft\Python3\lib\site-packages\selenium\webdriver\remote\webdriver.py&quot;, line 321, in execute
    self.error_handler.check_response(response)
  File &quot;D:\soft\Python3\lib\site-packages\selenium\webdriver\remote\errorhandler.py&quot;, line 242, in check_response
    raise exception_class(message, screen, stacktrace)
selenium.common.exceptions.NoSuchElementException: Message: no such element: Unable to locate element: {&quot;method&quot;:&quot;xpath&quot;,&quot;selector&quot;:&quot;//*[text()=&quot;发送成功&quot;]&quot;}
  (Session info: headless chrome=70.0.3538.110)
  (Driver info: chromedriver=2.43.600210 (68dcf5eebde37173d4027fa8635e332711d2874a),platform=Windows NT 10.0.17134 x86_64)


During handling of the above exception, another exception occurred:

Traceback (most recent call last):
  File &quot;D:\soft\Python3\lib\logging\__init__.py&quot;, line 992, in emit
    msg = self.format(record)
  File &quot;D:\soft\Python3\lib\logging\__init__.py&quot;, line 838, in format
    return fmt.format(record)
  File &quot;D:\soft\Python3\lib\logging\__init__.py&quot;, line 575, in format
    record.message = record.getMessage()
  File &quot;D:\soft\Python3\lib\logging\__init__.py&quot;, line 338, in getMessage
    msg = msg % self.args
TypeError: not all arguments converted during string formatting
Call stack:
  File &quot;D:/TestScript/web_163_mail/run.py&quot;, line 12, in &lt;module&gt;
    pytest.main([&quot;-m&quot;,&quot;smoke&quot;,&quot;--reruns&quot;,&quot;2&quot;,&quot;--html=Reports\\{0}_report.html&quot;.format(time.strftime(&quot;%Y%m%d_%H%M%S&quot;))])
  File &quot;D:\soft\Python3\lib\site-packages\_pytest\config\__init__.py&quot;, line 77, in main
    return config.hook.pytest_cmdline_main(config=config)
  File &quot;D:\soft\Python3\lib\site-packages\pluggy\hooks.py&quot;, line 284, in __call__
    return self._hookexec(self, self.get_hookimpls(), kwargs)
  File &quot;D:\soft\Python3\lib\site-packages\pluggy\manager.py&quot;, line 67, in _hookexec
    return self._inner_hookexec(hook, methods, kwargs)
  File &quot;D:\soft\Python3\lib\site-packages\pluggy\manager.py&quot;, line 61, in &lt;lambda&gt;
    firstresult=hook.spec.opts.get(&quot;firstresult&quot;) if hook.spec else False,
  File &quot;D:\soft\Python3\lib\site-packages\pluggy\callers.py&quot;, line 187, in _multicall
    res = hook_impl.function(*args)
  File &quot;D:\soft\Python3\lib\site-packages\_pytest\main.py&quot;, line 217, in pytest_cmdline_main
    return wrap_session(config, _main)
  File &quot;D:\soft\Python3\lib\site-packages\_pytest\main.py&quot;, line 184, in wrap_session
    session.exitstatus = doit(config, session) or 0
  File &quot;D:\soft\Python3\lib\site-packages\_pytest\main.py&quot;, line 224, in _main
    config.hook.pytest_runtestloop(session=session)
  File &quot;D:\soft\Python3\lib\site-packages\pluggy\hooks.py&quot;, line 284, in __call__
    return self._hookexec(self, self.get_hookimpls(), kwargs)
  File &quot;D:\soft\Python3\lib\site-packages\pluggy\manager.py&quot;, line 67, in _hookexec
    return self._inner_hookexec(hook, methods, kwargs)
  File &quot;D:\soft\Python3\lib\site-packages\pluggy\manager.py&quot;, line 61, in &lt;lambda&gt;
    firstresult=hook.spec.opts.get(&quot;firstresult&quot;) if hook.spec else False,
  File &quot;D:\soft\Python3\lib\site-packages\pluggy\callers.py&quot;, line 187, in _multicall
    res = hook_impl.function(*args)
  File &quot;D:\soft\Python3\lib\site-packages\_pytest\main.py&quot;, line 245, in pytest_runtestloop
    item.config.hook.pytest_runtest_protocol(item=item, nextitem=nextitem)
  File &quot;D:\soft\Python3\lib\site-packages\pluggy\hooks.py&quot;, line 284, in __call__
    return self._hookexec(self, self.get_hookimpls(), kwargs)
  File &quot;D:\soft\Python3\lib\site-packages\pluggy\manager.py&quot;, line 67, in _hookexec
    return self._inner_hookexec(hook, methods, kwargs)
  File &quot;D:\soft\Python3\lib\site-packages\pluggy\manager.py&quot;, line 61, in &lt;lambda&gt;
    firstresult=hook.spec.opts.get(&quot;firstresult&quot;) if hook.spec else False,
  File &quot;D:\soft\Python3\lib\site-packages\pluggy\callers.py&quot;, line 187, in _multicall
    res = hook_impl.function(*args)
  File &quot;D:\soft\Python3\lib\site-packages\pytest_rerunfailures.py&quot;, line 175, in pytest_runtest_protocol
    reports = runtestprotocol(item, nextitem=nextitem, log=False)
  File &quot;D:\soft\Python3\lib\site-packages\_pytest\runner.py&quot;, line 92, in runtestprotocol
    reports.append(call_and_report(item, &quot;call&quot;, log))
  File &quot;D:\soft\Python3\lib\site-packages\_pytest\runner.py&quot;, line 172, in call_and_report
    call = call_runtest_hook(item, when, **kwds)
  File &quot;D:\soft\Python3\lib\site-packages\_pytest\runner.py&quot;, line 196, in call_runtest_hook
    treat_keyboard_interrupt_as_exception=item.config.getvalue(&quot;usepdb&quot;),
  File &quot;D:\soft\Python3\lib\site-packages\_pytest\runner.py&quot;, line 212, in __init__
    self.result = func()
  File &quot;D:\soft\Python3\lib\site-packages\_pytest\runner.py&quot;, line 194, in &lt;lambda&gt;
    lambda: ihook(item=item, **kwds),
  File &quot;D:\soft\Python3\lib\site-packages\pluggy\hooks.py&quot;, line 284, in __call__
    return self._hookexec(self, self.get_hookimpls(), kwargs)
  File &quot;D:\soft\Python3\lib\site-packages\pluggy\manager.py&quot;, line 67, in _hookexec
    return self._inner_hookexec(hook, methods, kwargs)
  File &quot;D:\soft\Python3\lib\site-packages\pluggy\manager.py&quot;, line 61, in &lt;lambda&gt;
    firstresult=hook.spec.opts.get(&quot;firstresult&quot;) if hook.spec else False,
  File &quot;D:\soft\Python3\lib\site-packages\pluggy\callers.py&quot;, line 187, in _multicall
    res = hook_impl.function(*args)
  File &quot;D:\soft\Python3\lib\site-packages\_pytest\runner.py&quot;, line 122, in pytest_runtest_call
    item.runtest()
  File &quot;D:\soft\Python3\lib\site-packages\_pytest\python.py&quot;, line 1438, in runtest
    self.ihook.pytest_pyfunc_call(pyfuncitem=self)
  File &quot;D:\soft\Python3\lib\site-packages\pluggy\hooks.py&quot;, line 284, in __call__
    return self._hookexec(self, self.get_hookimpls(), kwargs)
  File &quot;D:\soft\Python3\lib\site-packages\pluggy\manager.py&quot;, line 67, in _hookexec
    return self._inner_hookexec(hook, methods, kwargs)
  File &quot;D:\soft\Python3\lib\site-packages\pluggy\manager.py&quot;, line 61, in &lt;lambda&gt;
    firstresult=hook.spec.opts.get(&quot;firstresult&quot;) if hook.spec else False,
  File &quot;D:\soft\Python3\lib\site-packages\pluggy\callers.py&quot;, line 187, in _multicall
    res = hook_impl.function(*args)
  File &quot;D:\soft\Python3\lib\site-packages\_pytest\python.py&quot;, line 166, in pytest_pyfunc_call
    testfunction(**testargs)
  File &quot;D:\TestScript\web_163_mail\TestCases\test_writeEmail.py&quot;, line 43, in test_send_text_Email_ok
    assert WriteEmailPage(init_writeEnv).get_sendSuccess_msg() == send_textEmail_success[&#x27;expected&#x27;]
  File &quot;D:\TestScript\web_163_mail\PageObject\writeEmail_page.py&quot;, line 41, in get_sendSuccess_msg
    return self.get_text(self.sendEmail_success_msg,model_name=name)
  File &quot;D:\TestScript\web_163_mail\Common\BasePage.py&quot;, line 119, in get_text
    ele = self.find_ele(locator)
  File &quot;D:\TestScript\web_163_mail\Common\BasePage.py&quot;, line 30, in find_ele
    self._get_screenShot(model_name)
  File &quot;D:\TestScript\web_163_mail\Common\BasePage.py&quot;, line 150, in _get_screenShot
    logger.info(&#x27;截图成功，截图为：&#x27;,screen_path)
  File &quot;D:\soft\Python3\lib\logging\__init__.py&quot;, line 1875, in info
    root.info(msg, *args, **kwargs)
  File &quot;D:\soft\Python3\lib\logging\__init__.py&quot;, line 1306, in info
    self._log(INFO, msg, args, **kwargs)
  File &quot;D:\soft\Python3\lib\logging\__init__.py&quot;, line 1442, in _log
    self.handle(record)
  File &quot;D:\soft\Python3\lib\logging\__init__.py&quot;, line 1452, in handle
    self.callHandlers(record)
  File &quot;D:\soft\Python3\lib\logging\__init__.py&quot;, line 1514, in callHandlers
    hdlr.handle(record)
  File &quot;D:\soft\Python3\lib\logging\__init__.py&quot;, line 863, in handle
    self.emit(record)
  File &quot;D:\soft\Python3\lib\site-packages\_pytest\logging.py&quot;, line 206, in emit
    logging.StreamHandler.emit(self, record)
Message: &#x27;截图成功，截图为：&#x27;
Arguments: (&#x27;D:\\TestScript\\web_163_mail\\ScreenShots\\_20181129_145413.png&#x27;,)
------------------------------ Captured log call -------------------------------<br/>writeEmail_page.py          23 INFO     发送文本信息邮件
BasePage.py                100 INFO     等待中元素可见
BasePage.py                 26 INFO     查找元素_
BasePage.py                 51 INFO     -输入文本
BasePage.py                 26 INFO     查找元素_
BasePage.py                 51 INFO     -输入文本
BasePage.py                 26 INFO     查找元素_
BasePage.py                 91 INFO     等待并且换到iframe-发送文本信息邮件
BasePage.py                 26 INFO     查找元素_
BasePage.py                 51 INFO     -输入文本
BasePage.py                 26 INFO     查找元素_
BasePage.py                 61 INFO     发送文本信息邮件-点击操作
writeEmail_page.py          40 INFO     获取发送邮件成功的提示信息
BasePage.py                 26 INFO     查找元素_
BasePage.py                 29 ERROR    查找元素失败
Traceback (most recent call last):
  File &quot;D:\TestScript\web_163_mail\Common\BasePage.py&quot;, line 27, in find_ele
    return self.driver.find_element(*locator)
  File &quot;D:\soft\Python3\lib\site-packages\selenium\webdriver\remote\webdriver.py&quot;, line 978, in find_element
    &#x27;value&#x27;: value})[&#x27;value&#x27;]
  File &quot;D:\soft\Python3\lib\site-packages\selenium\webdriver\remote\webdriver.py&quot;, line 321, in execute
    self.error_handler.check_response(response)
  File &quot;D:\soft\Python3\lib\site-packages\selenium\webdriver\remote\errorhandler.py&quot;, line 242, in check_response
    raise exception_class(message, screen, stacktrace)
selenium.common.exceptions.NoSuchElementException: Message: no such element: Unable to locate element: {&quot;method&quot;:&quot;xpath&quot;,&quot;selector&quot;:&quot;//*[text()=&quot;发送成功&quot;]&quot;}
  (Session info: headless chrome=70.0.3538.110)
  (Driver info: chromedriver=2.43.600210 (68dcf5eebde37173d4027fa8635e332711d2874a),platform=Windows NT 10.0.17134 x86_64)</div></td></tr></tbody>
      <tbody class="rerun results-table-row">
        <tr>
          <td class="col-result">Rerun</td>
          <td class="col-name">TestCases/test_writeEmail.py::TestWriteEmail::()::test_send_text_Email_ok</td>
          <td class="col-duration">2.35</td>
          <td class="col-links"></td></tr>
        <tr>
          <td class="extra" colspan="4">
            <div class="log">self = &lt;TestCases.test_writeEmail.TestWriteEmail object at 0x000001739A40A9E8&gt;<br/>init_writeEnv = &lt;selenium.webdriver.chrome.webdriver.WebDriver (session=&quot;561762d21434a3a6d2d55ad49d010d4a&quot;)&gt;<br/><br/>    @pytest.mark.smoke<br/>    def test_send_text_Email_ok(self,init_writeEnv):<br/>        #步骤：发送邮件<br/>        WriteEmailPage(init_writeEnv).send_text_Email(send_textEmail_success[&#x27;receive&#x27;],send_textEmail_success[&#x27;subject&#x27;],send_textEmail_success[&#x27;Email_content&#x27;])<br/>        #断言：是否有发送成功的提示<br/>        try:<br/>&gt;           assert WriteEmailPage(init_writeEnv).get_sendSuccess_msg() == send_textEmail_success[&#x27;expected&#x27;]<br/><br/>TestCases\test_writeEmail.py:43: <br/>_ _ _ _ _ _ _ _ _ _ _ _ _ _ _ _ _ _ _ _ _ _ _ _ _ _ _ _ _ _ _ _ _ _ _ _ _ _ _ _<br/>PageObject\writeEmail_page.py:41: in get_sendSuccess_msg<br/>    return self.get_text(self.sendEmail_success_msg,model_name=name)<br/>Common\BasePage.py:119: in get_text<br/>    ele = self.find_ele(locator)<br/>Common\BasePage.py:27: in find_ele<br/>    return self.driver.find_element(*locator)<br/>D:\soft\Python3\lib\site-packages\selenium\webdriver\remote\webdriver.py:978: in find_element<br/>    &#x27;value&#x27;: value})[&#x27;value&#x27;]<br/>D:\soft\Python3\lib\site-packages\selenium\webdriver\remote\webdriver.py:321: in execute<br/>    self.error_handler.check_response(response)<br/>_ _ _ _ _ _ _ _ _ _ _ _ _ _ _ _ _ _ _ _ _ _ _ _ _ _ _ _ _ _ _ _ _ _ _ _ _ _ _ _<br/><br/>self = &lt;selenium.webdriver.remote.errorhandler.ErrorHandler object at 0x000001739A40AEB8&gt;<br/>response = {&#x27;sessionId&#x27;: &#x27;561762d21434a3a6d2d55ad49d010d4a&#x27;, &#x27;status&#x27;: 7, &#x27;value&#x27;: {&#x27;message&#x27;: &#x27;no such element: Unable to locate...ver info: chromedriver=2.43.600210 (68dcf5eebde37173d4027fa8635e332711d2874a),platform=Windows NT 10.0.17134 x86_64)&#x27;}}<br/><br/>    def check_response(self, response):<br/>        &quot;&quot;&quot;<br/>        Checks that a JSON response from the WebDriver does not have an error.<br/>    <br/>        :Args:<br/>         - response - The JSON response from the WebDriver server as a dictionary<br/>           object.<br/>    <br/>        :Raises: If the response contains an error message.<br/>        &quot;&quot;&quot;<br/>        status = response.get(&#x27;status&#x27;, None)<br/>        if status is None or status == ErrorCode.SUCCESS:<br/>            return<br/>        value = None<br/>        message = response.get(&quot;message&quot;, &quot;&quot;)<br/>        screen = response.get(&quot;screen&quot;, &quot;&quot;)<br/>        stacktrace = None<br/>        if isinstance(status, int):<br/>            value_json = response.get(&#x27;value&#x27;, None)<br/>            if value_json and isinstance(value_json, basestring):<br/>                import json<br/>                try:<br/>                    value = json.loads(value_json)<br/>                    if len(value.keys()) == 1:<br/>                        value = value[&#x27;value&#x27;]<br/>                    status = value.get(&#x27;error&#x27;, None)<br/>                    if status is None:<br/>                        status = value[&quot;status&quot;]<br/>                        message = value[&quot;value&quot;]<br/>                        if not isinstance(message, basestring):<br/>                            value = message<br/>                            message = message.get(&#x27;message&#x27;)<br/>                    else:<br/>                        message = value.get(&#x27;message&#x27;, None)<br/>                except ValueError:<br/>                    pass<br/>    <br/>        exception_class = ErrorInResponseException<br/>        if status in ErrorCode.NO_SUCH_ELEMENT:<br/>            exception_class = NoSuchElementException<br/>        elif status in ErrorCode.NO_SUCH_FRAME:<br/>            exception_class = NoSuchFrameException<br/>        elif status in ErrorCode.NO_SUCH_WINDOW:<br/>            exception_class = NoSuchWindowException<br/>        elif status in ErrorCode.STALE_ELEMENT_REFERENCE:<br/>            exception_class = StaleElementReferenceException<br/>        elif status in ErrorCode.ELEMENT_NOT_VISIBLE:<br/>            exception_class = ElementNotVisibleException<br/>        elif status in ErrorCode.INVALID_ELEMENT_STATE:<br/>            exception_class = InvalidElementStateException<br/>        elif status in ErrorCode.INVALID_SELECTOR \<br/>                or status in ErrorCode.INVALID_XPATH_SELECTOR \<br/>                or status in ErrorCode.INVALID_XPATH_SELECTOR_RETURN_TYPER:<br/>            exception_class = InvalidSelectorException<br/>        elif status in ErrorCode.ELEMENT_IS_NOT_SELECTABLE:<br/>            exception_class = ElementNotSelectableException<br/>        elif status in ErrorCode.ELEMENT_NOT_INTERACTABLE:<br/>            exception_class = ElementNotInteractableException<br/>        elif status in ErrorCode.INVALID_COOKIE_DOMAIN:<br/>            exception_class = InvalidCookieDomainException<br/>        elif status in ErrorCode.UNABLE_TO_SET_COOKIE:<br/>            exception_class = UnableToSetCookieException<br/>        elif status in ErrorCode.TIMEOUT:<br/>            exception_class = TimeoutException<br/>        elif status in ErrorCode.SCRIPT_TIMEOUT:<br/>            exception_class = TimeoutException<br/>        elif status in ErrorCode.UNKNOWN_ERROR:<br/>            exception_class = WebDriverException<br/>        elif status in ErrorCode.UNEXPECTED_ALERT_OPEN:<br/>            exception_class = UnexpectedAlertPresentException<br/>        elif status in ErrorCode.NO_ALERT_OPEN:<br/>            exception_class = NoAlertPresentException<br/>        elif status in ErrorCode.IME_NOT_AVAILABLE:<br/>            exception_class = ImeNotAvailableException<br/>        elif status in ErrorCode.IME_ENGINE_ACTIVATION_FAILED:<br/>            exception_class = ImeActivationFailedException<br/>        elif status in ErrorCode.MOVE_TARGET_OUT_OF_BOUNDS:<br/>            exception_class = MoveTargetOutOfBoundsException<br/>        elif status in ErrorCode.JAVASCRIPT_ERROR:<br/>            exception_class = JavascriptException<br/>        elif status in ErrorCode.SESSION_NOT_CREATED:<br/>            exception_class = SessionNotCreatedException<br/>        elif status in ErrorCode.INVALID_ARGUMENT:<br/>            exception_class = InvalidArgumentException<br/>        elif status in ErrorCode.NO_SUCH_COOKIE:<br/>            exception_class = NoSuchCookieException<br/>        elif status in ErrorCode.UNABLE_TO_CAPTURE_SCREEN:<br/>            exception_class = ScreenshotException<br/>        elif status in ErrorCode.ELEMENT_CLICK_INTERCEPTED:<br/>            exception_class = ElementClickInterceptedException<br/>        elif status in ErrorCode.INSECURE_CERTIFICATE:<br/>            exception_class = InsecureCertificateException<br/>        elif status in ErrorCode.INVALID_COORDINATES:<br/>            exception_class = InvalidCoordinatesException<br/>        elif status in ErrorCode.INVALID_SESSION_ID:<br/>            exception_class = InvalidSessionIdException<br/>        elif status in ErrorCode.UNKNOWN_METHOD:<br/>            exception_class = UnknownMethodException<br/>        else:<br/>            exception_class = WebDriverException<br/>        if value == &#x27;&#x27; or value is None:<br/>            value = response[&#x27;value&#x27;]<br/>        if isinstance(value, basestring):<br/>            if exception_class == ErrorInResponseException:<br/>                raise exception_class(response, value)<br/>            raise exception_class(value)<br/>        if message == &quot;&quot; and &#x27;message&#x27; in value:<br/>            message = value[&#x27;message&#x27;]<br/>    <br/>        screen = None<br/>        if &#x27;screen&#x27; in value:<br/>            screen = value[&#x27;screen&#x27;]<br/>    <br/>        stacktrace = None<br/>        if &#x27;stackTrace&#x27; in value and value[&#x27;stackTrace&#x27;]:<br/>            stacktrace = []<br/>            try:<br/>                for frame in value[&#x27;stackTrace&#x27;]:<br/>                    line = self._value_or_default(frame, &#x27;lineNumber&#x27;, &#x27;&#x27;)<br/>                    file = self._value_or_default(frame, &#x27;fileName&#x27;, &#x27;&lt;anonymous&gt;&#x27;)<br/>                    if line:<br/>                        file = &quot;%s:%s&quot; % (file, line)<br/>                    meth = self._value_or_default(frame, &#x27;methodName&#x27;, &#x27;&lt;anonymous&gt;&#x27;)<br/>                    if &#x27;className&#x27; in frame:<br/>                        meth = &quot;%s.%s&quot; % (frame[&#x27;className&#x27;], meth)<br/>                    msg = &quot;    at %s (%s)&quot;<br/>                    msg = msg % (meth, file)<br/>                    stacktrace.append(msg)<br/>            except TypeError:<br/>                pass<br/>        if exception_class == ErrorInResponseException:<br/>            raise exception_class(response, message)<br/>        elif exception_class == UnexpectedAlertPresentException:<br/>            alert_text = None<br/>            if &#x27;data&#x27; in value:<br/>                alert_text = value[&#x27;data&#x27;].get(&#x27;text&#x27;)<br/>            elif &#x27;alert&#x27; in value:<br/>                alert_text = value[&#x27;alert&#x27;].get(&#x27;text&#x27;)<br/>            raise exception_class(message, screen, stacktrace, alert_text)<br/>&gt;       raise exception_class(message, screen, stacktrace)<br/><span class="error">E       selenium.common.exceptions.NoSuchElementException: Message: no such element: Unable to locate element: {&quot;method&quot;:&quot;xpath&quot;,&quot;selector&quot;:&quot;//*[text()=&quot;发送成功&quot;]&quot;}</span><br/><span class="error">E         (Session info: headless chrome=70.0.3538.110)</span><br/><span class="error">E         (Driver info: chromedriver=2.43.600210 (68dcf5eebde37173d4027fa8635e332711d2874a),platform=Windows NT 10.0.17134 x86_64)</span><br/><br/>D:\soft\Python3\lib\site-packages\selenium\webdriver\remote\errorhandler.py:242: NoSuchElementException<br/>---------------------------- Captured stderr setup -----------------------------<br/> Thu, 29 Nov 2018 14:53:44  INFO BasePage.py find_ele [ line:26 ] 查找元素_
 Thu, 29 Nov 2018 14:53:45  INFO BasePage.py wait_iframe_and_switch_to_it [ line:91 ] 等待并且换到iframe-
 Thu, 29 Nov 2018 14:53:45  INFO BasePage.py wait_eleVisibility [ line:100 ] 等待登录页面-输入用户名密码中元素可见
 Thu, 29 Nov 2018 14:53:45  INFO BasePage.py find_ele [ line:26 ] 查找元素_
 Thu, 29 Nov 2018 14:53:45  INFO BasePage.py move_IntoView [ line:110 ] 将登录页面-输入用户名密码的元素移动到可见区域
 Thu, 29 Nov 2018 14:53:45  INFO BasePage.py find_ele [ line:26 ] 查找元素_登录页面-输入用户名密码
 Thu, 29 Nov 2018 14:53:45  INFO BasePage.py input_keys [ line:51 ] 登录页面-输入用户名密码-输入文本
 Thu, 29 Nov 2018 14:53:45  INFO BasePage.py find_ele [ line:26 ] 查找元素_登录页面-输入用户名密码
 Thu, 29 Nov 2018 14:53:45  INFO BasePage.py input_keys [ line:51 ] 登录页面-输入用户名密码-输入文本
 Thu, 29 Nov 2018 14:53:45  INFO BasePage.py find_ele [ line:26 ] 查找元素_
 Thu, 29 Nov 2018 14:53:45  INFO BasePage.py move_IntoView [ line:110 ] 将登录页面-点击登录button的元素移动到可见区域
 Thu, 29 Nov 2018 14:53:45  INFO BasePage.py find_ele [ line:26 ] 查找元素_
 Thu, 29 Nov 2018 14:53:45  INFO BasePage.py click_ele [ line:61 ] 登录页面-点击登录button-点击操作
 Thu, 29 Nov 2018 14:53:46  INFO BasePage.py wait_eleVisibility [ line:100 ] 等待进入写信页面中元素可见
 Thu, 29 Nov 2018 14:53:49  INFO BasePage.py find_ele [ line:26 ] 查找元素_
 Thu, 29 Nov 2018 14:53:49  INFO BasePage.py move_IntoView [ line:110 ] 将进入写信页面的元素移动到可见区域
 Thu, 29 Nov 2018 14:53:49  INFO BasePage.py find_ele [ line:26 ] 查找元素_
 Thu, 29 Nov 2018 14:53:49  INFO BasePage.py click_ele [ line:61 ] 进入写信页面-点击操作
------------------------------ Captured log setup ------------------------------<br/>BasePage.py                 26 INFO     查找元素_
BasePage.py                 91 INFO     等待并且换到iframe-
BasePage.py                100 INFO     等待登录页面-输入用户名密码中元素可见
BasePage.py                 26 INFO     查找元素_
BasePage.py                110 INFO     将登录页面-输入用户名密码的元素移动到可见区域
BasePage.py                 26 INFO     查找元素_登录页面-输入用户名密码
BasePage.py                 51 INFO     登录页面-输入用户名密码-输入文本
BasePage.py                 26 INFO     查找元素_登录页面-输入用户名密码
BasePage.py                 51 INFO     登录页面-输入用户名密码-输入文本
BasePage.py                 26 INFO     查找元素_
BasePage.py                110 INFO     将登录页面-点击登录button的元素移动到可见区域
BasePage.py                 26 INFO     查找元素_
BasePage.py                 61 INFO     登录页面-点击登录button-点击操作
BasePage.py                100 INFO     等待进入写信页面中元素可见
BasePage.py                 26 INFO     查找元素_
BasePage.py                110 INFO     将进入写信页面的元素移动到可见区域
BasePage.py                 26 INFO     查找元素_
BasePage.py                 61 INFO     进入写信页面-点击操作----------------------------- Captured stderr call -----------------------------<br/> Thu, 29 Nov 2018 14:53:49  INFO writeEmail_page.py send_text_Email [ line:23 ] 发送文本信息邮件
 Thu, 29 Nov 2018 14:53:49  INFO BasePage.py wait_eleVisibility [ line:100 ] 等待中元素可见
 Thu, 29 Nov 2018 14:53:49  INFO BasePage.py find_ele [ line:26 ] 查找元素_
 Thu, 29 Nov 2018 14:53:49  INFO BasePage.py input_keys [ line:51 ] -输入文本
 Thu, 29 Nov 2018 14:53:49  INFO BasePage.py find_ele [ line:26 ] 查找元素_
 Thu, 29 Nov 2018 14:53:49  INFO BasePage.py input_keys [ line:51 ] -输入文本
 Thu, 29 Nov 2018 14:53:50  INFO BasePage.py find_ele [ line:26 ] 查找元素_
 Thu, 29 Nov 2018 14:53:50  INFO BasePage.py wait_iframe_and_switch_to_it [ line:91 ] 等待并且换到iframe-发送文本信息邮件
 Thu, 29 Nov 2018 14:53:50  INFO BasePage.py find_ele [ line:26 ] 查找元素_
 Thu, 29 Nov 2018 14:53:50  INFO BasePage.py input_keys [ line:51 ] -输入文本
 Thu, 29 Nov 2018 14:53:50  INFO BasePage.py find_ele [ line:26 ] 查找元素_
 Thu, 29 Nov 2018 14:53:50  INFO BasePage.py click_ele [ line:61 ] 发送文本信息邮件-点击操作
 Thu, 29 Nov 2018 14:53:50  INFO writeEmail_page.py get_sendSuccess_msg [ line:40 ] 获取发送邮件成功的提示信息
 Thu, 29 Nov 2018 14:53:50  INFO BasePage.py find_ele [ line:26 ] 查找元素_
 Thu, 29 Nov 2018 14:53:50  ERROR BasePage.py find_ele [ line:29 ] 查找元素失败
Traceback (most recent call last):
  File &quot;D:\TestScript\web_163_mail\Common\BasePage.py&quot;, line 27, in find_ele
    return self.driver.find_element(*locator)
  File &quot;D:\soft\Python3\lib\site-packages\selenium\webdriver\remote\webdriver.py&quot;, line 978, in find_element
    &#x27;value&#x27;: value})[&#x27;value&#x27;]
  File &quot;D:\soft\Python3\lib\site-packages\selenium\webdriver\remote\webdriver.py&quot;, line 321, in execute
    self.error_handler.check_response(response)
  File &quot;D:\soft\Python3\lib\site-packages\selenium\webdriver\remote\errorhandler.py&quot;, line 242, in check_response
    raise exception_class(message, screen, stacktrace)
selenium.common.exceptions.NoSuchElementException: Message: no such element: Unable to locate element: {&quot;method&quot;:&quot;xpath&quot;,&quot;selector&quot;:&quot;//*[text()=&quot;发送成功&quot;]&quot;}
  (Session info: headless chrome=70.0.3538.110)
  (Driver info: chromedriver=2.43.600210 (68dcf5eebde37173d4027fa8635e332711d2874a),platform=Windows NT 10.0.17134 x86_64)

--- Logging error ---
Traceback (most recent call last):
  File &quot;D:\TestScript\web_163_mail\Common\BasePage.py&quot;, line 27, in find_ele
    return self.driver.find_element(*locator)
  File &quot;D:\soft\Python3\lib\site-packages\selenium\webdriver\remote\webdriver.py&quot;, line 978, in find_element
    &#x27;value&#x27;: value})[&#x27;value&#x27;]
  File &quot;D:\soft\Python3\lib\site-packages\selenium\webdriver\remote\webdriver.py&quot;, line 321, in execute
    self.error_handler.check_response(response)
  File &quot;D:\soft\Python3\lib\site-packages\selenium\webdriver\remote\errorhandler.py&quot;, line 242, in check_response
    raise exception_class(message, screen, stacktrace)
selenium.common.exceptions.NoSuchElementException: Message: no such element: Unable to locate element: {&quot;method&quot;:&quot;xpath&quot;,&quot;selector&quot;:&quot;//*[text()=&quot;发送成功&quot;]&quot;}
  (Session info: headless chrome=70.0.3538.110)
  (Driver info: chromedriver=2.43.600210 (68dcf5eebde37173d4027fa8635e332711d2874a),platform=Windows NT 10.0.17134 x86_64)


During handling of the above exception, another exception occurred:

Traceback (most recent call last):
  File &quot;D:\soft\Python3\lib\logging\__init__.py&quot;, line 992, in emit
    msg = self.format(record)
  File &quot;D:\soft\Python3\lib\logging\__init__.py&quot;, line 838, in format
    return fmt.format(record)
  File &quot;D:\soft\Python3\lib\logging\__init__.py&quot;, line 575, in format
    record.message = record.getMessage()
  File &quot;D:\soft\Python3\lib\logging\__init__.py&quot;, line 338, in getMessage
    msg = msg % self.args
TypeError: not all arguments converted during string formatting
Call stack:
  File &quot;D:/TestScript/web_163_mail/run.py&quot;, line 12, in &lt;module&gt;
    pytest.main([&quot;-m&quot;,&quot;smoke&quot;,&quot;--reruns&quot;,&quot;2&quot;,&quot;--html=Reports\\{0}_report.html&quot;.format(time.strftime(&quot;%Y%m%d_%H%M%S&quot;))])
  File &quot;D:\soft\Python3\lib\site-packages\_pytest\config\__init__.py&quot;, line 77, in main
    return config.hook.pytest_cmdline_main(config=config)
  File &quot;D:\soft\Python3\lib\site-packages\pluggy\hooks.py&quot;, line 284, in __call__
    return self._hookexec(self, self.get_hookimpls(), kwargs)
  File &quot;D:\soft\Python3\lib\site-packages\pluggy\manager.py&quot;, line 67, in _hookexec
    return self._inner_hookexec(hook, methods, kwargs)
  File &quot;D:\soft\Python3\lib\site-packages\pluggy\manager.py&quot;, line 61, in &lt;lambda&gt;
    firstresult=hook.spec.opts.get(&quot;firstresult&quot;) if hook.spec else False,
  File &quot;D:\soft\Python3\lib\site-packages\pluggy\callers.py&quot;, line 187, in _multicall
    res = hook_impl.function(*args)
  File &quot;D:\soft\Python3\lib\site-packages\_pytest\main.py&quot;, line 217, in pytest_cmdline_main
    return wrap_session(config, _main)
  File &quot;D:\soft\Python3\lib\site-packages\_pytest\main.py&quot;, line 184, in wrap_session
    session.exitstatus = doit(config, session) or 0
  File &quot;D:\soft\Python3\lib\site-packages\_pytest\main.py&quot;, line 224, in _main
    config.hook.pytest_runtestloop(session=session)
  File &quot;D:\soft\Python3\lib\site-packages\pluggy\hooks.py&quot;, line 284, in __call__
    return self._hookexec(self, self.get_hookimpls(), kwargs)
  File &quot;D:\soft\Python3\lib\site-packages\pluggy\manager.py&quot;, line 67, in _hookexec
    return self._inner_hookexec(hook, methods, kwargs)
  File &quot;D:\soft\Python3\lib\site-packages\pluggy\manager.py&quot;, line 61, in &lt;lambda&gt;
    firstresult=hook.spec.opts.get(&quot;firstresult&quot;) if hook.spec else False,
  File &quot;D:\soft\Python3\lib\site-packages\pluggy\callers.py&quot;, line 187, in _multicall
    res = hook_impl.function(*args)
  File &quot;D:\soft\Python3\lib\site-packages\_pytest\main.py&quot;, line 245, in pytest_runtestloop
    item.config.hook.pytest_runtest_protocol(item=item, nextitem=nextitem)
  File &quot;D:\soft\Python3\lib\site-packages\pluggy\hooks.py&quot;, line 284, in __call__
    return self._hookexec(self, self.get_hookimpls(), kwargs)
  File &quot;D:\soft\Python3\lib\site-packages\pluggy\manager.py&quot;, line 67, in _hookexec
    return self._inner_hookexec(hook, methods, kwargs)
  File &quot;D:\soft\Python3\lib\site-packages\pluggy\manager.py&quot;, line 61, in &lt;lambda&gt;
    firstresult=hook.spec.opts.get(&quot;firstresult&quot;) if hook.spec else False,
  File &quot;D:\soft\Python3\lib\site-packages\pluggy\callers.py&quot;, line 187, in _multicall
    res = hook_impl.function(*args)
  File &quot;D:\soft\Python3\lib\site-packages\pytest_rerunfailures.py&quot;, line 175, in pytest_runtest_protocol
    reports = runtestprotocol(item, nextitem=nextitem, log=False)
  File &quot;D:\soft\Python3\lib\site-packages\_pytest\runner.py&quot;, line 92, in runtestprotocol
    reports.append(call_and_report(item, &quot;call&quot;, log))
  File &quot;D:\soft\Python3\lib\site-packages\_pytest\runner.py&quot;, line 172, in call_and_report
    call = call_runtest_hook(item, when, **kwds)
  File &quot;D:\soft\Python3\lib\site-packages\_pytest\runner.py&quot;, line 196, in call_runtest_hook
    treat_keyboard_interrupt_as_exception=item.config.getvalue(&quot;usepdb&quot;),
  File &quot;D:\soft\Python3\lib\site-packages\_pytest\runner.py&quot;, line 212, in __init__
    self.result = func()
  File &quot;D:\soft\Python3\lib\site-packages\_pytest\runner.py&quot;, line 194, in &lt;lambda&gt;
    lambda: ihook(item=item, **kwds),
  File &quot;D:\soft\Python3\lib\site-packages\pluggy\hooks.py&quot;, line 284, in __call__
    return self._hookexec(self, self.get_hookimpls(), kwargs)
  File &quot;D:\soft\Python3\lib\site-packages\pluggy\manager.py&quot;, line 67, in _hookexec
    return self._inner_hookexec(hook, methods, kwargs)
  File &quot;D:\soft\Python3\lib\site-packages\pluggy\manager.py&quot;, line 61, in &lt;lambda&gt;
    firstresult=hook.spec.opts.get(&quot;firstresult&quot;) if hook.spec else False,
  File &quot;D:\soft\Python3\lib\site-packages\pluggy\callers.py&quot;, line 187, in _multicall
    res = hook_impl.function(*args)
  File &quot;D:\soft\Python3\lib\site-packages\_pytest\runner.py&quot;, line 122, in pytest_runtest_call
    item.runtest()
  File &quot;D:\soft\Python3\lib\site-packages\_pytest\python.py&quot;, line 1438, in runtest
    self.ihook.pytest_pyfunc_call(pyfuncitem=self)
  File &quot;D:\soft\Python3\lib\site-packages\pluggy\hooks.py&quot;, line 284, in __call__
    return self._hookexec(self, self.get_hookimpls(), kwargs)
  File &quot;D:\soft\Python3\lib\site-packages\pluggy\manager.py&quot;, line 67, in _hookexec
    return self._inner_hookexec(hook, methods, kwargs)
  File &quot;D:\soft\Python3\lib\site-packages\pluggy\manager.py&quot;, line 61, in &lt;lambda&gt;
    firstresult=hook.spec.opts.get(&quot;firstresult&quot;) if hook.spec else False,
  File &quot;D:\soft\Python3\lib\site-packages\pluggy\callers.py&quot;, line 187, in _multicall
    res = hook_impl.function(*args)
  File &quot;D:\soft\Python3\lib\site-packages\_pytest\python.py&quot;, line 166, in pytest_pyfunc_call
    testfunction(**testargs)
  File &quot;D:\TestScript\web_163_mail\TestCases\test_writeEmail.py&quot;, line 43, in test_send_text_Email_ok
    assert WriteEmailPage(init_writeEnv).get_sendSuccess_msg() == send_textEmail_success[&#x27;expected&#x27;]
  File &quot;D:\TestScript\web_163_mail\PageObject\writeEmail_page.py&quot;, line 41, in get_sendSuccess_msg
    return self.get_text(self.sendEmail_success_msg,model_name=name)
  File &quot;D:\TestScript\web_163_mail\Common\BasePage.py&quot;, line 119, in get_text
    ele = self.find_ele(locator)
  File &quot;D:\TestScript\web_163_mail\Common\BasePage.py&quot;, line 30, in find_ele
    self._get_screenShot(model_name)
  File &quot;D:\TestScript\web_163_mail\Common\BasePage.py&quot;, line 150, in _get_screenShot
    logger.info(&#x27;截图成功，截图为：&#x27;,screen_path)
Message: &#x27;截图成功，截图为：&#x27;
Arguments: (&#x27;D:\\TestScript\\web_163_mail\\ScreenShots\\_20181129_145350.png&#x27;,)
--- Logging error ---
Traceback (most recent call last):
  File &quot;D:\TestScript\web_163_mail\Common\BasePage.py&quot;, line 27, in find_ele
    return self.driver.find_element(*locator)
  File &quot;D:\soft\Python3\lib\site-packages\selenium\webdriver\remote\webdriver.py&quot;, line 978, in find_element
    &#x27;value&#x27;: value})[&#x27;value&#x27;]
  File &quot;D:\soft\Python3\lib\site-packages\selenium\webdriver\remote\webdriver.py&quot;, line 321, in execute
    self.error_handler.check_response(response)
  File &quot;D:\soft\Python3\lib\site-packages\selenium\webdriver\remote\errorhandler.py&quot;, line 242, in check_response
    raise exception_class(message, screen, stacktrace)
selenium.common.exceptions.NoSuchElementException: Message: no such element: Unable to locate element: {&quot;method&quot;:&quot;xpath&quot;,&quot;selector&quot;:&quot;//*[text()=&quot;发送成功&quot;]&quot;}
  (Session info: headless chrome=70.0.3538.110)
  (Driver info: chromedriver=2.43.600210 (68dcf5eebde37173d4027fa8635e332711d2874a),platform=Windows NT 10.0.17134 x86_64)


During handling of the above exception, another exception occurred:

Traceback (most recent call last):
  File &quot;D:\soft\Python3\lib\logging\__init__.py&quot;, line 992, in emit
    msg = self.format(record)
  File &quot;D:\soft\Python3\lib\logging\__init__.py&quot;, line 838, in format
    return fmt.format(record)
  File &quot;D:\soft\Python3\lib\logging\__init__.py&quot;, line 575, in format
    record.message = record.getMessage()
  File &quot;D:\soft\Python3\lib\logging\__init__.py&quot;, line 338, in getMessage
    msg = msg % self.args
TypeError: not all arguments converted during string formatting
Call stack:
  File &quot;D:/TestScript/web_163_mail/run.py&quot;, line 12, in &lt;module&gt;
    pytest.main([&quot;-m&quot;,&quot;smoke&quot;,&quot;--reruns&quot;,&quot;2&quot;,&quot;--html=Reports\\{0}_report.html&quot;.format(time.strftime(&quot;%Y%m%d_%H%M%S&quot;))])
  File &quot;D:\soft\Python3\lib\site-packages\_pytest\config\__init__.py&quot;, line 77, in main
    return config.hook.pytest_cmdline_main(config=config)
  File &quot;D:\soft\Python3\lib\site-packages\pluggy\hooks.py&quot;, line 284, in __call__
    return self._hookexec(self, self.get_hookimpls(), kwargs)
  File &quot;D:\soft\Python3\lib\site-packages\pluggy\manager.py&quot;, line 67, in _hookexec
    return self._inner_hookexec(hook, methods, kwargs)
  File &quot;D:\soft\Python3\lib\site-packages\pluggy\manager.py&quot;, line 61, in &lt;lambda&gt;
    firstresult=hook.spec.opts.get(&quot;firstresult&quot;) if hook.spec else False,
  File &quot;D:\soft\Python3\lib\site-packages\pluggy\callers.py&quot;, line 187, in _multicall
    res = hook_impl.function(*args)
  File &quot;D:\soft\Python3\lib\site-packages\_pytest\main.py&quot;, line 217, in pytest_cmdline_main
    return wrap_session(config, _main)
  File &quot;D:\soft\Python3\lib\site-packages\_pytest\main.py&quot;, line 184, in wrap_session
    session.exitstatus = doit(config, session) or 0
  File &quot;D:\soft\Python3\lib\site-packages\_pytest\main.py&quot;, line 224, in _main
    config.hook.pytest_runtestloop(session=session)
  File &quot;D:\soft\Python3\lib\site-packages\pluggy\hooks.py&quot;, line 284, in __call__
    return self._hookexec(self, self.get_hookimpls(), kwargs)
  File &quot;D:\soft\Python3\lib\site-packages\pluggy\manager.py&quot;, line 67, in _hookexec
    return self._inner_hookexec(hook, methods, kwargs)
  File &quot;D:\soft\Python3\lib\site-packages\pluggy\manager.py&quot;, line 61, in &lt;lambda&gt;
    firstresult=hook.spec.opts.get(&quot;firstresult&quot;) if hook.spec else False,
  File &quot;D:\soft\Python3\lib\site-packages\pluggy\callers.py&quot;, line 187, in _multicall
    res = hook_impl.function(*args)
  File &quot;D:\soft\Python3\lib\site-packages\_pytest\main.py&quot;, line 245, in pytest_runtestloop
    item.config.hook.pytest_runtest_protocol(item=item, nextitem=nextitem)
  File &quot;D:\soft\Python3\lib\site-packages\pluggy\hooks.py&quot;, line 284, in __call__
    return self._hookexec(self, self.get_hookimpls(), kwargs)
  File &quot;D:\soft\Python3\lib\site-packages\pluggy\manager.py&quot;, line 67, in _hookexec
    return self._inner_hookexec(hook, methods, kwargs)
  File &quot;D:\soft\Python3\lib\site-packages\pluggy\manager.py&quot;, line 61, in &lt;lambda&gt;
    firstresult=hook.spec.opts.get(&quot;firstresult&quot;) if hook.spec else False,
  File &quot;D:\soft\Python3\lib\site-packages\pluggy\callers.py&quot;, line 187, in _multicall
    res = hook_impl.function(*args)
  File &quot;D:\soft\Python3\lib\site-packages\pytest_rerunfailures.py&quot;, line 175, in pytest_runtest_protocol
    reports = runtestprotocol(item, nextitem=nextitem, log=False)
  File &quot;D:\soft\Python3\lib\site-packages\_pytest\runner.py&quot;, line 92, in runtestprotocol
    reports.append(call_and_report(item, &quot;call&quot;, log))
  File &quot;D:\soft\Python3\lib\site-packages\_pytest\runner.py&quot;, line 172, in call_and_report
    call = call_runtest_hook(item, when, **kwds)
  File &quot;D:\soft\Python3\lib\site-packages\_pytest\runner.py&quot;, line 196, in call_runtest_hook
    treat_keyboard_interrupt_as_exception=item.config.getvalue(&quot;usepdb&quot;),
  File &quot;D:\soft\Python3\lib\site-packages\_pytest\runner.py&quot;, line 212, in __init__
    self.result = func()
  File &quot;D:\soft\Python3\lib\site-packages\_pytest\runner.py&quot;, line 194, in &lt;lambda&gt;
    lambda: ihook(item=item, **kwds),
  File &quot;D:\soft\Python3\lib\site-packages\pluggy\hooks.py&quot;, line 284, in __call__
    return self._hookexec(self, self.get_hookimpls(), kwargs)
  File &quot;D:\soft\Python3\lib\site-packages\pluggy\manager.py&quot;, line 67, in _hookexec
    return self._inner_hookexec(hook, methods, kwargs)
  File &quot;D:\soft\Python3\lib\site-packages\pluggy\manager.py&quot;, line 61, in &lt;lambda&gt;
    firstresult=hook.spec.opts.get(&quot;firstresult&quot;) if hook.spec else False,
  File &quot;D:\soft\Python3\lib\site-packages\pluggy\callers.py&quot;, line 187, in _multicall
    res = hook_impl.function(*args)
  File &quot;D:\soft\Python3\lib\site-packages\_pytest\runner.py&quot;, line 122, in pytest_runtest_call
    item.runtest()
  File &quot;D:\soft\Python3\lib\site-packages\_pytest\python.py&quot;, line 1438, in runtest
    self.ihook.pytest_pyfunc_call(pyfuncitem=self)
  File &quot;D:\soft\Python3\lib\site-packages\pluggy\hooks.py&quot;, line 284, in __call__
    return self._hookexec(self, self.get_hookimpls(), kwargs)
  File &quot;D:\soft\Python3\lib\site-packages\pluggy\manager.py&quot;, line 67, in _hookexec
    return self._inner_hookexec(hook, methods, kwargs)
  File &quot;D:\soft\Python3\lib\site-packages\pluggy\manager.py&quot;, line 61, in &lt;lambda&gt;
    firstresult=hook.spec.opts.get(&quot;firstresult&quot;) if hook.spec else False,
  File &quot;D:\soft\Python3\lib\site-packages\pluggy\callers.py&quot;, line 187, in _multicall
    res = hook_impl.function(*args)
  File &quot;D:\soft\Python3\lib\site-packages\_pytest\python.py&quot;, line 166, in pytest_pyfunc_call
    testfunction(**testargs)
  File &quot;D:\TestScript\web_163_mail\TestCases\test_writeEmail.py&quot;, line 43, in test_send_text_Email_ok
    assert WriteEmailPage(init_writeEnv).get_sendSuccess_msg() == send_textEmail_success[&#x27;expected&#x27;]
  File &quot;D:\TestScript\web_163_mail\PageObject\writeEmail_page.py&quot;, line 41, in get_sendSuccess_msg
    return self.get_text(self.sendEmail_success_msg,model_name=name)
  File &quot;D:\TestScript\web_163_mail\Common\BasePage.py&quot;, line 119, in get_text
    ele = self.find_ele(locator)
  File &quot;D:\TestScript\web_163_mail\Common\BasePage.py&quot;, line 30, in find_ele
    self._get_screenShot(model_name)
  File &quot;D:\TestScript\web_163_mail\Common\BasePage.py&quot;, line 150, in _get_screenShot
    logger.info(&#x27;截图成功，截图为：&#x27;,screen_path)
Message: &#x27;截图成功，截图为：&#x27;
Arguments: (&#x27;D:\\TestScript\\web_163_mail\\ScreenShots\\_20181129_145350.png&#x27;,)
--- Logging error ---
Traceback (most recent call last):
  File &quot;D:\TestScript\web_163_mail\Common\BasePage.py&quot;, line 27, in find_ele
    return self.driver.find_element(*locator)
  File &quot;D:\soft\Python3\lib\site-packages\selenium\webdriver\remote\webdriver.py&quot;, line 978, in find_element
    &#x27;value&#x27;: value})[&#x27;value&#x27;]
  File &quot;D:\soft\Python3\lib\site-packages\selenium\webdriver\remote\webdriver.py&quot;, line 321, in execute
    self.error_handler.check_response(response)
  File &quot;D:\soft\Python3\lib\site-packages\selenium\webdriver\remote\errorhandler.py&quot;, line 242, in check_response
    raise exception_class(message, screen, stacktrace)
selenium.common.exceptions.NoSuchElementException: Message: no such element: Unable to locate element: {&quot;method&quot;:&quot;xpath&quot;,&quot;selector&quot;:&quot;//*[text()=&quot;发送成功&quot;]&quot;}
  (Session info: headless chrome=70.0.3538.110)
  (Driver info: chromedriver=2.43.600210 (68dcf5eebde37173d4027fa8635e332711d2874a),platform=Windows NT 10.0.17134 x86_64)


During handling of the above exception, another exception occurred:

Traceback (most recent call last):
  File &quot;D:\soft\Python3\lib\logging\__init__.py&quot;, line 992, in emit
    msg = self.format(record)
  File &quot;D:\soft\Python3\lib\logging\__init__.py&quot;, line 838, in format
    return fmt.format(record)
  File &quot;D:\soft\Python3\lib\logging\__init__.py&quot;, line 575, in format
    record.message = record.getMessage()
  File &quot;D:\soft\Python3\lib\logging\__init__.py&quot;, line 338, in getMessage
    msg = msg % self.args
TypeError: not all arguments converted during string formatting
Call stack:
  File &quot;D:/TestScript/web_163_mail/run.py&quot;, line 12, in &lt;module&gt;
    pytest.main([&quot;-m&quot;,&quot;smoke&quot;,&quot;--reruns&quot;,&quot;2&quot;,&quot;--html=Reports\\{0}_report.html&quot;.format(time.strftime(&quot;%Y%m%d_%H%M%S&quot;))])
  File &quot;D:\soft\Python3\lib\site-packages\_pytest\config\__init__.py&quot;, line 77, in main
    return config.hook.pytest_cmdline_main(config=config)
  File &quot;D:\soft\Python3\lib\site-packages\pluggy\hooks.py&quot;, line 284, in __call__
    return self._hookexec(self, self.get_hookimpls(), kwargs)
  File &quot;D:\soft\Python3\lib\site-packages\pluggy\manager.py&quot;, line 67, in _hookexec
    return self._inner_hookexec(hook, methods, kwargs)
  File &quot;D:\soft\Python3\lib\site-packages\pluggy\manager.py&quot;, line 61, in &lt;lambda&gt;
    firstresult=hook.spec.opts.get(&quot;firstresult&quot;) if hook.spec else False,
  File &quot;D:\soft\Python3\lib\site-packages\pluggy\callers.py&quot;, line 187, in _multicall
    res = hook_impl.function(*args)
  File &quot;D:\soft\Python3\lib\site-packages\_pytest\main.py&quot;, line 217, in pytest_cmdline_main
    return wrap_session(config, _main)
  File &quot;D:\soft\Python3\lib\site-packages\_pytest\main.py&quot;, line 184, in wrap_session
    session.exitstatus = doit(config, session) or 0
  File &quot;D:\soft\Python3\lib\site-packages\_pytest\main.py&quot;, line 224, in _main
    config.hook.pytest_runtestloop(session=session)
  File &quot;D:\soft\Python3\lib\site-packages\pluggy\hooks.py&quot;, line 284, in __call__
    return self._hookexec(self, self.get_hookimpls(), kwargs)
  File &quot;D:\soft\Python3\lib\site-packages\pluggy\manager.py&quot;, line 67, in _hookexec
    return self._inner_hookexec(hook, methods, kwargs)
  File &quot;D:\soft\Python3\lib\site-packages\pluggy\manager.py&quot;, line 61, in &lt;lambda&gt;
    firstresult=hook.spec.opts.get(&quot;firstresult&quot;) if hook.spec else False,
  File &quot;D:\soft\Python3\lib\site-packages\pluggy\callers.py&quot;, line 187, in _multicall
    res = hook_impl.function(*args)
  File &quot;D:\soft\Python3\lib\site-packages\_pytest\main.py&quot;, line 245, in pytest_runtestloop
    item.config.hook.pytest_runtest_protocol(item=item, nextitem=nextitem)
  File &quot;D:\soft\Python3\lib\site-packages\pluggy\hooks.py&quot;, line 284, in __call__
    return self._hookexec(self, self.get_hookimpls(), kwargs)
  File &quot;D:\soft\Python3\lib\site-packages\pluggy\manager.py&quot;, line 67, in _hookexec
    return self._inner_hookexec(hook, methods, kwargs)
  File &quot;D:\soft\Python3\lib\site-packages\pluggy\manager.py&quot;, line 61, in &lt;lambda&gt;
    firstresult=hook.spec.opts.get(&quot;firstresult&quot;) if hook.spec else False,
  File &quot;D:\soft\Python3\lib\site-packages\pluggy\callers.py&quot;, line 187, in _multicall
    res = hook_impl.function(*args)
  File &quot;D:\soft\Python3\lib\site-packages\pytest_rerunfailures.py&quot;, line 175, in pytest_runtest_protocol
    reports = runtestprotocol(item, nextitem=nextitem, log=False)
  File &quot;D:\soft\Python3\lib\site-packages\_pytest\runner.py&quot;, line 92, in runtestprotocol
    reports.append(call_and_report(item, &quot;call&quot;, log))
  File &quot;D:\soft\Python3\lib\site-packages\_pytest\runner.py&quot;, line 172, in call_and_report
    call = call_runtest_hook(item, when, **kwds)
  File &quot;D:\soft\Python3\lib\site-packages\_pytest\runner.py&quot;, line 196, in call_runtest_hook
    treat_keyboard_interrupt_as_exception=item.config.getvalue(&quot;usepdb&quot;),
  File &quot;D:\soft\Python3\lib\site-packages\_pytest\runner.py&quot;, line 212, in __init__
    self.result = func()
  File &quot;D:\soft\Python3\lib\site-packages\_pytest\runner.py&quot;, line 194, in &lt;lambda&gt;
    lambda: ihook(item=item, **kwds),
  File &quot;D:\soft\Python3\lib\site-packages\pluggy\hooks.py&quot;, line 284, in __call__
    return self._hookexec(self, self.get_hookimpls(), kwargs)
  File &quot;D:\soft\Python3\lib\site-packages\pluggy\manager.py&quot;, line 67, in _hookexec
    return self._inner_hookexec(hook, methods, kwargs)
  File &quot;D:\soft\Python3\lib\site-packages\pluggy\manager.py&quot;, line 61, in &lt;lambda&gt;
    firstresult=hook.spec.opts.get(&quot;firstresult&quot;) if hook.spec else False,
  File &quot;D:\soft\Python3\lib\site-packages\pluggy\callers.py&quot;, line 187, in _multicall
    res = hook_impl.function(*args)
  File &quot;D:\soft\Python3\lib\site-packages\_pytest\runner.py&quot;, line 122, in pytest_runtest_call
    item.runtest()
  File &quot;D:\soft\Python3\lib\site-packages\_pytest\python.py&quot;, line 1438, in runtest
    self.ihook.pytest_pyfunc_call(pyfuncitem=self)
  File &quot;D:\soft\Python3\lib\site-packages\pluggy\hooks.py&quot;, line 284, in __call__
    return self._hookexec(self, self.get_hookimpls(), kwargs)
  File &quot;D:\soft\Python3\lib\site-packages\pluggy\manager.py&quot;, line 67, in _hookexec
    return self._inner_hookexec(hook, methods, kwargs)
  File &quot;D:\soft\Python3\lib\site-packages\pluggy\manager.py&quot;, line 61, in &lt;lambda&gt;
    firstresult=hook.spec.opts.get(&quot;firstresult&quot;) if hook.spec else False,
  File &quot;D:\soft\Python3\lib\site-packages\pluggy\callers.py&quot;, line 187, in _multicall
    res = hook_impl.function(*args)
  File &quot;D:\soft\Python3\lib\site-packages\_pytest\python.py&quot;, line 166, in pytest_pyfunc_call
    testfunction(**testargs)
  File &quot;D:\TestScript\web_163_mail\TestCases\test_writeEmail.py&quot;, line 43, in test_send_text_Email_ok
    assert WriteEmailPage(init_writeEnv).get_sendSuccess_msg() == send_textEmail_success[&#x27;expected&#x27;]
  File &quot;D:\TestScript\web_163_mail\PageObject\writeEmail_page.py&quot;, line 41, in get_sendSuccess_msg
    return self.get_text(self.sendEmail_success_msg,model_name=name)
  File &quot;D:\TestScript\web_163_mail\Common\BasePage.py&quot;, line 119, in get_text
    ele = self.find_ele(locator)
  File &quot;D:\TestScript\web_163_mail\Common\BasePage.py&quot;, line 30, in find_ele
    self._get_screenShot(model_name)
  File &quot;D:\TestScript\web_163_mail\Common\BasePage.py&quot;, line 150, in _get_screenShot
    logger.info(&#x27;截图成功，截图为：&#x27;,screen_path)
  File &quot;D:\soft\Python3\lib\logging\__init__.py&quot;, line 1875, in info
    root.info(msg, *args, **kwargs)
  File &quot;D:\soft\Python3\lib\logging\__init__.py&quot;, line 1306, in info
    self._log(INFO, msg, args, **kwargs)
  File &quot;D:\soft\Python3\lib\logging\__init__.py&quot;, line 1442, in _log
    self.handle(record)
  File &quot;D:\soft\Python3\lib\logging\__init__.py&quot;, line 1452, in handle
    self.callHandlers(record)
  File &quot;D:\soft\Python3\lib\logging\__init__.py&quot;, line 1514, in callHandlers
    hdlr.handle(record)
  File &quot;D:\soft\Python3\lib\logging\__init__.py&quot;, line 863, in handle
    self.emit(record)
  File &quot;D:\soft\Python3\lib\site-packages\_pytest\logging.py&quot;, line 206, in emit
    logging.StreamHandler.emit(self, record)
Message: &#x27;截图成功，截图为：&#x27;
Arguments: (&#x27;D:\\TestScript\\web_163_mail\\ScreenShots\\_20181129_145350.png&#x27;,)
------------------------------ Captured log call -------------------------------<br/>writeEmail_page.py          23 INFO     发送文本信息邮件
BasePage.py                100 INFO     等待中元素可见
BasePage.py                 26 INFO     查找元素_
BasePage.py                 51 INFO     -输入文本
BasePage.py                 26 INFO     查找元素_
BasePage.py                 51 INFO     -输入文本
BasePage.py                 26 INFO     查找元素_
BasePage.py                 91 INFO     等待并且换到iframe-发送文本信息邮件
BasePage.py                 26 INFO     查找元素_
BasePage.py                 51 INFO     -输入文本
BasePage.py                 26 INFO     查找元素_
BasePage.py                 61 INFO     发送文本信息邮件-点击操作
writeEmail_page.py          40 INFO     获取发送邮件成功的提示信息
BasePage.py                 26 INFO     查找元素_
BasePage.py                 29 ERROR    查找元素失败
Traceback (most recent call last):
  File &quot;D:\TestScript\web_163_mail\Common\BasePage.py&quot;, line 27, in find_ele
    return self.driver.find_element(*locator)
  File &quot;D:\soft\Python3\lib\site-packages\selenium\webdriver\remote\webdriver.py&quot;, line 978, in find_element
    &#x27;value&#x27;: value})[&#x27;value&#x27;]
  File &quot;D:\soft\Python3\lib\site-packages\selenium\webdriver\remote\webdriver.py&quot;, line 321, in execute
    self.error_handler.check_response(response)
  File &quot;D:\soft\Python3\lib\site-packages\selenium\webdriver\remote\errorhandler.py&quot;, line 242, in check_response
    raise exception_class(message, screen, stacktrace)
selenium.common.exceptions.NoSuchElementException: Message: no such element: Unable to locate element: {&quot;method&quot;:&quot;xpath&quot;,&quot;selector&quot;:&quot;//*[text()=&quot;发送成功&quot;]&quot;}
  (Session info: headless chrome=70.0.3538.110)
  (Driver info: chromedriver=2.43.600210 (68dcf5eebde37173d4027fa8635e332711d2874a),platform=Windows NT 10.0.17134 x86_64)</div></td></tr></tbody>
      <tbody class="rerun results-table-row">
        <tr>
          <td class="col-result">Rerun</td>
          <td class="col-name">TestCases/test_writeEmail.py::TestWriteEmail::()::test_send_text_Email_ok</td>
          <td class="col-duration">1.15</td>
          <td class="col-links"></td></tr>
        <tr>
          <td class="extra" colspan="4">
            <div class="log">self = &lt;TestCases.test_writeEmail.TestWriteEmail object at 0x000001739A591780&gt;<br/>init_writeEnv = &lt;selenium.webdriver.chrome.webdriver.WebDriver (session=&quot;f8fb85a4b311d7eeadf1c7a12677d859&quot;)&gt;<br/><br/>    @pytest.mark.smoke<br/>    def test_send_text_Email_ok(self,init_writeEnv):<br/>        #步骤：发送邮件<br/>        WriteEmailPage(init_writeEnv).send_text_Email(send_textEmail_success[&#x27;receive&#x27;],send_textEmail_success[&#x27;subject&#x27;],send_textEmail_success[&#x27;Email_content&#x27;])<br/>        #断言：是否有发送成功的提示<br/>        try:<br/>&gt;           assert WriteEmailPage(init_writeEnv).get_sendSuccess_msg() == send_textEmail_success[&#x27;expected&#x27;]<br/><br/>TestCases\test_writeEmail.py:43: <br/>_ _ _ _ _ _ _ _ _ _ _ _ _ _ _ _ _ _ _ _ _ _ _ _ _ _ _ _ _ _ _ _ _ _ _ _ _ _ _ _<br/>PageObject\writeEmail_page.py:41: in get_sendSuccess_msg<br/>    return self.get_text(self.sendEmail_success_msg,model_name=name)<br/>Common\BasePage.py:119: in get_text<br/>    ele = self.find_ele(locator)<br/>Common\BasePage.py:27: in find_ele<br/>    return self.driver.find_element(*locator)<br/>D:\soft\Python3\lib\site-packages\selenium\webdriver\remote\webdriver.py:978: in find_element<br/>    &#x27;value&#x27;: value})[&#x27;value&#x27;]<br/>D:\soft\Python3\lib\site-packages\selenium\webdriver\remote\webdriver.py:321: in execute<br/>    self.error_handler.check_response(response)<br/>_ _ _ _ _ _ _ _ _ _ _ _ _ _ _ _ _ _ _ _ _ _ _ _ _ _ _ _ _ _ _ _ _ _ _ _ _ _ _ _<br/><br/>self = &lt;selenium.webdriver.remote.errorhandler.ErrorHandler object at 0x000001739A591AC8&gt;<br/>response = {&#x27;sessionId&#x27;: &#x27;f8fb85a4b311d7eeadf1c7a12677d859&#x27;, &#x27;status&#x27;: 7, &#x27;value&#x27;: {&#x27;message&#x27;: &#x27;no such element: Unable to locate...ver info: chromedriver=2.43.600210 (68dcf5eebde37173d4027fa8635e332711d2874a),platform=Windows NT 10.0.17134 x86_64)&#x27;}}<br/><br/>    def check_response(self, response):<br/>        &quot;&quot;&quot;<br/>        Checks that a JSON response from the WebDriver does not have an error.<br/>    <br/>        :Args:<br/>         - response - The JSON response from the WebDriver server as a dictionary<br/>           object.<br/>    <br/>        :Raises: If the response contains an error message.<br/>        &quot;&quot;&quot;<br/>        status = response.get(&#x27;status&#x27;, None)<br/>        if status is None or status == ErrorCode.SUCCESS:<br/>            return<br/>        value = None<br/>        message = response.get(&quot;message&quot;, &quot;&quot;)<br/>        screen = response.get(&quot;screen&quot;, &quot;&quot;)<br/>        stacktrace = None<br/>        if isinstance(status, int):<br/>            value_json = response.get(&#x27;value&#x27;, None)<br/>            if value_json and isinstance(value_json, basestring):<br/>                import json<br/>                try:<br/>                    value = json.loads(value_json)<br/>                    if len(value.keys()) == 1:<br/>                        value = value[&#x27;value&#x27;]<br/>                    status = value.get(&#x27;error&#x27;, None)<br/>                    if status is None:<br/>                        status = value[&quot;status&quot;]<br/>                        message = value[&quot;value&quot;]<br/>                        if not isinstance(message, basestring):<br/>                            value = message<br/>                            message = message.get(&#x27;message&#x27;)<br/>                    else:<br/>                        message = value.get(&#x27;message&#x27;, None)<br/>                except ValueError:<br/>                    pass<br/>    <br/>        exception_class = ErrorInResponseException<br/>        if status in ErrorCode.NO_SUCH_ELEMENT:<br/>            exception_class = NoSuchElementException<br/>        elif status in ErrorCode.NO_SUCH_FRAME:<br/>            exception_class = NoSuchFrameException<br/>        elif status in ErrorCode.NO_SUCH_WINDOW:<br/>            exception_class = NoSuchWindowException<br/>        elif status in ErrorCode.STALE_ELEMENT_REFERENCE:<br/>            exception_class = StaleElementReferenceException<br/>        elif status in ErrorCode.ELEMENT_NOT_VISIBLE:<br/>            exception_class = ElementNotVisibleException<br/>        elif status in ErrorCode.INVALID_ELEMENT_STATE:<br/>            exception_class = InvalidElementStateException<br/>        elif status in ErrorCode.INVALID_SELECTOR \<br/>                or status in ErrorCode.INVALID_XPATH_SELECTOR \<br/>                or status in ErrorCode.INVALID_XPATH_SELECTOR_RETURN_TYPER:<br/>            exception_class = InvalidSelectorException<br/>        elif status in ErrorCode.ELEMENT_IS_NOT_SELECTABLE:<br/>            exception_class = ElementNotSelectableException<br/>        elif status in ErrorCode.ELEMENT_NOT_INTERACTABLE:<br/>            exception_class = ElementNotInteractableException<br/>        elif status in ErrorCode.INVALID_COOKIE_DOMAIN:<br/>            exception_class = InvalidCookieDomainException<br/>        elif status in ErrorCode.UNABLE_TO_SET_COOKIE:<br/>            exception_class = UnableToSetCookieException<br/>        elif status in ErrorCode.TIMEOUT:<br/>            exception_class = TimeoutException<br/>        elif status in ErrorCode.SCRIPT_TIMEOUT:<br/>            exception_class = TimeoutException<br/>        elif status in ErrorCode.UNKNOWN_ERROR:<br/>            exception_class = WebDriverException<br/>        elif status in ErrorCode.UNEXPECTED_ALERT_OPEN:<br/>            exception_class = UnexpectedAlertPresentException<br/>        elif status in ErrorCode.NO_ALERT_OPEN:<br/>            exception_class = NoAlertPresentException<br/>        elif status in ErrorCode.IME_NOT_AVAILABLE:<br/>            exception_class = ImeNotAvailableException<br/>        elif status in ErrorCode.IME_ENGINE_ACTIVATION_FAILED:<br/>            exception_class = ImeActivationFailedException<br/>        elif status in ErrorCode.MOVE_TARGET_OUT_OF_BOUNDS:<br/>            exception_class = MoveTargetOutOfBoundsException<br/>        elif status in ErrorCode.JAVASCRIPT_ERROR:<br/>            exception_class = JavascriptException<br/>        elif status in ErrorCode.SESSION_NOT_CREATED:<br/>            exception_class = SessionNotCreatedException<br/>        elif status in ErrorCode.INVALID_ARGUMENT:<br/>            exception_class = InvalidArgumentException<br/>        elif status in ErrorCode.NO_SUCH_COOKIE:<br/>            exception_class = NoSuchCookieException<br/>        elif status in ErrorCode.UNABLE_TO_CAPTURE_SCREEN:<br/>            exception_class = ScreenshotException<br/>        elif status in ErrorCode.ELEMENT_CLICK_INTERCEPTED:<br/>            exception_class = ElementClickInterceptedException<br/>        elif status in ErrorCode.INSECURE_CERTIFICATE:<br/>            exception_class = InsecureCertificateException<br/>        elif status in ErrorCode.INVALID_COORDINATES:<br/>            exception_class = InvalidCoordinatesException<br/>        elif status in ErrorCode.INVALID_SESSION_ID:<br/>            exception_class = InvalidSessionIdException<br/>        elif status in ErrorCode.UNKNOWN_METHOD:<br/>            exception_class = UnknownMethodException<br/>        else:<br/>            exception_class = WebDriverException<br/>        if value == &#x27;&#x27; or value is None:<br/>            value = response[&#x27;value&#x27;]<br/>        if isinstance(value, basestring):<br/>            if exception_class == ErrorInResponseException:<br/>                raise exception_class(response, value)<br/>            raise exception_class(value)<br/>        if message == &quot;&quot; and &#x27;message&#x27; in value:<br/>            message = value[&#x27;message&#x27;]<br/>    <br/>        screen = None<br/>        if &#x27;screen&#x27; in value:<br/>            screen = value[&#x27;screen&#x27;]<br/>    <br/>        stacktrace = None<br/>        if &#x27;stackTrace&#x27; in value and value[&#x27;stackTrace&#x27;]:<br/>            stacktrace = []<br/>            try:<br/>                for frame in value[&#x27;stackTrace&#x27;]:<br/>                    line = self._value_or_default(frame, &#x27;lineNumber&#x27;, &#x27;&#x27;)<br/>                    file = self._value_or_default(frame, &#x27;fileName&#x27;, &#x27;&lt;anonymous&gt;&#x27;)<br/>                    if line:<br/>                        file = &quot;%s:%s&quot; % (file, line)<br/>                    meth = self._value_or_default(frame, &#x27;methodName&#x27;, &#x27;&lt;anonymous&gt;&#x27;)<br/>                    if &#x27;className&#x27; in frame:<br/>                        meth = &quot;%s.%s&quot; % (frame[&#x27;className&#x27;], meth)<br/>                    msg = &quot;    at %s (%s)&quot;<br/>                    msg = msg % (meth, file)<br/>                    stacktrace.append(msg)<br/>            except TypeError:<br/>                pass<br/>        if exception_class == ErrorInResponseException:<br/>            raise exception_class(response, message)<br/>        elif exception_class == UnexpectedAlertPresentException:<br/>            alert_text = None<br/>            if &#x27;data&#x27; in value:<br/>                alert_text = value[&#x27;data&#x27;].get(&#x27;text&#x27;)<br/>            elif &#x27;alert&#x27; in value:<br/>                alert_text = value[&#x27;alert&#x27;].get(&#x27;text&#x27;)<br/>            raise exception_class(message, screen, stacktrace, alert_text)<br/>&gt;       raise exception_class(message, screen, stacktrace)<br/><span class="error">E       selenium.common.exceptions.NoSuchElementException: Message: no such element: Unable to locate element: {&quot;method&quot;:&quot;xpath&quot;,&quot;selector&quot;:&quot;//*[text()=&quot;发送成功&quot;]&quot;}</span><br/><span class="error">E         (Session info: headless chrome=70.0.3538.110)</span><br/><span class="error">E         (Driver info: chromedriver=2.43.600210 (68dcf5eebde37173d4027fa8635e332711d2874a),platform=Windows NT 10.0.17134 x86_64)</span><br/><br/>D:\soft\Python3\lib\site-packages\selenium\webdriver\remote\errorhandler.py:242: NoSuchElementException<br/>---------------------------- Captured stderr setup -----------------------------<br/> Thu, 29 Nov 2018 14:53:44  INFO BasePage.py find_ele [ line:26 ] 查找元素_
 Thu, 29 Nov 2018 14:53:45  INFO BasePage.py wait_iframe_and_switch_to_it [ line:91 ] 等待并且换到iframe-
 Thu, 29 Nov 2018 14:53:45  INFO BasePage.py wait_eleVisibility [ line:100 ] 等待登录页面-输入用户名密码中元素可见
 Thu, 29 Nov 2018 14:53:45  INFO BasePage.py find_ele [ line:26 ] 查找元素_
 Thu, 29 Nov 2018 14:53:45  INFO BasePage.py move_IntoView [ line:110 ] 将登录页面-输入用户名密码的元素移动到可见区域
 Thu, 29 Nov 2018 14:53:45  INFO BasePage.py find_ele [ line:26 ] 查找元素_登录页面-输入用户名密码
 Thu, 29 Nov 2018 14:53:45  INFO BasePage.py input_keys [ line:51 ] 登录页面-输入用户名密码-输入文本
 Thu, 29 Nov 2018 14:53:45  INFO BasePage.py find_ele [ line:26 ] 查找元素_登录页面-输入用户名密码
 Thu, 29 Nov 2018 14:53:45  INFO BasePage.py input_keys [ line:51 ] 登录页面-输入用户名密码-输入文本
 Thu, 29 Nov 2018 14:53:45  INFO BasePage.py find_ele [ line:26 ] 查找元素_
 Thu, 29 Nov 2018 14:53:45  INFO BasePage.py move_IntoView [ line:110 ] 将登录页面-点击登录button的元素移动到可见区域
 Thu, 29 Nov 2018 14:53:45  INFO BasePage.py find_ele [ line:26 ] 查找元素_
 Thu, 29 Nov 2018 14:53:45  INFO BasePage.py click_ele [ line:61 ] 登录页面-点击登录button-点击操作
 Thu, 29 Nov 2018 14:53:46  INFO BasePage.py wait_eleVisibility [ line:100 ] 等待进入写信页面中元素可见
 Thu, 29 Nov 2018 14:53:49  INFO BasePage.py find_ele [ line:26 ] 查找元素_
 Thu, 29 Nov 2018 14:53:49  INFO BasePage.py move_IntoView [ line:110 ] 将进入写信页面的元素移动到可见区域
 Thu, 29 Nov 2018 14:53:49  INFO BasePage.py find_ele [ line:26 ] 查找元素_
 Thu, 29 Nov 2018 14:53:49  INFO BasePage.py click_ele [ line:61 ] 进入写信页面-点击操作
------------------------------ Captured log setup ------------------------------<br/>BasePage.py                 26 INFO     查找元素_
BasePage.py                 91 INFO     等待并且换到iframe-
BasePage.py                100 INFO     等待登录页面-输入用户名密码中元素可见
BasePage.py                 26 INFO     查找元素_
BasePage.py                110 INFO     将登录页面-输入用户名密码的元素移动到可见区域
BasePage.py                 26 INFO     查找元素_登录页面-输入用户名密码
BasePage.py                 51 INFO     登录页面-输入用户名密码-输入文本
BasePage.py                 26 INFO     查找元素_登录页面-输入用户名密码
BasePage.py                 51 INFO     登录页面-输入用户名密码-输入文本
BasePage.py                 26 INFO     查找元素_
BasePage.py                110 INFO     将登录页面-点击登录button的元素移动到可见区域
BasePage.py                 26 INFO     查找元素_
BasePage.py                 61 INFO     登录页面-点击登录button-点击操作
BasePage.py                100 INFO     等待进入写信页面中元素可见
BasePage.py                 26 INFO     查找元素_
BasePage.py                110 INFO     将进入写信页面的元素移动到可见区域
BasePage.py                 26 INFO     查找元素_
BasePage.py                 61 INFO     进入写信页面-点击操作----------------------------- Captured stderr call -----------------------------<br/> Thu, 29 Nov 2018 14:53:49  INFO writeEmail_page.py send_text_Email [ line:23 ] 发送文本信息邮件
 Thu, 29 Nov 2018 14:53:49  INFO BasePage.py wait_eleVisibility [ line:100 ] 等待中元素可见
 Thu, 29 Nov 2018 14:53:49  INFO BasePage.py find_ele [ line:26 ] 查找元素_
 Thu, 29 Nov 2018 14:53:49  INFO BasePage.py input_keys [ line:51 ] -输入文本
 Thu, 29 Nov 2018 14:53:49  INFO BasePage.py find_ele [ line:26 ] 查找元素_
 Thu, 29 Nov 2018 14:53:49  INFO BasePage.py input_keys [ line:51 ] -输入文本
 Thu, 29 Nov 2018 14:53:50  INFO BasePage.py find_ele [ line:26 ] 查找元素_
 Thu, 29 Nov 2018 14:53:50  INFO BasePage.py wait_iframe_and_switch_to_it [ line:91 ] 等待并且换到iframe-发送文本信息邮件
 Thu, 29 Nov 2018 14:53:50  INFO BasePage.py find_ele [ line:26 ] 查找元素_
 Thu, 29 Nov 2018 14:53:50  INFO BasePage.py input_keys [ line:51 ] -输入文本
 Thu, 29 Nov 2018 14:53:50  INFO BasePage.py find_ele [ line:26 ] 查找元素_
 Thu, 29 Nov 2018 14:53:50  INFO BasePage.py click_ele [ line:61 ] 发送文本信息邮件-点击操作
 Thu, 29 Nov 2018 14:53:50  INFO writeEmail_page.py get_sendSuccess_msg [ line:40 ] 获取发送邮件成功的提示信息
 Thu, 29 Nov 2018 14:53:50  INFO BasePage.py find_ele [ line:26 ] 查找元素_
 Thu, 29 Nov 2018 14:53:50  ERROR BasePage.py find_ele [ line:29 ] 查找元素失败
Traceback (most recent call last):
  File &quot;D:\TestScript\web_163_mail\Common\BasePage.py&quot;, line 27, in find_ele
    return self.driver.find_element(*locator)
  File &quot;D:\soft\Python3\lib\site-packages\selenium\webdriver\remote\webdriver.py&quot;, line 978, in find_element
    &#x27;value&#x27;: value})[&#x27;value&#x27;]
  File &quot;D:\soft\Python3\lib\site-packages\selenium\webdriver\remote\webdriver.py&quot;, line 321, in execute
    self.error_handler.check_response(response)
  File &quot;D:\soft\Python3\lib\site-packages\selenium\webdriver\remote\errorhandler.py&quot;, line 242, in check_response
    raise exception_class(message, screen, stacktrace)
selenium.common.exceptions.NoSuchElementException: Message: no such element: Unable to locate element: {&quot;method&quot;:&quot;xpath&quot;,&quot;selector&quot;:&quot;//*[text()=&quot;发送成功&quot;]&quot;}
  (Session info: headless chrome=70.0.3538.110)
  (Driver info: chromedriver=2.43.600210 (68dcf5eebde37173d4027fa8635e332711d2874a),platform=Windows NT 10.0.17134 x86_64)

--- Logging error ---
Traceback (most recent call last):
  File &quot;D:\TestScript\web_163_mail\Common\BasePage.py&quot;, line 27, in find_ele
    return self.driver.find_element(*locator)
  File &quot;D:\soft\Python3\lib\site-packages\selenium\webdriver\remote\webdriver.py&quot;, line 978, in find_element
    &#x27;value&#x27;: value})[&#x27;value&#x27;]
  File &quot;D:\soft\Python3\lib\site-packages\selenium\webdriver\remote\webdriver.py&quot;, line 321, in execute
    self.error_handler.check_response(response)
  File &quot;D:\soft\Python3\lib\site-packages\selenium\webdriver\remote\errorhandler.py&quot;, line 242, in check_response
    raise exception_class(message, screen, stacktrace)
selenium.common.exceptions.NoSuchElementException: Message: no such element: Unable to locate element: {&quot;method&quot;:&quot;xpath&quot;,&quot;selector&quot;:&quot;//*[text()=&quot;发送成功&quot;]&quot;}
  (Session info: headless chrome=70.0.3538.110)
  (Driver info: chromedriver=2.43.600210 (68dcf5eebde37173d4027fa8635e332711d2874a),platform=Windows NT 10.0.17134 x86_64)


During handling of the above exception, another exception occurred:

Traceback (most recent call last):
  File &quot;D:\soft\Python3\lib\logging\__init__.py&quot;, line 992, in emit
    msg = self.format(record)
  File &quot;D:\soft\Python3\lib\logging\__init__.py&quot;, line 838, in format
    return fmt.format(record)
  File &quot;D:\soft\Python3\lib\logging\__init__.py&quot;, line 575, in format
    record.message = record.getMessage()
  File &quot;D:\soft\Python3\lib\logging\__init__.py&quot;, line 338, in getMessage
    msg = msg % self.args
TypeError: not all arguments converted during string formatting
Call stack:
  File &quot;D:/TestScript/web_163_mail/run.py&quot;, line 12, in &lt;module&gt;
    pytest.main([&quot;-m&quot;,&quot;smoke&quot;,&quot;--reruns&quot;,&quot;2&quot;,&quot;--html=Reports\\{0}_report.html&quot;.format(time.strftime(&quot;%Y%m%d_%H%M%S&quot;))])
  File &quot;D:\soft\Python3\lib\site-packages\_pytest\config\__init__.py&quot;, line 77, in main
    return config.hook.pytest_cmdline_main(config=config)
  File &quot;D:\soft\Python3\lib\site-packages\pluggy\hooks.py&quot;, line 284, in __call__
    return self._hookexec(self, self.get_hookimpls(), kwargs)
  File &quot;D:\soft\Python3\lib\site-packages\pluggy\manager.py&quot;, line 67, in _hookexec
    return self._inner_hookexec(hook, methods, kwargs)
  File &quot;D:\soft\Python3\lib\site-packages\pluggy\manager.py&quot;, line 61, in &lt;lambda&gt;
    firstresult=hook.spec.opts.get(&quot;firstresult&quot;) if hook.spec else False,
  File &quot;D:\soft\Python3\lib\site-packages\pluggy\callers.py&quot;, line 187, in _multicall
    res = hook_impl.function(*args)
  File &quot;D:\soft\Python3\lib\site-packages\_pytest\main.py&quot;, line 217, in pytest_cmdline_main
    return wrap_session(config, _main)
  File &quot;D:\soft\Python3\lib\site-packages\_pytest\main.py&quot;, line 184, in wrap_session
    session.exitstatus = doit(config, session) or 0
  File &quot;D:\soft\Python3\lib\site-packages\_pytest\main.py&quot;, line 224, in _main
    config.hook.pytest_runtestloop(session=session)
  File &quot;D:\soft\Python3\lib\site-packages\pluggy\hooks.py&quot;, line 284, in __call__
    return self._hookexec(self, self.get_hookimpls(), kwargs)
  File &quot;D:\soft\Python3\lib\site-packages\pluggy\manager.py&quot;, line 67, in _hookexec
    return self._inner_hookexec(hook, methods, kwargs)
  File &quot;D:\soft\Python3\lib\site-packages\pluggy\manager.py&quot;, line 61, in &lt;lambda&gt;
    firstresult=hook.spec.opts.get(&quot;firstresult&quot;) if hook.spec else False,
  File &quot;D:\soft\Python3\lib\site-packages\pluggy\callers.py&quot;, line 187, in _multicall
    res = hook_impl.function(*args)
  File &quot;D:\soft\Python3\lib\site-packages\_pytest\main.py&quot;, line 245, in pytest_runtestloop
    item.config.hook.pytest_runtest_protocol(item=item, nextitem=nextitem)
  File &quot;D:\soft\Python3\lib\site-packages\pluggy\hooks.py&quot;, line 284, in __call__
    return self._hookexec(self, self.get_hookimpls(), kwargs)
  File &quot;D:\soft\Python3\lib\site-packages\pluggy\manager.py&quot;, line 67, in _hookexec
    return self._inner_hookexec(hook, methods, kwargs)
  File &quot;D:\soft\Python3\lib\site-packages\pluggy\manager.py&quot;, line 61, in &lt;lambda&gt;
    firstresult=hook.spec.opts.get(&quot;firstresult&quot;) if hook.spec else False,
  File &quot;D:\soft\Python3\lib\site-packages\pluggy\callers.py&quot;, line 187, in _multicall
    res = hook_impl.function(*args)
  File &quot;D:\soft\Python3\lib\site-packages\pytest_rerunfailures.py&quot;, line 175, in pytest_runtest_protocol
    reports = runtestprotocol(item, nextitem=nextitem, log=False)
  File &quot;D:\soft\Python3\lib\site-packages\_pytest\runner.py&quot;, line 92, in runtestprotocol
    reports.append(call_and_report(item, &quot;call&quot;, log))
  File &quot;D:\soft\Python3\lib\site-packages\_pytest\runner.py&quot;, line 172, in call_and_report
    call = call_runtest_hook(item, when, **kwds)
  File &quot;D:\soft\Python3\lib\site-packages\_pytest\runner.py&quot;, line 196, in call_runtest_hook
    treat_keyboard_interrupt_as_exception=item.config.getvalue(&quot;usepdb&quot;),
  File &quot;D:\soft\Python3\lib\site-packages\_pytest\runner.py&quot;, line 212, in __init__
    self.result = func()
  File &quot;D:\soft\Python3\lib\site-packages\_pytest\runner.py&quot;, line 194, in &lt;lambda&gt;
    lambda: ihook(item=item, **kwds),
  File &quot;D:\soft\Python3\lib\site-packages\pluggy\hooks.py&quot;, line 284, in __call__
    return self._hookexec(self, self.get_hookimpls(), kwargs)
  File &quot;D:\soft\Python3\lib\site-packages\pluggy\manager.py&quot;, line 67, in _hookexec
    return self._inner_hookexec(hook, methods, kwargs)
  File &quot;D:\soft\Python3\lib\site-packages\pluggy\manager.py&quot;, line 61, in &lt;lambda&gt;
    firstresult=hook.spec.opts.get(&quot;firstresult&quot;) if hook.spec else False,
  File &quot;D:\soft\Python3\lib\site-packages\pluggy\callers.py&quot;, line 187, in _multicall
    res = hook_impl.function(*args)
  File &quot;D:\soft\Python3\lib\site-packages\_pytest\runner.py&quot;, line 122, in pytest_runtest_call
    item.runtest()
  File &quot;D:\soft\Python3\lib\site-packages\_pytest\python.py&quot;, line 1438, in runtest
    self.ihook.pytest_pyfunc_call(pyfuncitem=self)
  File &quot;D:\soft\Python3\lib\site-packages\pluggy\hooks.py&quot;, line 284, in __call__
    return self._hookexec(self, self.get_hookimpls(), kwargs)
  File &quot;D:\soft\Python3\lib\site-packages\pluggy\manager.py&quot;, line 67, in _hookexec
    return self._inner_hookexec(hook, methods, kwargs)
  File &quot;D:\soft\Python3\lib\site-packages\pluggy\manager.py&quot;, line 61, in &lt;lambda&gt;
    firstresult=hook.spec.opts.get(&quot;firstresult&quot;) if hook.spec else False,
  File &quot;D:\soft\Python3\lib\site-packages\pluggy\callers.py&quot;, line 187, in _multicall
    res = hook_impl.function(*args)
  File &quot;D:\soft\Python3\lib\site-packages\_pytest\python.py&quot;, line 166, in pytest_pyfunc_call
    testfunction(**testargs)
  File &quot;D:\TestScript\web_163_mail\TestCases\test_writeEmail.py&quot;, line 43, in test_send_text_Email_ok
    assert WriteEmailPage(init_writeEnv).get_sendSuccess_msg() == send_textEmail_success[&#x27;expected&#x27;]
  File &quot;D:\TestScript\web_163_mail\PageObject\writeEmail_page.py&quot;, line 41, in get_sendSuccess_msg
    return self.get_text(self.sendEmail_success_msg,model_name=name)
  File &quot;D:\TestScript\web_163_mail\Common\BasePage.py&quot;, line 119, in get_text
    ele = self.find_ele(locator)
  File &quot;D:\TestScript\web_163_mail\Common\BasePage.py&quot;, line 30, in find_ele
    self._get_screenShot(model_name)
  File &quot;D:\TestScript\web_163_mail\Common\BasePage.py&quot;, line 150, in _get_screenShot
    logger.info(&#x27;截图成功，截图为：&#x27;,screen_path)
Message: &#x27;截图成功，截图为：&#x27;
Arguments: (&#x27;D:\\TestScript\\web_163_mail\\ScreenShots\\_20181129_145350.png&#x27;,)
--- Logging error ---
Traceback (most recent call last):
  File &quot;D:\TestScript\web_163_mail\Common\BasePage.py&quot;, line 27, in find_ele
    return self.driver.find_element(*locator)
  File &quot;D:\soft\Python3\lib\site-packages\selenium\webdriver\remote\webdriver.py&quot;, line 978, in find_element
    &#x27;value&#x27;: value})[&#x27;value&#x27;]
  File &quot;D:\soft\Python3\lib\site-packages\selenium\webdriver\remote\webdriver.py&quot;, line 321, in execute
    self.error_handler.check_response(response)
  File &quot;D:\soft\Python3\lib\site-packages\selenium\webdriver\remote\errorhandler.py&quot;, line 242, in check_response
    raise exception_class(message, screen, stacktrace)
selenium.common.exceptions.NoSuchElementException: Message: no such element: Unable to locate element: {&quot;method&quot;:&quot;xpath&quot;,&quot;selector&quot;:&quot;//*[text()=&quot;发送成功&quot;]&quot;}
  (Session info: headless chrome=70.0.3538.110)
  (Driver info: chromedriver=2.43.600210 (68dcf5eebde37173d4027fa8635e332711d2874a),platform=Windows NT 10.0.17134 x86_64)


During handling of the above exception, another exception occurred:

Traceback (most recent call last):
  File &quot;D:\soft\Python3\lib\logging\__init__.py&quot;, line 992, in emit
    msg = self.format(record)
  File &quot;D:\soft\Python3\lib\logging\__init__.py&quot;, line 838, in format
    return fmt.format(record)
  File &quot;D:\soft\Python3\lib\logging\__init__.py&quot;, line 575, in format
    record.message = record.getMessage()
  File &quot;D:\soft\Python3\lib\logging\__init__.py&quot;, line 338, in getMessage
    msg = msg % self.args
TypeError: not all arguments converted during string formatting
Call stack:
  File &quot;D:/TestScript/web_163_mail/run.py&quot;, line 12, in &lt;module&gt;
    pytest.main([&quot;-m&quot;,&quot;smoke&quot;,&quot;--reruns&quot;,&quot;2&quot;,&quot;--html=Reports\\{0}_report.html&quot;.format(time.strftime(&quot;%Y%m%d_%H%M%S&quot;))])
  File &quot;D:\soft\Python3\lib\site-packages\_pytest\config\__init__.py&quot;, line 77, in main
    return config.hook.pytest_cmdline_main(config=config)
  File &quot;D:\soft\Python3\lib\site-packages\pluggy\hooks.py&quot;, line 284, in __call__
    return self._hookexec(self, self.get_hookimpls(), kwargs)
  File &quot;D:\soft\Python3\lib\site-packages\pluggy\manager.py&quot;, line 67, in _hookexec
    return self._inner_hookexec(hook, methods, kwargs)
  File &quot;D:\soft\Python3\lib\site-packages\pluggy\manager.py&quot;, line 61, in &lt;lambda&gt;
    firstresult=hook.spec.opts.get(&quot;firstresult&quot;) if hook.spec else False,
  File &quot;D:\soft\Python3\lib\site-packages\pluggy\callers.py&quot;, line 187, in _multicall
    res = hook_impl.function(*args)
  File &quot;D:\soft\Python3\lib\site-packages\_pytest\main.py&quot;, line 217, in pytest_cmdline_main
    return wrap_session(config, _main)
  File &quot;D:\soft\Python3\lib\site-packages\_pytest\main.py&quot;, line 184, in wrap_session
    session.exitstatus = doit(config, session) or 0
  File &quot;D:\soft\Python3\lib\site-packages\_pytest\main.py&quot;, line 224, in _main
    config.hook.pytest_runtestloop(session=session)
  File &quot;D:\soft\Python3\lib\site-packages\pluggy\hooks.py&quot;, line 284, in __call__
    return self._hookexec(self, self.get_hookimpls(), kwargs)
  File &quot;D:\soft\Python3\lib\site-packages\pluggy\manager.py&quot;, line 67, in _hookexec
    return self._inner_hookexec(hook, methods, kwargs)
  File &quot;D:\soft\Python3\lib\site-packages\pluggy\manager.py&quot;, line 61, in &lt;lambda&gt;
    firstresult=hook.spec.opts.get(&quot;firstresult&quot;) if hook.spec else False,
  File &quot;D:\soft\Python3\lib\site-packages\pluggy\callers.py&quot;, line 187, in _multicall
    res = hook_impl.function(*args)
  File &quot;D:\soft\Python3\lib\site-packages\_pytest\main.py&quot;, line 245, in pytest_runtestloop
    item.config.hook.pytest_runtest_protocol(item=item, nextitem=nextitem)
  File &quot;D:\soft\Python3\lib\site-packages\pluggy\hooks.py&quot;, line 284, in __call__
    return self._hookexec(self, self.get_hookimpls(), kwargs)
  File &quot;D:\soft\Python3\lib\site-packages\pluggy\manager.py&quot;, line 67, in _hookexec
    return self._inner_hookexec(hook, methods, kwargs)
  File &quot;D:\soft\Python3\lib\site-packages\pluggy\manager.py&quot;, line 61, in &lt;lambda&gt;
    firstresult=hook.spec.opts.get(&quot;firstresult&quot;) if hook.spec else False,
  File &quot;D:\soft\Python3\lib\site-packages\pluggy\callers.py&quot;, line 187, in _multicall
    res = hook_impl.function(*args)
  File &quot;D:\soft\Python3\lib\site-packages\pytest_rerunfailures.py&quot;, line 175, in pytest_runtest_protocol
    reports = runtestprotocol(item, nextitem=nextitem, log=False)
  File &quot;D:\soft\Python3\lib\site-packages\_pytest\runner.py&quot;, line 92, in runtestprotocol
    reports.append(call_and_report(item, &quot;call&quot;, log))
  File &quot;D:\soft\Python3\lib\site-packages\_pytest\runner.py&quot;, line 172, in call_and_report
    call = call_runtest_hook(item, when, **kwds)
  File &quot;D:\soft\Python3\lib\site-packages\_pytest\runner.py&quot;, line 196, in call_runtest_hook
    treat_keyboard_interrupt_as_exception=item.config.getvalue(&quot;usepdb&quot;),
  File &quot;D:\soft\Python3\lib\site-packages\_pytest\runner.py&quot;, line 212, in __init__
    self.result = func()
  File &quot;D:\soft\Python3\lib\site-packages\_pytest\runner.py&quot;, line 194, in &lt;lambda&gt;
    lambda: ihook(item=item, **kwds),
  File &quot;D:\soft\Python3\lib\site-packages\pluggy\hooks.py&quot;, line 284, in __call__
    return self._hookexec(self, self.get_hookimpls(), kwargs)
  File &quot;D:\soft\Python3\lib\site-packages\pluggy\manager.py&quot;, line 67, in _hookexec
    return self._inner_hookexec(hook, methods, kwargs)
  File &quot;D:\soft\Python3\lib\site-packages\pluggy\manager.py&quot;, line 61, in &lt;lambda&gt;
    firstresult=hook.spec.opts.get(&quot;firstresult&quot;) if hook.spec else False,
  File &quot;D:\soft\Python3\lib\site-packages\pluggy\callers.py&quot;, line 187, in _multicall
    res = hook_impl.function(*args)
  File &quot;D:\soft\Python3\lib\site-packages\_pytest\runner.py&quot;, line 122, in pytest_runtest_call
    item.runtest()
  File &quot;D:\soft\Python3\lib\site-packages\_pytest\python.py&quot;, line 1438, in runtest
    self.ihook.pytest_pyfunc_call(pyfuncitem=self)
  File &quot;D:\soft\Python3\lib\site-packages\pluggy\hooks.py&quot;, line 284, in __call__
    return self._hookexec(self, self.get_hookimpls(), kwargs)
  File &quot;D:\soft\Python3\lib\site-packages\pluggy\manager.py&quot;, line 67, in _hookexec
    return self._inner_hookexec(hook, methods, kwargs)
  File &quot;D:\soft\Python3\lib\site-packages\pluggy\manager.py&quot;, line 61, in &lt;lambda&gt;
    firstresult=hook.spec.opts.get(&quot;firstresult&quot;) if hook.spec else False,
  File &quot;D:\soft\Python3\lib\site-packages\pluggy\callers.py&quot;, line 187, in _multicall
    res = hook_impl.function(*args)
  File &quot;D:\soft\Python3\lib\site-packages\_pytest\python.py&quot;, line 166, in pytest_pyfunc_call
    testfunction(**testargs)
  File &quot;D:\TestScript\web_163_mail\TestCases\test_writeEmail.py&quot;, line 43, in test_send_text_Email_ok
    assert WriteEmailPage(init_writeEnv).get_sendSuccess_msg() == send_textEmail_success[&#x27;expected&#x27;]
  File &quot;D:\TestScript\web_163_mail\PageObject\writeEmail_page.py&quot;, line 41, in get_sendSuccess_msg
    return self.get_text(self.sendEmail_success_msg,model_name=name)
  File &quot;D:\TestScript\web_163_mail\Common\BasePage.py&quot;, line 119, in get_text
    ele = self.find_ele(locator)
  File &quot;D:\TestScript\web_163_mail\Common\BasePage.py&quot;, line 30, in find_ele
    self._get_screenShot(model_name)
  File &quot;D:\TestScript\web_163_mail\Common\BasePage.py&quot;, line 150, in _get_screenShot
    logger.info(&#x27;截图成功，截图为：&#x27;,screen_path)
Message: &#x27;截图成功，截图为：&#x27;
Arguments: (&#x27;D:\\TestScript\\web_163_mail\\ScreenShots\\_20181129_145350.png&#x27;,)
--- Logging error ---
Traceback (most recent call last):
  File &quot;D:\TestScript\web_163_mail\Common\BasePage.py&quot;, line 27, in find_ele
    return self.driver.find_element(*locator)
  File &quot;D:\soft\Python3\lib\site-packages\selenium\webdriver\remote\webdriver.py&quot;, line 978, in find_element
    &#x27;value&#x27;: value})[&#x27;value&#x27;]
  File &quot;D:\soft\Python3\lib\site-packages\selenium\webdriver\remote\webdriver.py&quot;, line 321, in execute
    self.error_handler.check_response(response)
  File &quot;D:\soft\Python3\lib\site-packages\selenium\webdriver\remote\errorhandler.py&quot;, line 242, in check_response
    raise exception_class(message, screen, stacktrace)
selenium.common.exceptions.NoSuchElementException: Message: no such element: Unable to locate element: {&quot;method&quot;:&quot;xpath&quot;,&quot;selector&quot;:&quot;//*[text()=&quot;发送成功&quot;]&quot;}
  (Session info: headless chrome=70.0.3538.110)
  (Driver info: chromedriver=2.43.600210 (68dcf5eebde37173d4027fa8635e332711d2874a),platform=Windows NT 10.0.17134 x86_64)


During handling of the above exception, another exception occurred:

Traceback (most recent call last):
  File &quot;D:\soft\Python3\lib\logging\__init__.py&quot;, line 992, in emit
    msg = self.format(record)
  File &quot;D:\soft\Python3\lib\logging\__init__.py&quot;, line 838, in format
    return fmt.format(record)
  File &quot;D:\soft\Python3\lib\logging\__init__.py&quot;, line 575, in format
    record.message = record.getMessage()
  File &quot;D:\soft\Python3\lib\logging\__init__.py&quot;, line 338, in getMessage
    msg = msg % self.args
TypeError: not all arguments converted during string formatting
Call stack:
  File &quot;D:/TestScript/web_163_mail/run.py&quot;, line 12, in &lt;module&gt;
    pytest.main([&quot;-m&quot;,&quot;smoke&quot;,&quot;--reruns&quot;,&quot;2&quot;,&quot;--html=Reports\\{0}_report.html&quot;.format(time.strftime(&quot;%Y%m%d_%H%M%S&quot;))])
  File &quot;D:\soft\Python3\lib\site-packages\_pytest\config\__init__.py&quot;, line 77, in main
    return config.hook.pytest_cmdline_main(config=config)
  File &quot;D:\soft\Python3\lib\site-packages\pluggy\hooks.py&quot;, line 284, in __call__
    return self._hookexec(self, self.get_hookimpls(), kwargs)
  File &quot;D:\soft\Python3\lib\site-packages\pluggy\manager.py&quot;, line 67, in _hookexec
    return self._inner_hookexec(hook, methods, kwargs)
  File &quot;D:\soft\Python3\lib\site-packages\pluggy\manager.py&quot;, line 61, in &lt;lambda&gt;
    firstresult=hook.spec.opts.get(&quot;firstresult&quot;) if hook.spec else False,
  File &quot;D:\soft\Python3\lib\site-packages\pluggy\callers.py&quot;, line 187, in _multicall
    res = hook_impl.function(*args)
  File &quot;D:\soft\Python3\lib\site-packages\_pytest\main.py&quot;, line 217, in pytest_cmdline_main
    return wrap_session(config, _main)
  File &quot;D:\soft\Python3\lib\site-packages\_pytest\main.py&quot;, line 184, in wrap_session
    session.exitstatus = doit(config, session) or 0
  File &quot;D:\soft\Python3\lib\site-packages\_pytest\main.py&quot;, line 224, in _main
    config.hook.pytest_runtestloop(session=session)
  File &quot;D:\soft\Python3\lib\site-packages\pluggy\hooks.py&quot;, line 284, in __call__
    return self._hookexec(self, self.get_hookimpls(), kwargs)
  File &quot;D:\soft\Python3\lib\site-packages\pluggy\manager.py&quot;, line 67, in _hookexec
    return self._inner_hookexec(hook, methods, kwargs)
  File &quot;D:\soft\Python3\lib\site-packages\pluggy\manager.py&quot;, line 61, in &lt;lambda&gt;
    firstresult=hook.spec.opts.get(&quot;firstresult&quot;) if hook.spec else False,
  File &quot;D:\soft\Python3\lib\site-packages\pluggy\callers.py&quot;, line 187, in _multicall
    res = hook_impl.function(*args)
  File &quot;D:\soft\Python3\lib\site-packages\_pytest\main.py&quot;, line 245, in pytest_runtestloop
    item.config.hook.pytest_runtest_protocol(item=item, nextitem=nextitem)
  File &quot;D:\soft\Python3\lib\site-packages\pluggy\hooks.py&quot;, line 284, in __call__
    return self._hookexec(self, self.get_hookimpls(), kwargs)
  File &quot;D:\soft\Python3\lib\site-packages\pluggy\manager.py&quot;, line 67, in _hookexec
    return self._inner_hookexec(hook, methods, kwargs)
  File &quot;D:\soft\Python3\lib\site-packages\pluggy\manager.py&quot;, line 61, in &lt;lambda&gt;
    firstresult=hook.spec.opts.get(&quot;firstresult&quot;) if hook.spec else False,
  File &quot;D:\soft\Python3\lib\site-packages\pluggy\callers.py&quot;, line 187, in _multicall
    res = hook_impl.function(*args)
  File &quot;D:\soft\Python3\lib\site-packages\pytest_rerunfailures.py&quot;, line 175, in pytest_runtest_protocol
    reports = runtestprotocol(item, nextitem=nextitem, log=False)
  File &quot;D:\soft\Python3\lib\site-packages\_pytest\runner.py&quot;, line 92, in runtestprotocol
    reports.append(call_and_report(item, &quot;call&quot;, log))
  File &quot;D:\soft\Python3\lib\site-packages\_pytest\runner.py&quot;, line 172, in call_and_report
    call = call_runtest_hook(item, when, **kwds)
  File &quot;D:\soft\Python3\lib\site-packages\_pytest\runner.py&quot;, line 196, in call_runtest_hook
    treat_keyboard_interrupt_as_exception=item.config.getvalue(&quot;usepdb&quot;),
  File &quot;D:\soft\Python3\lib\site-packages\_pytest\runner.py&quot;, line 212, in __init__
    self.result = func()
  File &quot;D:\soft\Python3\lib\site-packages\_pytest\runner.py&quot;, line 194, in &lt;lambda&gt;
    lambda: ihook(item=item, **kwds),
  File &quot;D:\soft\Python3\lib\site-packages\pluggy\hooks.py&quot;, line 284, in __call__
    return self._hookexec(self, self.get_hookimpls(), kwargs)
  File &quot;D:\soft\Python3\lib\site-packages\pluggy\manager.py&quot;, line 67, in _hookexec
    return self._inner_hookexec(hook, methods, kwargs)
  File &quot;D:\soft\Python3\lib\site-packages\pluggy\manager.py&quot;, line 61, in &lt;lambda&gt;
    firstresult=hook.spec.opts.get(&quot;firstresult&quot;) if hook.spec else False,
  File &quot;D:\soft\Python3\lib\site-packages\pluggy\callers.py&quot;, line 187, in _multicall
    res = hook_impl.function(*args)
  File &quot;D:\soft\Python3\lib\site-packages\_pytest\runner.py&quot;, line 122, in pytest_runtest_call
    item.runtest()
  File &quot;D:\soft\Python3\lib\site-packages\_pytest\python.py&quot;, line 1438, in runtest
    self.ihook.pytest_pyfunc_call(pyfuncitem=self)
  File &quot;D:\soft\Python3\lib\site-packages\pluggy\hooks.py&quot;, line 284, in __call__
    return self._hookexec(self, self.get_hookimpls(), kwargs)
  File &quot;D:\soft\Python3\lib\site-packages\pluggy\manager.py&quot;, line 67, in _hookexec
    return self._inner_hookexec(hook, methods, kwargs)
  File &quot;D:\soft\Python3\lib\site-packages\pluggy\manager.py&quot;, line 61, in &lt;lambda&gt;
    firstresult=hook.spec.opts.get(&quot;firstresult&quot;) if hook.spec else False,
  File &quot;D:\soft\Python3\lib\site-packages\pluggy\callers.py&quot;, line 187, in _multicall
    res = hook_impl.function(*args)
  File &quot;D:\soft\Python3\lib\site-packages\_pytest\python.py&quot;, line 166, in pytest_pyfunc_call
    testfunction(**testargs)
  File &quot;D:\TestScript\web_163_mail\TestCases\test_writeEmail.py&quot;, line 43, in test_send_text_Email_ok
    assert WriteEmailPage(init_writeEnv).get_sendSuccess_msg() == send_textEmail_success[&#x27;expected&#x27;]
  File &quot;D:\TestScript\web_163_mail\PageObject\writeEmail_page.py&quot;, line 41, in get_sendSuccess_msg
    return self.get_text(self.sendEmail_success_msg,model_name=name)
  File &quot;D:\TestScript\web_163_mail\Common\BasePage.py&quot;, line 119, in get_text
    ele = self.find_ele(locator)
  File &quot;D:\TestScript\web_163_mail\Common\BasePage.py&quot;, line 30, in find_ele
    self._get_screenShot(model_name)
  File &quot;D:\TestScript\web_163_mail\Common\BasePage.py&quot;, line 150, in _get_screenShot
    logger.info(&#x27;截图成功，截图为：&#x27;,screen_path)
  File &quot;D:\soft\Python3\lib\logging\__init__.py&quot;, line 1875, in info
    root.info(msg, *args, **kwargs)
  File &quot;D:\soft\Python3\lib\logging\__init__.py&quot;, line 1306, in info
    self._log(INFO, msg, args, **kwargs)
  File &quot;D:\soft\Python3\lib\logging\__init__.py&quot;, line 1442, in _log
    self.handle(record)
  File &quot;D:\soft\Python3\lib\logging\__init__.py&quot;, line 1452, in handle
    self.callHandlers(record)
  File &quot;D:\soft\Python3\lib\logging\__init__.py&quot;, line 1514, in callHandlers
    hdlr.handle(record)
  File &quot;D:\soft\Python3\lib\logging\__init__.py&quot;, line 863, in handle
    self.emit(record)
  File &quot;D:\soft\Python3\lib\site-packages\_pytest\logging.py&quot;, line 206, in emit
    logging.StreamHandler.emit(self, record)
Message: &#x27;截图成功，截图为：&#x27;
Arguments: (&#x27;D:\\TestScript\\web_163_mail\\ScreenShots\\_20181129_145350.png&#x27;,)
------------------------------ Captured log call -------------------------------<br/>writeEmail_page.py          23 INFO     发送文本信息邮件
BasePage.py                100 INFO     等待中元素可见
BasePage.py                 26 INFO     查找元素_
BasePage.py                 51 INFO     -输入文本
BasePage.py                 26 INFO     查找元素_
BasePage.py                 51 INFO     -输入文本
BasePage.py                 26 INFO     查找元素_
BasePage.py                 91 INFO     等待并且换到iframe-发送文本信息邮件
BasePage.py                 26 INFO     查找元素_
BasePage.py                 51 INFO     -输入文本
BasePage.py                 26 INFO     查找元素_
BasePage.py                 61 INFO     发送文本信息邮件-点击操作
writeEmail_page.py          40 INFO     获取发送邮件成功的提示信息
BasePage.py                 26 INFO     查找元素_
BasePage.py                 29 ERROR    查找元素失败
Traceback (most recent call last):
  File &quot;D:\TestScript\web_163_mail\Common\BasePage.py&quot;, line 27, in find_ele
    return self.driver.find_element(*locator)
  File &quot;D:\soft\Python3\lib\site-packages\selenium\webdriver\remote\webdriver.py&quot;, line 978, in find_element
    &#x27;value&#x27;: value})[&#x27;value&#x27;]
  File &quot;D:\soft\Python3\lib\site-packages\selenium\webdriver\remote\webdriver.py&quot;, line 321, in execute
    self.error_handler.check_response(response)
  File &quot;D:\soft\Python3\lib\site-packages\selenium\webdriver\remote\errorhandler.py&quot;, line 242, in check_response
    raise exception_class(message, screen, stacktrace)
selenium.common.exceptions.NoSuchElementException: Message: no such element: Unable to locate element: {&quot;method&quot;:&quot;xpath&quot;,&quot;selector&quot;:&quot;//*[text()=&quot;发送成功&quot;]&quot;}
  (Session info: headless chrome=70.0.3538.110)
  (Driver info: chromedriver=2.43.600210 (68dcf5eebde37173d4027fa8635e332711d2874a),platform=Windows NT 10.0.17134 x86_64)---------------------------- Captured stderr setup -----------------------------<br/> Thu, 29 Nov 2018 14:53:58  INFO BasePage.py find_ele [ line:26 ] 查找元素_
 Thu, 29 Nov 2018 14:53:58  INFO BasePage.py wait_iframe_and_switch_to_it [ line:91 ] 等待并且换到iframe-
 Thu, 29 Nov 2018 14:53:58  INFO BasePage.py wait_eleVisibility [ line:100 ] 等待登录页面-输入用户名密码中元素可见
 Thu, 29 Nov 2018 14:53:59  INFO BasePage.py find_ele [ line:26 ] 查找元素_
 Thu, 29 Nov 2018 14:53:59  INFO BasePage.py move_IntoView [ line:110 ] 将登录页面-输入用户名密码的元素移动到可见区域
 Thu, 29 Nov 2018 14:53:59  INFO BasePage.py find_ele [ line:26 ] 查找元素_登录页面-输入用户名密码
 Thu, 29 Nov 2018 14:53:59  INFO BasePage.py input_keys [ line:51 ] 登录页面-输入用户名密码-输入文本
 Thu, 29 Nov 2018 14:53:59  INFO BasePage.py find_ele [ line:26 ] 查找元素_登录页面-输入用户名密码
 Thu, 29 Nov 2018 14:53:59  INFO BasePage.py input_keys [ line:51 ] 登录页面-输入用户名密码-输入文本
 Thu, 29 Nov 2018 14:53:59  INFO BasePage.py find_ele [ line:26 ] 查找元素_
 Thu, 29 Nov 2018 14:53:59  INFO BasePage.py move_IntoView [ line:110 ] 将登录页面-点击登录button的元素移动到可见区域
 Thu, 29 Nov 2018 14:53:59  INFO BasePage.py find_ele [ line:26 ] 查找元素_
 Thu, 29 Nov 2018 14:53:59  INFO BasePage.py click_ele [ line:61 ] 登录页面-点击登录button-点击操作
 Thu, 29 Nov 2018 14:53:59  INFO BasePage.py wait_eleVisibility [ line:100 ] 等待进入写信页面中元素可见
 Thu, 29 Nov 2018 14:54:01  INFO BasePage.py find_ele [ line:26 ] 查找元素_
 Thu, 29 Nov 2018 14:54:01  INFO BasePage.py move_IntoView [ line:110 ] 将进入写信页面的元素移动到可见区域
 Thu, 29 Nov 2018 14:54:01  INFO BasePage.py find_ele [ line:26 ] 查找元素_
 Thu, 29 Nov 2018 14:54:01  INFO BasePage.py click_ele [ line:61 ] 进入写信页面-点击操作
------------------------------ Captured log setup ------------------------------<br/>BasePage.py                 26 INFO     查找元素_
BasePage.py                 91 INFO     等待并且换到iframe-
BasePage.py                100 INFO     等待登录页面-输入用户名密码中元素可见
BasePage.py                 26 INFO     查找元素_
BasePage.py                110 INFO     将登录页面-输入用户名密码的元素移动到可见区域
BasePage.py                 26 INFO     查找元素_登录页面-输入用户名密码
BasePage.py                 51 INFO     登录页面-输入用户名密码-输入文本
BasePage.py                 26 INFO     查找元素_登录页面-输入用户名密码
BasePage.py                 51 INFO     登录页面-输入用户名密码-输入文本
BasePage.py                 26 INFO     查找元素_
BasePage.py                110 INFO     将登录页面-点击登录button的元素移动到可见区域
BasePage.py                 26 INFO     查找元素_
BasePage.py                 61 INFO     登录页面-点击登录button-点击操作
BasePage.py                100 INFO     等待进入写信页面中元素可见
BasePage.py                 26 INFO     查找元素_
BasePage.py                110 INFO     将进入写信页面的元素移动到可见区域
BasePage.py                 26 INFO     查找元素_
BasePage.py                 61 INFO     进入写信页面-点击操作----------------------------- Captured stderr call -----------------------------<br/> Thu, 29 Nov 2018 14:54:01  INFO writeEmail_page.py send_text_Email [ line:23 ] 发送文本信息邮件
 Thu, 29 Nov 2018 14:54:01  INFO BasePage.py wait_eleVisibility [ line:100 ] 等待中元素可见
 Thu, 29 Nov 2018 14:54:01  INFO BasePage.py find_ele [ line:26 ] 查找元素_
 Thu, 29 Nov 2018 14:54:01  INFO BasePage.py input_keys [ line:51 ] -输入文本
 Thu, 29 Nov 2018 14:54:02  INFO BasePage.py find_ele [ line:26 ] 查找元素_
 Thu, 29 Nov 2018 14:54:02  INFO BasePage.py input_keys [ line:51 ] -输入文本
 Thu, 29 Nov 2018 14:54:02  INFO BasePage.py find_ele [ line:26 ] 查找元素_
 Thu, 29 Nov 2018 14:54:02  INFO BasePage.py wait_iframe_and_switch_to_it [ line:91 ] 等待并且换到iframe-发送文本信息邮件
 Thu, 29 Nov 2018 14:54:02  INFO BasePage.py find_ele [ line:26 ] 查找元素_
 Thu, 29 Nov 2018 14:54:02  INFO BasePage.py input_keys [ line:51 ] -输入文本
 Thu, 29 Nov 2018 14:54:02  INFO BasePage.py find_ele [ line:26 ] 查找元素_
 Thu, 29 Nov 2018 14:54:02  INFO BasePage.py click_ele [ line:61 ] 发送文本信息邮件-点击操作
 Thu, 29 Nov 2018 14:54:02  INFO writeEmail_page.py get_sendSuccess_msg [ line:40 ] 获取发送邮件成功的提示信息
 Thu, 29 Nov 2018 14:54:02  INFO BasePage.py find_ele [ line:26 ] 查找元素_
 Thu, 29 Nov 2018 14:54:02  ERROR BasePage.py find_ele [ line:29 ] 查找元素失败
Traceback (most recent call last):
  File &quot;D:\TestScript\web_163_mail\Common\BasePage.py&quot;, line 27, in find_ele
    return self.driver.find_element(*locator)
  File &quot;D:\soft\Python3\lib\site-packages\selenium\webdriver\remote\webdriver.py&quot;, line 978, in find_element
    &#x27;value&#x27;: value})[&#x27;value&#x27;]
  File &quot;D:\soft\Python3\lib\site-packages\selenium\webdriver\remote\webdriver.py&quot;, line 321, in execute
    self.error_handler.check_response(response)
  File &quot;D:\soft\Python3\lib\site-packages\selenium\webdriver\remote\errorhandler.py&quot;, line 242, in check_response
    raise exception_class(message, screen, stacktrace)
selenium.common.exceptions.NoSuchElementException: Message: no such element: Unable to locate element: {&quot;method&quot;:&quot;xpath&quot;,&quot;selector&quot;:&quot;//*[text()=&quot;发送成功&quot;]&quot;}
  (Session info: headless chrome=70.0.3538.110)
  (Driver info: chromedriver=2.43.600210 (68dcf5eebde37173d4027fa8635e332711d2874a),platform=Windows NT 10.0.17134 x86_64)

--- Logging error ---
Traceback (most recent call last):
  File &quot;D:\TestScript\web_163_mail\Common\BasePage.py&quot;, line 27, in find_ele
    return self.driver.find_element(*locator)
  File &quot;D:\soft\Python3\lib\site-packages\selenium\webdriver\remote\webdriver.py&quot;, line 978, in find_element
    &#x27;value&#x27;: value})[&#x27;value&#x27;]
  File &quot;D:\soft\Python3\lib\site-packages\selenium\webdriver\remote\webdriver.py&quot;, line 321, in execute
    self.error_handler.check_response(response)
  File &quot;D:\soft\Python3\lib\site-packages\selenium\webdriver\remote\errorhandler.py&quot;, line 242, in check_response
    raise exception_class(message, screen, stacktrace)
selenium.common.exceptions.NoSuchElementException: Message: no such element: Unable to locate element: {&quot;method&quot;:&quot;xpath&quot;,&quot;selector&quot;:&quot;//*[text()=&quot;发送成功&quot;]&quot;}
  (Session info: headless chrome=70.0.3538.110)
  (Driver info: chromedriver=2.43.600210 (68dcf5eebde37173d4027fa8635e332711d2874a),platform=Windows NT 10.0.17134 x86_64)


During handling of the above exception, another exception occurred:

Traceback (most recent call last):
  File &quot;D:\soft\Python3\lib\logging\__init__.py&quot;, line 992, in emit
    msg = self.format(record)
  File &quot;D:\soft\Python3\lib\logging\__init__.py&quot;, line 838, in format
    return fmt.format(record)
  File &quot;D:\soft\Python3\lib\logging\__init__.py&quot;, line 575, in format
    record.message = record.getMessage()
  File &quot;D:\soft\Python3\lib\logging\__init__.py&quot;, line 338, in getMessage
    msg = msg % self.args
TypeError: not all arguments converted during string formatting
Call stack:
  File &quot;D:/TestScript/web_163_mail/run.py&quot;, line 12, in &lt;module&gt;
    pytest.main([&quot;-m&quot;,&quot;smoke&quot;,&quot;--reruns&quot;,&quot;2&quot;,&quot;--html=Reports\\{0}_report.html&quot;.format(time.strftime(&quot;%Y%m%d_%H%M%S&quot;))])
  File &quot;D:\soft\Python3\lib\site-packages\_pytest\config\__init__.py&quot;, line 77, in main
    return config.hook.pytest_cmdline_main(config=config)
  File &quot;D:\soft\Python3\lib\site-packages\pluggy\hooks.py&quot;, line 284, in __call__
    return self._hookexec(self, self.get_hookimpls(), kwargs)
  File &quot;D:\soft\Python3\lib\site-packages\pluggy\manager.py&quot;, line 67, in _hookexec
    return self._inner_hookexec(hook, methods, kwargs)
  File &quot;D:\soft\Python3\lib\site-packages\pluggy\manager.py&quot;, line 61, in &lt;lambda&gt;
    firstresult=hook.spec.opts.get(&quot;firstresult&quot;) if hook.spec else False,
  File &quot;D:\soft\Python3\lib\site-packages\pluggy\callers.py&quot;, line 187, in _multicall
    res = hook_impl.function(*args)
  File &quot;D:\soft\Python3\lib\site-packages\_pytest\main.py&quot;, line 217, in pytest_cmdline_main
    return wrap_session(config, _main)
  File &quot;D:\soft\Python3\lib\site-packages\_pytest\main.py&quot;, line 184, in wrap_session
    session.exitstatus = doit(config, session) or 0
  File &quot;D:\soft\Python3\lib\site-packages\_pytest\main.py&quot;, line 224, in _main
    config.hook.pytest_runtestloop(session=session)
  File &quot;D:\soft\Python3\lib\site-packages\pluggy\hooks.py&quot;, line 284, in __call__
    return self._hookexec(self, self.get_hookimpls(), kwargs)
  File &quot;D:\soft\Python3\lib\site-packages\pluggy\manager.py&quot;, line 67, in _hookexec
    return self._inner_hookexec(hook, methods, kwargs)
  File &quot;D:\soft\Python3\lib\site-packages\pluggy\manager.py&quot;, line 61, in &lt;lambda&gt;
    firstresult=hook.spec.opts.get(&quot;firstresult&quot;) if hook.spec else False,
  File &quot;D:\soft\Python3\lib\site-packages\pluggy\callers.py&quot;, line 187, in _multicall
    res = hook_impl.function(*args)
  File &quot;D:\soft\Python3\lib\site-packages\_pytest\main.py&quot;, line 245, in pytest_runtestloop
    item.config.hook.pytest_runtest_protocol(item=item, nextitem=nextitem)
  File &quot;D:\soft\Python3\lib\site-packages\pluggy\hooks.py&quot;, line 284, in __call__
    return self._hookexec(self, self.get_hookimpls(), kwargs)
  File &quot;D:\soft\Python3\lib\site-packages\pluggy\manager.py&quot;, line 67, in _hookexec
    return self._inner_hookexec(hook, methods, kwargs)
  File &quot;D:\soft\Python3\lib\site-packages\pluggy\manager.py&quot;, line 61, in &lt;lambda&gt;
    firstresult=hook.spec.opts.get(&quot;firstresult&quot;) if hook.spec else False,
  File &quot;D:\soft\Python3\lib\site-packages\pluggy\callers.py&quot;, line 187, in _multicall
    res = hook_impl.function(*args)
  File &quot;D:\soft\Python3\lib\site-packages\pytest_rerunfailures.py&quot;, line 175, in pytest_runtest_protocol
    reports = runtestprotocol(item, nextitem=nextitem, log=False)
  File &quot;D:\soft\Python3\lib\site-packages\_pytest\runner.py&quot;, line 92, in runtestprotocol
    reports.append(call_and_report(item, &quot;call&quot;, log))
  File &quot;D:\soft\Python3\lib\site-packages\_pytest\runner.py&quot;, line 172, in call_and_report
    call = call_runtest_hook(item, when, **kwds)
  File &quot;D:\soft\Python3\lib\site-packages\_pytest\runner.py&quot;, line 196, in call_runtest_hook
    treat_keyboard_interrupt_as_exception=item.config.getvalue(&quot;usepdb&quot;),
  File &quot;D:\soft\Python3\lib\site-packages\_pytest\runner.py&quot;, line 212, in __init__
    self.result = func()
  File &quot;D:\soft\Python3\lib\site-packages\_pytest\runner.py&quot;, line 194, in &lt;lambda&gt;
    lambda: ihook(item=item, **kwds),
  File &quot;D:\soft\Python3\lib\site-packages\pluggy\hooks.py&quot;, line 284, in __call__
    return self._hookexec(self, self.get_hookimpls(), kwargs)
  File &quot;D:\soft\Python3\lib\site-packages\pluggy\manager.py&quot;, line 67, in _hookexec
    return self._inner_hookexec(hook, methods, kwargs)
  File &quot;D:\soft\Python3\lib\site-packages\pluggy\manager.py&quot;, line 61, in &lt;lambda&gt;
    firstresult=hook.spec.opts.get(&quot;firstresult&quot;) if hook.spec else False,
  File &quot;D:\soft\Python3\lib\site-packages\pluggy\callers.py&quot;, line 187, in _multicall
    res = hook_impl.function(*args)
  File &quot;D:\soft\Python3\lib\site-packages\_pytest\runner.py&quot;, line 122, in pytest_runtest_call
    item.runtest()
  File &quot;D:\soft\Python3\lib\site-packages\_pytest\python.py&quot;, line 1438, in runtest
    self.ihook.pytest_pyfunc_call(pyfuncitem=self)
  File &quot;D:\soft\Python3\lib\site-packages\pluggy\hooks.py&quot;, line 284, in __call__
    return self._hookexec(self, self.get_hookimpls(), kwargs)
  File &quot;D:\soft\Python3\lib\site-packages\pluggy\manager.py&quot;, line 67, in _hookexec
    return self._inner_hookexec(hook, methods, kwargs)
  File &quot;D:\soft\Python3\lib\site-packages\pluggy\manager.py&quot;, line 61, in &lt;lambda&gt;
    firstresult=hook.spec.opts.get(&quot;firstresult&quot;) if hook.spec else False,
  File &quot;D:\soft\Python3\lib\site-packages\pluggy\callers.py&quot;, line 187, in _multicall
    res = hook_impl.function(*args)
  File &quot;D:\soft\Python3\lib\site-packages\_pytest\python.py&quot;, line 166, in pytest_pyfunc_call
    testfunction(**testargs)
  File &quot;D:\TestScript\web_163_mail\TestCases\test_writeEmail.py&quot;, line 43, in test_send_text_Email_ok
    assert WriteEmailPage(init_writeEnv).get_sendSuccess_msg() == send_textEmail_success[&#x27;expected&#x27;]
  File &quot;D:\TestScript\web_163_mail\PageObject\writeEmail_page.py&quot;, line 41, in get_sendSuccess_msg
    return self.get_text(self.sendEmail_success_msg,model_name=name)
  File &quot;D:\TestScript\web_163_mail\Common\BasePage.py&quot;, line 119, in get_text
    ele = self.find_ele(locator)
  File &quot;D:\TestScript\web_163_mail\Common\BasePage.py&quot;, line 30, in find_ele
    self._get_screenShot(model_name)
  File &quot;D:\TestScript\web_163_mail\Common\BasePage.py&quot;, line 150, in _get_screenShot
    logger.info(&#x27;截图成功，截图为：&#x27;,screen_path)
Message: &#x27;截图成功，截图为：&#x27;
Arguments: (&#x27;D:\\TestScript\\web_163_mail\\ScreenShots\\_20181129_145402.png&#x27;,)
--- Logging error ---
Traceback (most recent call last):
  File &quot;D:\TestScript\web_163_mail\Common\BasePage.py&quot;, line 27, in find_ele
    return self.driver.find_element(*locator)
  File &quot;D:\soft\Python3\lib\site-packages\selenium\webdriver\remote\webdriver.py&quot;, line 978, in find_element
    &#x27;value&#x27;: value})[&#x27;value&#x27;]
  File &quot;D:\soft\Python3\lib\site-packages\selenium\webdriver\remote\webdriver.py&quot;, line 321, in execute
    self.error_handler.check_response(response)
  File &quot;D:\soft\Python3\lib\site-packages\selenium\webdriver\remote\errorhandler.py&quot;, line 242, in check_response
    raise exception_class(message, screen, stacktrace)
selenium.common.exceptions.NoSuchElementException: Message: no such element: Unable to locate element: {&quot;method&quot;:&quot;xpath&quot;,&quot;selector&quot;:&quot;//*[text()=&quot;发送成功&quot;]&quot;}
  (Session info: headless chrome=70.0.3538.110)
  (Driver info: chromedriver=2.43.600210 (68dcf5eebde37173d4027fa8635e332711d2874a),platform=Windows NT 10.0.17134 x86_64)


During handling of the above exception, another exception occurred:

Traceback (most recent call last):
  File &quot;D:\soft\Python3\lib\logging\__init__.py&quot;, line 992, in emit
    msg = self.format(record)
  File &quot;D:\soft\Python3\lib\logging\__init__.py&quot;, line 838, in format
    return fmt.format(record)
  File &quot;D:\soft\Python3\lib\logging\__init__.py&quot;, line 575, in format
    record.message = record.getMessage()
  File &quot;D:\soft\Python3\lib\logging\__init__.py&quot;, line 338, in getMessage
    msg = msg % self.args
TypeError: not all arguments converted during string formatting
Call stack:
  File &quot;D:/TestScript/web_163_mail/run.py&quot;, line 12, in &lt;module&gt;
    pytest.main([&quot;-m&quot;,&quot;smoke&quot;,&quot;--reruns&quot;,&quot;2&quot;,&quot;--html=Reports\\{0}_report.html&quot;.format(time.strftime(&quot;%Y%m%d_%H%M%S&quot;))])
  File &quot;D:\soft\Python3\lib\site-packages\_pytest\config\__init__.py&quot;, line 77, in main
    return config.hook.pytest_cmdline_main(config=config)
  File &quot;D:\soft\Python3\lib\site-packages\pluggy\hooks.py&quot;, line 284, in __call__
    return self._hookexec(self, self.get_hookimpls(), kwargs)
  File &quot;D:\soft\Python3\lib\site-packages\pluggy\manager.py&quot;, line 67, in _hookexec
    return self._inner_hookexec(hook, methods, kwargs)
  File &quot;D:\soft\Python3\lib\site-packages\pluggy\manager.py&quot;, line 61, in &lt;lambda&gt;
    firstresult=hook.spec.opts.get(&quot;firstresult&quot;) if hook.spec else False,
  File &quot;D:\soft\Python3\lib\site-packages\pluggy\callers.py&quot;, line 187, in _multicall
    res = hook_impl.function(*args)
  File &quot;D:\soft\Python3\lib\site-packages\_pytest\main.py&quot;, line 217, in pytest_cmdline_main
    return wrap_session(config, _main)
  File &quot;D:\soft\Python3\lib\site-packages\_pytest\main.py&quot;, line 184, in wrap_session
    session.exitstatus = doit(config, session) or 0
  File &quot;D:\soft\Python3\lib\site-packages\_pytest\main.py&quot;, line 224, in _main
    config.hook.pytest_runtestloop(session=session)
  File &quot;D:\soft\Python3\lib\site-packages\pluggy\hooks.py&quot;, line 284, in __call__
    return self._hookexec(self, self.get_hookimpls(), kwargs)
  File &quot;D:\soft\Python3\lib\site-packages\pluggy\manager.py&quot;, line 67, in _hookexec
    return self._inner_hookexec(hook, methods, kwargs)
  File &quot;D:\soft\Python3\lib\site-packages\pluggy\manager.py&quot;, line 61, in &lt;lambda&gt;
    firstresult=hook.spec.opts.get(&quot;firstresult&quot;) if hook.spec else False,
  File &quot;D:\soft\Python3\lib\site-packages\pluggy\callers.py&quot;, line 187, in _multicall
    res = hook_impl.function(*args)
  File &quot;D:\soft\Python3\lib\site-packages\_pytest\main.py&quot;, line 245, in pytest_runtestloop
    item.config.hook.pytest_runtest_protocol(item=item, nextitem=nextitem)
  File &quot;D:\soft\Python3\lib\site-packages\pluggy\hooks.py&quot;, line 284, in __call__
    return self._hookexec(self, self.get_hookimpls(), kwargs)
  File &quot;D:\soft\Python3\lib\site-packages\pluggy\manager.py&quot;, line 67, in _hookexec
    return self._inner_hookexec(hook, methods, kwargs)
  File &quot;D:\soft\Python3\lib\site-packages\pluggy\manager.py&quot;, line 61, in &lt;lambda&gt;
    firstresult=hook.spec.opts.get(&quot;firstresult&quot;) if hook.spec else False,
  File &quot;D:\soft\Python3\lib\site-packages\pluggy\callers.py&quot;, line 187, in _multicall
    res = hook_impl.function(*args)
  File &quot;D:\soft\Python3\lib\site-packages\pytest_rerunfailures.py&quot;, line 175, in pytest_runtest_protocol
    reports = runtestprotocol(item, nextitem=nextitem, log=False)
  File &quot;D:\soft\Python3\lib\site-packages\_pytest\runner.py&quot;, line 92, in runtestprotocol
    reports.append(call_and_report(item, &quot;call&quot;, log))
  File &quot;D:\soft\Python3\lib\site-packages\_pytest\runner.py&quot;, line 172, in call_and_report
    call = call_runtest_hook(item, when, **kwds)
  File &quot;D:\soft\Python3\lib\site-packages\_pytest\runner.py&quot;, line 196, in call_runtest_hook
    treat_keyboard_interrupt_as_exception=item.config.getvalue(&quot;usepdb&quot;),
  File &quot;D:\soft\Python3\lib\site-packages\_pytest\runner.py&quot;, line 212, in __init__
    self.result = func()
  File &quot;D:\soft\Python3\lib\site-packages\_pytest\runner.py&quot;, line 194, in &lt;lambda&gt;
    lambda: ihook(item=item, **kwds),
  File &quot;D:\soft\Python3\lib\site-packages\pluggy\hooks.py&quot;, line 284, in __call__
    return self._hookexec(self, self.get_hookimpls(), kwargs)
  File &quot;D:\soft\Python3\lib\site-packages\pluggy\manager.py&quot;, line 67, in _hookexec
    return self._inner_hookexec(hook, methods, kwargs)
  File &quot;D:\soft\Python3\lib\site-packages\pluggy\manager.py&quot;, line 61, in &lt;lambda&gt;
    firstresult=hook.spec.opts.get(&quot;firstresult&quot;) if hook.spec else False,
  File &quot;D:\soft\Python3\lib\site-packages\pluggy\callers.py&quot;, line 187, in _multicall
    res = hook_impl.function(*args)
  File &quot;D:\soft\Python3\lib\site-packages\_pytest\runner.py&quot;, line 122, in pytest_runtest_call
    item.runtest()
  File &quot;D:\soft\Python3\lib\site-packages\_pytest\python.py&quot;, line 1438, in runtest
    self.ihook.pytest_pyfunc_call(pyfuncitem=self)
  File &quot;D:\soft\Python3\lib\site-packages\pluggy\hooks.py&quot;, line 284, in __call__
    return self._hookexec(self, self.get_hookimpls(), kwargs)
  File &quot;D:\soft\Python3\lib\site-packages\pluggy\manager.py&quot;, line 67, in _hookexec
    return self._inner_hookexec(hook, methods, kwargs)
  File &quot;D:\soft\Python3\lib\site-packages\pluggy\manager.py&quot;, line 61, in &lt;lambda&gt;
    firstresult=hook.spec.opts.get(&quot;firstresult&quot;) if hook.spec else False,
  File &quot;D:\soft\Python3\lib\site-packages\pluggy\callers.py&quot;, line 187, in _multicall
    res = hook_impl.function(*args)
  File &quot;D:\soft\Python3\lib\site-packages\_pytest\python.py&quot;, line 166, in pytest_pyfunc_call
    testfunction(**testargs)
  File &quot;D:\TestScript\web_163_mail\TestCases\test_writeEmail.py&quot;, line 43, in test_send_text_Email_ok
    assert WriteEmailPage(init_writeEnv).get_sendSuccess_msg() == send_textEmail_success[&#x27;expected&#x27;]
  File &quot;D:\TestScript\web_163_mail\PageObject\writeEmail_page.py&quot;, line 41, in get_sendSuccess_msg
    return self.get_text(self.sendEmail_success_msg,model_name=name)
  File &quot;D:\TestScript\web_163_mail\Common\BasePage.py&quot;, line 119, in get_text
    ele = self.find_ele(locator)
  File &quot;D:\TestScript\web_163_mail\Common\BasePage.py&quot;, line 30, in find_ele
    self._get_screenShot(model_name)
  File &quot;D:\TestScript\web_163_mail\Common\BasePage.py&quot;, line 150, in _get_screenShot
    logger.info(&#x27;截图成功，截图为：&#x27;,screen_path)
Message: &#x27;截图成功，截图为：&#x27;
Arguments: (&#x27;D:\\TestScript\\web_163_mail\\ScreenShots\\_20181129_145402.png&#x27;,)
--- Logging error ---
Traceback (most recent call last):
  File &quot;D:\TestScript\web_163_mail\Common\BasePage.py&quot;, line 27, in find_ele
    return self.driver.find_element(*locator)
  File &quot;D:\soft\Python3\lib\site-packages\selenium\webdriver\remote\webdriver.py&quot;, line 978, in find_element
    &#x27;value&#x27;: value})[&#x27;value&#x27;]
  File &quot;D:\soft\Python3\lib\site-packages\selenium\webdriver\remote\webdriver.py&quot;, line 321, in execute
    self.error_handler.check_response(response)
  File &quot;D:\soft\Python3\lib\site-packages\selenium\webdriver\remote\errorhandler.py&quot;, line 242, in check_response
    raise exception_class(message, screen, stacktrace)
selenium.common.exceptions.NoSuchElementException: Message: no such element: Unable to locate element: {&quot;method&quot;:&quot;xpath&quot;,&quot;selector&quot;:&quot;//*[text()=&quot;发送成功&quot;]&quot;}
  (Session info: headless chrome=70.0.3538.110)
  (Driver info: chromedriver=2.43.600210 (68dcf5eebde37173d4027fa8635e332711d2874a),platform=Windows NT 10.0.17134 x86_64)


During handling of the above exception, another exception occurred:

Traceback (most recent call last):
  File &quot;D:\soft\Python3\lib\logging\__init__.py&quot;, line 992, in emit
    msg = self.format(record)
  File &quot;D:\soft\Python3\lib\logging\__init__.py&quot;, line 838, in format
    return fmt.format(record)
  File &quot;D:\soft\Python3\lib\logging\__init__.py&quot;, line 575, in format
    record.message = record.getMessage()
  File &quot;D:\soft\Python3\lib\logging\__init__.py&quot;, line 338, in getMessage
    msg = msg % self.args
TypeError: not all arguments converted during string formatting
Call stack:
  File &quot;D:/TestScript/web_163_mail/run.py&quot;, line 12, in &lt;module&gt;
    pytest.main([&quot;-m&quot;,&quot;smoke&quot;,&quot;--reruns&quot;,&quot;2&quot;,&quot;--html=Reports\\{0}_report.html&quot;.format(time.strftime(&quot;%Y%m%d_%H%M%S&quot;))])
  File &quot;D:\soft\Python3\lib\site-packages\_pytest\config\__init__.py&quot;, line 77, in main
    return config.hook.pytest_cmdline_main(config=config)
  File &quot;D:\soft\Python3\lib\site-packages\pluggy\hooks.py&quot;, line 284, in __call__
    return self._hookexec(self, self.get_hookimpls(), kwargs)
  File &quot;D:\soft\Python3\lib\site-packages\pluggy\manager.py&quot;, line 67, in _hookexec
    return self._inner_hookexec(hook, methods, kwargs)
  File &quot;D:\soft\Python3\lib\site-packages\pluggy\manager.py&quot;, line 61, in &lt;lambda&gt;
    firstresult=hook.spec.opts.get(&quot;firstresult&quot;) if hook.spec else False,
  File &quot;D:\soft\Python3\lib\site-packages\pluggy\callers.py&quot;, line 187, in _multicall
    res = hook_impl.function(*args)
  File &quot;D:\soft\Python3\lib\site-packages\_pytest\main.py&quot;, line 217, in pytest_cmdline_main
    return wrap_session(config, _main)
  File &quot;D:\soft\Python3\lib\site-packages\_pytest\main.py&quot;, line 184, in wrap_session
    session.exitstatus = doit(config, session) or 0
  File &quot;D:\soft\Python3\lib\site-packages\_pytest\main.py&quot;, line 224, in _main
    config.hook.pytest_runtestloop(session=session)
  File &quot;D:\soft\Python3\lib\site-packages\pluggy\hooks.py&quot;, line 284, in __call__
    return self._hookexec(self, self.get_hookimpls(), kwargs)
  File &quot;D:\soft\Python3\lib\site-packages\pluggy\manager.py&quot;, line 67, in _hookexec
    return self._inner_hookexec(hook, methods, kwargs)
  File &quot;D:\soft\Python3\lib\site-packages\pluggy\manager.py&quot;, line 61, in &lt;lambda&gt;
    firstresult=hook.spec.opts.get(&quot;firstresult&quot;) if hook.spec else False,
  File &quot;D:\soft\Python3\lib\site-packages\pluggy\callers.py&quot;, line 187, in _multicall
    res = hook_impl.function(*args)
  File &quot;D:\soft\Python3\lib\site-packages\_pytest\main.py&quot;, line 245, in pytest_runtestloop
    item.config.hook.pytest_runtest_protocol(item=item, nextitem=nextitem)
  File &quot;D:\soft\Python3\lib\site-packages\pluggy\hooks.py&quot;, line 284, in __call__
    return self._hookexec(self, self.get_hookimpls(), kwargs)
  File &quot;D:\soft\Python3\lib\site-packages\pluggy\manager.py&quot;, line 67, in _hookexec
    return self._inner_hookexec(hook, methods, kwargs)
  File &quot;D:\soft\Python3\lib\site-packages\pluggy\manager.py&quot;, line 61, in &lt;lambda&gt;
    firstresult=hook.spec.opts.get(&quot;firstresult&quot;) if hook.spec else False,
  File &quot;D:\soft\Python3\lib\site-packages\pluggy\callers.py&quot;, line 187, in _multicall
    res = hook_impl.function(*args)
  File &quot;D:\soft\Python3\lib\site-packages\pytest_rerunfailures.py&quot;, line 175, in pytest_runtest_protocol
    reports = runtestprotocol(item, nextitem=nextitem, log=False)
  File &quot;D:\soft\Python3\lib\site-packages\_pytest\runner.py&quot;, line 92, in runtestprotocol
    reports.append(call_and_report(item, &quot;call&quot;, log))
  File &quot;D:\soft\Python3\lib\site-packages\_pytest\runner.py&quot;, line 172, in call_and_report
    call = call_runtest_hook(item, when, **kwds)
  File &quot;D:\soft\Python3\lib\site-packages\_pytest\runner.py&quot;, line 196, in call_runtest_hook
    treat_keyboard_interrupt_as_exception=item.config.getvalue(&quot;usepdb&quot;),
  File &quot;D:\soft\Python3\lib\site-packages\_pytest\runner.py&quot;, line 212, in __init__
    self.result = func()
  File &quot;D:\soft\Python3\lib\site-packages\_pytest\runner.py&quot;, line 194, in &lt;lambda&gt;
    lambda: ihook(item=item, **kwds),
  File &quot;D:\soft\Python3\lib\site-packages\pluggy\hooks.py&quot;, line 284, in __call__
    return self._hookexec(self, self.get_hookimpls(), kwargs)
  File &quot;D:\soft\Python3\lib\site-packages\pluggy\manager.py&quot;, line 67, in _hookexec
    return self._inner_hookexec(hook, methods, kwargs)
  File &quot;D:\soft\Python3\lib\site-packages\pluggy\manager.py&quot;, line 61, in &lt;lambda&gt;
    firstresult=hook.spec.opts.get(&quot;firstresult&quot;) if hook.spec else False,
  File &quot;D:\soft\Python3\lib\site-packages\pluggy\callers.py&quot;, line 187, in _multicall
    res = hook_impl.function(*args)
  File &quot;D:\soft\Python3\lib\site-packages\_pytest\runner.py&quot;, line 122, in pytest_runtest_call
    item.runtest()
  File &quot;D:\soft\Python3\lib\site-packages\_pytest\python.py&quot;, line 1438, in runtest
    self.ihook.pytest_pyfunc_call(pyfuncitem=self)
  File &quot;D:\soft\Python3\lib\site-packages\pluggy\hooks.py&quot;, line 284, in __call__
    return self._hookexec(self, self.get_hookimpls(), kwargs)
  File &quot;D:\soft\Python3\lib\site-packages\pluggy\manager.py&quot;, line 67, in _hookexec
    return self._inner_hookexec(hook, methods, kwargs)
  File &quot;D:\soft\Python3\lib\site-packages\pluggy\manager.py&quot;, line 61, in &lt;lambda&gt;
    firstresult=hook.spec.opts.get(&quot;firstresult&quot;) if hook.spec else False,
  File &quot;D:\soft\Python3\lib\site-packages\pluggy\callers.py&quot;, line 187, in _multicall
    res = hook_impl.function(*args)
  File &quot;D:\soft\Python3\lib\site-packages\_pytest\python.py&quot;, line 166, in pytest_pyfunc_call
    testfunction(**testargs)
  File &quot;D:\TestScript\web_163_mail\TestCases\test_writeEmail.py&quot;, line 43, in test_send_text_Email_ok
    assert WriteEmailPage(init_writeEnv).get_sendSuccess_msg() == send_textEmail_success[&#x27;expected&#x27;]
  File &quot;D:\TestScript\web_163_mail\PageObject\writeEmail_page.py&quot;, line 41, in get_sendSuccess_msg
    return self.get_text(self.sendEmail_success_msg,model_name=name)
  File &quot;D:\TestScript\web_163_mail\Common\BasePage.py&quot;, line 119, in get_text
    ele = self.find_ele(locator)
  File &quot;D:\TestScript\web_163_mail\Common\BasePage.py&quot;, line 30, in find_ele
    self._get_screenShot(model_name)
  File &quot;D:\TestScript\web_163_mail\Common\BasePage.py&quot;, line 150, in _get_screenShot
    logger.info(&#x27;截图成功，截图为：&#x27;,screen_path)
  File &quot;D:\soft\Python3\lib\logging\__init__.py&quot;, line 1875, in info
    root.info(msg, *args, **kwargs)
  File &quot;D:\soft\Python3\lib\logging\__init__.py&quot;, line 1306, in info
    self._log(INFO, msg, args, **kwargs)
  File &quot;D:\soft\Python3\lib\logging\__init__.py&quot;, line 1442, in _log
    self.handle(record)
  File &quot;D:\soft\Python3\lib\logging\__init__.py&quot;, line 1452, in handle
    self.callHandlers(record)
  File &quot;D:\soft\Python3\lib\logging\__init__.py&quot;, line 1514, in callHandlers
    hdlr.handle(record)
  File &quot;D:\soft\Python3\lib\logging\__init__.py&quot;, line 863, in handle
    self.emit(record)
  File &quot;D:\soft\Python3\lib\site-packages\_pytest\logging.py&quot;, line 206, in emit
    logging.StreamHandler.emit(self, record)
Message: &#x27;截图成功，截图为：&#x27;
Arguments: (&#x27;D:\\TestScript\\web_163_mail\\ScreenShots\\_20181129_145402.png&#x27;,)
------------------------------ Captured log call -------------------------------<br/>writeEmail_page.py          23 INFO     发送文本信息邮件
BasePage.py                100 INFO     等待中元素可见
BasePage.py                 26 INFO     查找元素_
BasePage.py                 51 INFO     -输入文本
BasePage.py                 26 INFO     查找元素_
BasePage.py                 51 INFO     -输入文本
BasePage.py                 26 INFO     查找元素_
BasePage.py                 91 INFO     等待并且换到iframe-发送文本信息邮件
BasePage.py                 26 INFO     查找元素_
BasePage.py                 51 INFO     -输入文本
BasePage.py                 26 INFO     查找元素_
BasePage.py                 61 INFO     发送文本信息邮件-点击操作
writeEmail_page.py          40 INFO     获取发送邮件成功的提示信息
BasePage.py                 26 INFO     查找元素_
BasePage.py                 29 ERROR    查找元素失败
Traceback (most recent call last):
  File &quot;D:\TestScript\web_163_mail\Common\BasePage.py&quot;, line 27, in find_ele
    return self.driver.find_element(*locator)
  File &quot;D:\soft\Python3\lib\site-packages\selenium\webdriver\remote\webdriver.py&quot;, line 978, in find_element
    &#x27;value&#x27;: value})[&#x27;value&#x27;]
  File &quot;D:\soft\Python3\lib\site-packages\selenium\webdriver\remote\webdriver.py&quot;, line 321, in execute
    self.error_handler.check_response(response)
  File &quot;D:\soft\Python3\lib\site-packages\selenium\webdriver\remote\errorhandler.py&quot;, line 242, in check_response
    raise exception_class(message, screen, stacktrace)
selenium.common.exceptions.NoSuchElementException: Message: no such element: Unable to locate element: {&quot;method&quot;:&quot;xpath&quot;,&quot;selector&quot;:&quot;//*[text()=&quot;发送成功&quot;]&quot;}
  (Session info: headless chrome=70.0.3538.110)
  (Driver info: chromedriver=2.43.600210 (68dcf5eebde37173d4027fa8635e332711d2874a),platform=Windows NT 10.0.17134 x86_64)</div></td></tr></tbody>
      <tbody class="passed results-table-row">
        <tr>
          <td class="col-result">Passed</td>
          <td class="col-name">TestCases/test_index.py::TestIndex::()::test_check_receive_mail_list</td>
          <td class="col-duration">2.14</td>
          <td class="col-links"></td></tr>
        <tr>
          <td class="extra" colspan="4">
            <div class="log">---------------------------- Captured stderr setup -----------------------------<br/> Thu, 29 Nov 2018 14:53:25  INFO BasePage.py find_ele [ line:26 ] 查找元素_
 Thu, 29 Nov 2018 14:53:25  INFO BasePage.py wait_iframe_and_switch_to_it [ line:91 ] 等待并且换到iframe-
 Thu, 29 Nov 2018 14:53:25  INFO BasePage.py wait_eleVisibility [ line:100 ] 等待登录页面-输入用户名密码中元素可见
 Thu, 29 Nov 2018 14:53:25  INFO BasePage.py find_ele [ line:26 ] 查找元素_
 Thu, 29 Nov 2018 14:53:25  INFO BasePage.py move_IntoView [ line:110 ] 将登录页面-输入用户名密码的元素移动到可见区域
 Thu, 29 Nov 2018 14:53:25  INFO BasePage.py find_ele [ line:26 ] 查找元素_登录页面-输入用户名密码
 Thu, 29 Nov 2018 14:53:25  INFO BasePage.py input_keys [ line:51 ] 登录页面-输入用户名密码-输入文本
 Thu, 29 Nov 2018 14:53:25  INFO BasePage.py find_ele [ line:26 ] 查找元素_登录页面-输入用户名密码
 Thu, 29 Nov 2018 14:53:25  INFO BasePage.py input_keys [ line:51 ] 登录页面-输入用户名密码-输入文本
 Thu, 29 Nov 2018 14:53:25  INFO BasePage.py find_ele [ line:26 ] 查找元素_
 Thu, 29 Nov 2018 14:53:25  INFO BasePage.py move_IntoView [ line:110 ] 将登录页面-点击登录button的元素移动到可见区域
 Thu, 29 Nov 2018 14:53:25  INFO BasePage.py find_ele [ line:26 ] 查找元素_
 Thu, 29 Nov 2018 14:53:25  INFO BasePage.py click_ele [ line:61 ] 登录页面-点击登录button-点击操作
------------------------------ Captured log setup ------------------------------<br/>BasePage.py                 26 INFO     查找元素_
BasePage.py                 91 INFO     等待并且换到iframe-
BasePage.py                100 INFO     等待登录页面-输入用户名密码中元素可见
BasePage.py                 26 INFO     查找元素_
BasePage.py                110 INFO     将登录页面-输入用户名密码的元素移动到可见区域
BasePage.py                 26 INFO     查找元素_登录页面-输入用户名密码
BasePage.py                 51 INFO     登录页面-输入用户名密码-输入文本
BasePage.py                 26 INFO     查找元素_登录页面-输入用户名密码
BasePage.py                 51 INFO     登录页面-输入用户名密码-输入文本
BasePage.py                 26 INFO     查找元素_
BasePage.py                110 INFO     将登录页面-点击登录button的元素移动到可见区域
BasePage.py                 26 INFO     查找元素_
BasePage.py                 61 INFO     登录页面-点击登录button-点击操作----------------------------- Captured stderr call -----------------------------<br/> Thu, 29 Nov 2018 14:53:25  INFO test_index.py test_check_receive_mail_list [ line:66 ] 进入收件箱页面，查看收件箱列表
 Thu, 29 Nov 2018 14:53:25  INFO BasePage.py wait_eleVisibility [ line:100 ] 等待获取首页的进入收件箱页面，查看收件箱列表文本信息中元素可见
 Thu, 29 Nov 2018 14:53:27  INFO BasePage.py find_ele [ line:26 ] 查找元素_
 Thu, 29 Nov 2018 14:53:27  INFO BasePage.py move_IntoView [ line:110 ] 将获取首页的进入收件箱页面，查看收件箱列表文本信息的元素移动到可见区域
 Thu, 29 Nov 2018 14:53:27  INFO BasePage.py find_ele [ line:26 ] 查找元素_
 Thu, 29 Nov 2018 14:53:27  INFO BasePage.py get_text [ line:121 ] 获取获取首页的进入收件箱页面，查看收件箱列表文本信息文本信息
------------------------------ Captured log call -------------------------------<br/>test_index.py               66 INFO     进入收件箱页面，查看收件箱列表
BasePage.py                100 INFO     等待获取首页的进入收件箱页面，查看收件箱列表文本信息中元素可见
BasePage.py                 26 INFO     查找元素_
BasePage.py                110 INFO     将获取首页的进入收件箱页面，查看收件箱列表文本信息的元素移动到可见区域
BasePage.py                 26 INFO     查找元素_
BasePage.py                121 INFO     获取获取首页的进入收件箱页面，查看收件箱列表文本信息文本信息</div></td></tr></tbody>
      <tbody class="passed results-table-row">
        <tr>
          <td class="col-result">Passed</td>
          <td class="col-name">TestCases/test_login.py::TestLogin::()::test_login_success</td>
          <td class="col-duration">4.05</td>
          <td class="col-links"></td></tr>
        <tr>
          <td class="extra" colspan="4">
            <div class="log">---------------------------- Captured stderr setup -----------------------------<br/> Thu, 29 Nov 2018 14:53:34  INFO BasePage.py find_ele [ line:26 ] 查找元素_
 Thu, 29 Nov 2018 14:53:34  INFO BasePage.py wait_iframe_and_switch_to_it [ line:91 ] 等待并且换到iframe-切换到登录iframe
------------------------------ Captured log setup ------------------------------<br/>BasePage.py                 26 INFO     查找元素_
BasePage.py                 91 INFO     等待并且换到iframe-切换到登录iframe----------------------------- Captured stderr call -----------------------------<br/> Thu, 29 Nov 2018 14:53:34  INFO BasePage.py wait_eleVisibility [ line:100 ] 等待登录页面-输入用户名密码中元素可见
 Thu, 29 Nov 2018 14:53:34  INFO BasePage.py find_ele [ line:26 ] 查找元素_
 Thu, 29 Nov 2018 14:53:34  INFO BasePage.py move_IntoView [ line:110 ] 将登录页面-输入用户名密码的元素移动到可见区域
 Thu, 29 Nov 2018 14:53:34  INFO BasePage.py find_ele [ line:26 ] 查找元素_登录页面-输入用户名密码
 Thu, 29 Nov 2018 14:53:34  INFO BasePage.py input_keys [ line:51 ] 登录页面-输入用户名密码-输入文本
 Thu, 29 Nov 2018 14:53:34  INFO BasePage.py find_ele [ line:26 ] 查找元素_登录页面-输入用户名密码
 Thu, 29 Nov 2018 14:53:34  INFO BasePage.py input_keys [ line:51 ] 登录页面-输入用户名密码-输入文本
 Thu, 29 Nov 2018 14:53:34  INFO BasePage.py find_ele [ line:26 ] 查找元素_
 Thu, 29 Nov 2018 14:53:34  INFO BasePage.py move_IntoView [ line:110 ] 将登录页面-点击登录button的元素移动到可见区域
 Thu, 29 Nov 2018 14:53:34  INFO BasePage.py find_ele [ line:26 ] 查找元素_
 Thu, 29 Nov 2018 14:53:34  INFO BasePage.py click_ele [ line:61 ] 登录页面-点击登录button-点击操作
 Thu, 29 Nov 2018 14:53:35  INFO BasePage.py wait_eleVisibility [ line:100 ] 等待index页面用户昵称中元素可见
 Thu, 29 Nov 2018 14:53:38  INFO BasePage.py find_ele [ line:26 ] 查找元素_
 Thu, 29 Nov 2018 14:53:38  INFO BasePage.py move_IntoView [ line:110 ] 将index页面用户昵称的元素移动到可见区域
 Thu, 29 Nov 2018 14:53:38  INFO BasePage.py find_ele [ line:26 ] 查找元素_
 Thu, 29 Nov 2018 14:53:38  INFO BasePage.py get_text [ line:121 ] 获取index页面用户昵称文本信息
------------------------------ Captured log call -------------------------------<br/>BasePage.py                100 INFO     等待登录页面-输入用户名密码中元素可见
BasePage.py                 26 INFO     查找元素_
BasePage.py                110 INFO     将登录页面-输入用户名密码的元素移动到可见区域
BasePage.py                 26 INFO     查找元素_登录页面-输入用户名密码
BasePage.py                 51 INFO     登录页面-输入用户名密码-输入文本
BasePage.py                 26 INFO     查找元素_登录页面-输入用户名密码
BasePage.py                 51 INFO     登录页面-输入用户名密码-输入文本
BasePage.py                 26 INFO     查找元素_
BasePage.py                110 INFO     将登录页面-点击登录button的元素移动到可见区域
BasePage.py                 26 INFO     查找元素_
BasePage.py                 61 INFO     登录页面-点击登录button-点击操作
BasePage.py                100 INFO     等待index页面用户昵称中元素可见
BasePage.py                 26 INFO     查找元素_
BasePage.py                110 INFO     将index页面用户昵称的元素移动到可见区域
BasePage.py                 26 INFO     查找元素_
BasePage.py                121 INFO     获取index页面用户昵称文本信息</div></td></tr></tbody></table></body></html>